# JRE version: OpenJDK Runtime Environment Temurin-21.0.5+11 (21.0.5+11) (build 21.0.5+11-LTS)
# Java VM: OpenJDK 64-Bit Server VM Temurin-21.0.5+11 (21.0.5+11-LTS, mixed mode, sharing, tiered, compressed oops, compressed class ptrs, parallel gc, linux-amd64)
GC Precious Log:
 CardTable entry size: 512
 CPUs: 2 total, 2 available
 Memory: 2835M
 Large Page Support: Disabled
 NUMA Support: Disabled
 Compressed Oops: Enabled (32-bit)
 Alignments: Space 512K, Generation 512K, Heap 2M
 Heap Min Capacity: 100M
 Heap Initial Capacity: 100M
 Heap Max Capacity: 1G
 Pre-touch: Disabled
 Parallel Workers: 2
Heap:
 PSYoungGen      total 9216K, used 8753K [0x00000000eab00000, 0x00000000eb880000, 0x0000000100000000)
  eden space 5632K, 98% used [0x00000000eab00000,0x00000000eb06d708,0x00000000eb080000)
  from space 3584K, 89% used [0x00000000eb500000,0x00000000eb81f018,0x00000000eb880000)
  to   space 4096K, 0% used [0x00000000eb080000,0x00000000eb080000,0x00000000eb480000)
 ParOldGen       total 582656K, used 582423K [0x00000000c0000000, 0x00000000e3900000, 0x00000000eab00000)
  object space 582656K, 99% used [0x00000000c0000000,0x00000000e38c5d68,0x00000000e3900000)
 Metaspace       used 80365K, committed 81920K, reserved 1179648K
  class space    used 7919K, committed 8640K, reserved 1048576K
GC Heap History (20 events):
Event: 4713.762 GC heap before
{Heap before GC invocations=738 (full 4):
 PSYoungGen      total 7680K, used 7408K [0x00000000eab00000, 0x00000000eb500000, 0x0000000100000000)
  eden space 7168K, 100% used [0x00000000eab00000,0x00000000eb200000,0x00000000eb200000)
  from space 512K, 46% used [0x00000000eb480000,0x00000000eb4bc030,0x00000000eb500000)
  to   space 512K, 0% used [0x00000000eb400000,0x00000000eb400000,0x00000000eb480000)
 ParOldGen       total 560640K, used 560316K [0x00000000c0000000, 0x00000000e2380000, 0x00000000eab00000)
  object space 560640K, 99% used [0x00000000c0000000,0x00000000e232f290,0x00000000e2380000)
 Metaspace       used 80276K, committed 81792K, reserved 1179648K
  class space    used 7915K, committed 8640K, reserved 1048576K
}
Event: 4713.834 GC heap after
{Heap after GC invocations=738 (full 4):
 PSYoungGen      total 7680K, used 503K [0x00000000eab00000, 0x00000000ebd00000, 0x0000000100000000)
  eden space 7168K, 0% used [0x00000000eab00000,0x00000000eab00000,0x00000000eb200000)
  from space 512K, 98% used [0x00000000eb400000,0x00000000eb47dc58,0x00000000eb480000)
  to   space 5632K, 0% used [0x00000000eb780000,0x00000000eb780000,0x00000000ebd00000)
 ParOldGen       total 564736K, used 564298K [0x00000000c0000000, 0x00000000e2780000, 0x00000000eab00000)
  object space 564736K, 99% used [0x00000000c0000000,0x00000000e2712828,0x00000000e2780000)
 Metaspace       used 80276K, committed 81792K, reserved 1179648K
  class space    used 7915K, committed 8640K, reserved 1048576K
}
Event: 4714.063 GC heap before
{Heap before GC invocations=739 (full 4):
 PSYoungGen      total 7680K, used 7671K [0x00000000eab00000, 0x00000000ebd00000, 0x0000000100000000)
  eden space 7168K, 100% used [0x00000000eab00000,0x00000000eb200000,0x00000000eb200000)
  from space 512K, 98% used [0x00000000eb400000,0x00000000eb47dc58,0x00000000eb480000)
  to   space 5632K, 0% used [0x00000000eb780000,0x00000000eb780000,0x00000000ebd00000)
 ParOldGen       total 564736K, used 564298K [0x00000000c0000000, 0x00000000e2780000, 0x00000000eab00000)
  object space 564736K, 99% used [0x00000000c0000000,0x00000000e2712828,0x00000000e2780000)
 Metaspace       used 80290K, committed 81792K, reserved 1179648K
  class space    used 7917K, committed 8640K, reserved 1048576K
}
Event: 4714.305 GC heap after
{Heap after GC invocations=739 (full 4):
 PSYoungGen      total 12800K, used 5106K [0x00000000eab00000, 0x00000000ebd00000, 0x0000000100000000)
  eden space 7168K, 0% used [0x00000000eab00000,0x00000000eab00000,0x00000000eb200000)
  from space 5632K, 90% used [0x00000000eb780000,0x00000000ebc7c838,0x00000000ebd00000)
  to   space 5632K, 0% used [0x00000000eb200000,0x00000000eb200000,0x00000000eb780000)
 ParOldGen       total 565248K, used 564809K [0x00000000c0000000, 0x00000000e2800000, 0x00000000eab00000)
  object space 565248K, 99% used [0x00000000c0000000,0x00000000e2792480,0x00000000e2800000)
 Metaspace       used 80290K, committed 81792K, reserved 1179648K
  class space    used 7917K, committed 8640K, reserved 1048576K
}
Event: 4714.714 GC heap before
{Heap before GC invocations=740 (full 4):
 PSYoungGen      total 12800K, used 12274K [0x00000000eab00000, 0x00000000ebd00000, 0x0000000100000000)
  eden space 7168K, 100% used [0x00000000eab00000,0x00000000eb200000,0x00000000eb200000)
  from space 5632K, 90% used [0x00000000eb780000,0x00000000ebc7c838,0x00000000ebd00000)
  to   space 5632K, 0% used [0x00000000eb200000,0x00000000eb200000,0x00000000eb780000)
 ParOldGen       total 565248K, used 564809K [0x00000000c0000000, 0x00000000e2800000, 0x00000000eab00000)
  object space 565248K, 99% used [0x00000000c0000000,0x00000000e2792480,0x00000000e2800000)
 Metaspace       used 80297K, committed 81792K, reserved 1179648K
  class space    used 7917K, committed 8640K, reserved 1048576K
}
Event: 4714.838 GC heap after
{Heap after GC invocations=740 (full 4):
 PSYoungGen      total 8704K, used 1504K [0x00000000eab00000, 0x00000000eb980000, 0x0000000100000000)
  eden space 7168K, 0% used [0x00000000eab00000,0x00000000eab00000,0x00000000eb200000)
  from space 1536K, 97% used [0x00000000eb200000,0x00000000eb378020,0x00000000eb380000)
  to   space 3072K, 0% used [0x00000000eb680000,0x00000000eb680000,0x00000000eb980000)
 ParOldGen       total 570368K, used 570037K [0x00000000c0000000, 0x00000000e2d00000, 0x00000000eab00000)
  object space 570368K, 99% used [0x00000000c0000000,0x00000000e2cad5c8,0x00000000e2d00000)
 Metaspace       used 80297K, committed 81792K, reserved 1179648K
  class space    used 7917K, committed 8640K, reserved 1048576K
}
Event: 4715.240 GC heap before
{Heap before GC invocations=741 (full 4):
 PSYoungGen      total 8704K, used 8672K [0x00000000eab00000, 0x00000000eb980000, 0x0000000100000000)
  eden space 7168K, 100% used [0x00000000eab00000,0x00000000eb200000,0x00000000eb200000)
  from space 1536K, 97% used [0x00000000eb200000,0x00000000eb378020,0x00000000eb380000)
  to   space 3072K, 0% used [0x00000000eb680000,0x00000000eb680000,0x00000000eb980000)
 ParOldGen       total 570368K, used 570037K [0x00000000c0000000, 0x00000000e2d00000, 0x00000000eab00000)
  object space 570368K, 99% used [0x00000000c0000000,0x00000000e2cad5c8,0x00000000e2d00000)
 Metaspace       used 80309K, committed 81856K, reserved 1179648K
  class space    used 7917K, committed 8640K, reserved 1048576K
}
Event: 4715.348 GC heap after
{Heap after GC invocations=741 (full 4):
 PSYoungGen      total 7680K, used 3056K [0x00000000eab00000, 0x00000000ec180000, 0x0000000100000000)
  eden space 4608K, 0% used [0x00000000eab00000,0x00000000eab00000,0x00000000eaf80000)
  from space 3072K, 99% used [0x00000000eb680000,0x00000000eb97c0e0,0x00000000eb980000)
  to   space 7168K, 0% used [0x00000000eaf80000,0x00000000eaf80000,0x00000000eb680000)
 ParOldGen       total 573440K, used 573275K [0x00000000c0000000, 0x00000000e3000000, 0x00000000eab00000)
  object space 573440K, 99% used [0x00000000c0000000,0x00000000e2fd6f08,0x00000000e3000000)
 Metaspace       used 80309K, committed 81856K, reserved 1179648K
  class space    used 7917K, committed 8640K, reserved 1048576K
}
Event: 4716.270 GC heap before
{Heap before GC invocations=742 (full 4):
 PSYoungGen      total 7680K, used 7664K [0x00000000eab00000, 0x00000000ec180000, 0x0000000100000000)
  eden space 4608K, 99% used [0x00000000eab00000,0x00000000eaf7ffe8,0x00000000eaf80000)
  from space 3072K, 99% used [0x00000000eb680000,0x00000000eb97c0e0,0x00000000eb980000)
  to   space 7168K, 0% used [0x00000000eaf80000,0x00000000eaf80000,0x00000000eb680000)
 ParOldGen       total 573440K, used 573275K [0x00000000c0000000, 0x00000000e3000000, 0x00000000eab00000)
  object space 573440K, 99% used [0x00000000c0000000,0x00000000e2fd6f08,0x00000000e3000000)
 Metaspace       used 80336K, committed 81920K, reserved 1179648K
  class space    used 7919K, committed 8640K, reserved 1048576K
}
Event: 4716.334 GC heap after
{Heap after GC invocations=742 (full 4):
 PSYoungGen      total 5120K, used 224K [0x00000000eab00000, 0x00000000eb700000, 0x0000000100000000)
  eden space 4608K, 0% used [0x00000000eab00000,0x00000000eab00000,0x00000000eaf80000)
  from space 512K, 43% used [0x00000000eaf80000,0x00000000eafb8000,0x00000000eb000000)
  to   space 2560K, 0% used [0x00000000eb480000,0x00000000eb480000,0x00000000eb700000)
 ParOldGen       total 576512K, used 576195K [0x00000000c0000000, 0x00000000e3300000, 0x00000000eab00000)
  object space 576512K, 99% used [0x00000000c0000000,0x00000000e32b0ff8,0x00000000e3300000)
 Metaspace       used 80336K, committed 81920K, reserved 1179648K
  class space    used 7919K, committed 8640K, reserved 1048576K
}
Event: 4718.031 GC heap before
{Heap before GC invocations=743 (full 4):
 PSYoungGen      total 5120K, used 4832K [0x00000000eab00000, 0x00000000eb700000, 0x0000000100000000)
  eden space 4608K, 100% used [0x00000000eab00000,0x00000000eaf80000,0x00000000eaf80000)
  from space 512K, 43% used [0x00000000eaf80000,0x00000000eafb8000,0x00000000eb000000)
  to   space 2560K, 0% used [0x00000000eb480000,0x00000000eb480000,0x00000000eb700000)
 ParOldGen       total 576512K, used 576195K [0x00000000c0000000, 0x00000000e3300000, 0x00000000eab00000)
  object space 576512K, 99% used [0x00000000c0000000,0x00000000e32b0ff8,0x00000000e3300000)
 Metaspace       used 80353K, committed 81920K, reserved 1179648K
  class space    used 7919K, committed 8640K, reserved 1048576K
}
Event: 4718.063 GC heap after
{Heap after GC invocations=743 (full 4):
 PSYoungGen      total 6144K, used 1104K [0x00000000eab00000, 0x00000000eb600000, 0x0000000100000000)
  eden space 4608K, 0% used [0x00000000eab00000,0x00000000eab00000,0x00000000eaf80000)
  from space 1536K, 71% used [0x00000000eb480000,0x00000000eb594050,0x00000000eb600000)
  to   space 1536K, 0% used [0x00000000eb300000,0x00000000eb300000,0x00000000eb480000)
 ParOldGen       total 576512K, used 576323K [0x00000000c0000000, 0x00000000e3300000, 0x00000000eab00000)
  object space 576512K, 99% used [0x00000000c0000000,0x00000000e32d0ff8,0x00000000e3300000)
 Metaspace       used 80353K, committed 81920K, reserved 1179648K
  class space    used 7919K, committed 8640K, reserved 1048576K
}
Event: 4718.570 GC heap before
{Heap before GC invocations=744 (full 4):
 PSYoungGen      total 6144K, used 5712K [0x00000000eab00000, 0x00000000eb600000, 0x0000000100000000)
  eden space 4608K, 99% used [0x00000000eab00000,0x00000000eaf7ffd8,0x00000000eaf80000)
  from space 1536K, 71% used [0x00000000eb480000,0x00000000eb594050,0x00000000eb600000)
  to   space 1536K, 0% used [0x00000000eb300000,0x00000000eb300000,0x00000000eb480000)
 ParOldGen       total 576512K, used 576323K [0x00000000c0000000, 0x00000000e3300000, 0x00000000eab00000)
  object space 576512K, 99% used [0x00000000c0000000,0x00000000e32d0ff8,0x00000000e3300000)
 Metaspace       used 80357K, committed 81920K, reserved 1179648K
  class space    used 7919K, committed 8640K, reserved 1048576K
}
Event: 4718.617 GC heap after
{Heap after GC invocations=744 (full 4):
 PSYoungGen      total 5632K, used 896K [0x00000000eab00000, 0x00000000eb500000, 0x0000000100000000)
  eden space 4608K, 0% used [0x00000000eab00000,0x00000000eab00000,0x00000000eaf80000)
  from space 1024K, 87% used [0x00000000eb300000,0x00000000eb3e0000,0x00000000eb400000)
  to   space 1024K, 0% used [0x00000000eb400000,0x00000000eb400000,0x00000000eb500000)
 ParOldGen       total 577536K, used 577350K [0x00000000c0000000, 0x00000000e3400000, 0x00000000eab00000)
  object space 577536K, 99% used [0x00000000c0000000,0x00000000e33d1928,0x00000000e3400000)
 Metaspace       used 80357K, committed 81920K, reserved 1179648K
  class space    used 7919K, committed 8640K, reserved 1048576K
}
Event: 4719.105 GC heap before
{Heap before GC invocations=745 (full 4):
 PSYoungGen      total 5632K, used 5504K [0x00000000eab00000, 0x00000000eb500000, 0x0000000100000000)
  eden space 4608K, 100% used [0x00000000eab00000,0x00000000eaf80000,0x00000000eaf80000)
  from space 1024K, 87% used [0x00000000eb300000,0x00000000eb3e0000,0x00000000eb400000)
  to   space 1024K, 0% used [0x00000000eb400000,0x00000000eb400000,0x00000000eb500000)
 ParOldGen       total 577536K, used 577350K [0x00000000c0000000, 0x00000000e3400000, 0x00000000eab00000)
  object space 577536K, 99% used [0x00000000c0000000,0x00000000e33d1928,0x00000000e3400000)
 Metaspace       used 80364K, committed 81920K, reserved 1179648K
  class space    used 7919K, committed 8640K, reserved 1048576K
}
Event: 4719.126 GC heap after
{Heap after GC invocations=745 (full 4):
 PSYoungGen      total 5632K, used 1015K [0x00000000eab00000, 0x00000000eb500000, 0x0000000100000000)
  eden space 4608K, 0% used [0x00000000eab00000,0x00000000eab00000,0x00000000eaf80000)
  from space 1024K, 99% used [0x00000000eb400000,0x00000000eb4fdc58,0x00000000eb500000)
  to   space 1536K, 0% used [0x00000000eb200000,0x00000000eb200000,0x00000000eb380000)
 ParOldGen       total 578048K, used 577733K [0x00000000c0000000, 0x00000000e3480000, 0x00000000eab00000)
  object space 578048K, 99% used [0x00000000c0000000,0x00000000e3431580,0x00000000e3480000)
 Metaspace       used 80364K, committed 81920K, reserved 1179648K
  class space    used 7919K, committed 8640K, reserved 1048576K
}
Event: 4719.246 GC heap before
{Heap before GC invocations=746 (full 4):
 PSYoungGen      total 5632K, used 5623K [0x00000000eab00000, 0x00000000eb500000, 0x0000000100000000)
  eden space 4608K, 100% used [0x00000000eab00000,0x00000000eaf80000,0x00000000eaf80000)
  from space 1024K, 99% used [0x00000000eb400000,0x00000000eb4fdc58,0x00000000eb500000)
  to   space 1536K, 0% used [0x00000000eb200000,0x00000000eb200000,0x00000000eb380000)
 ParOldGen       total 578048K, used 577733K [0x00000000c0000000, 0x00000000e3480000, 0x00000000eab00000)
  object space 578048K, 99% used [0x00000000c0000000,0x00000000e3431580,0x00000000e3480000)
 Metaspace       used 80365K, committed 81920K, reserved 1179648K
  class space    used 7919K, committed 8640K, reserved 1048576K
}
Event: 4719.352 GC heap after
{Heap after GC invocations=746 (full 4):
 PSYoungGen      total 6144K, used 1506K [0x00000000eab00000, 0x00000000eba80000, 0x0000000100000000)
  eden space 4608K, 0% used [0x00000000eab00000,0x00000000eab00000,0x00000000eaf80000)
  from space 1536K, 98% used [0x00000000eb200000,0x00000000eb378b80,0x00000000eb380000)
  to   space 5632K, 0% used [0x00000000eb500000,0x00000000eb500000,0x00000000eba80000)
 ParOldGen       total 581120K, used 580908K [0x00000000c0000000, 0x00000000e3780000, 0x00000000eab00000)
  object space 581120K, 99% used [0x00000000c0000000,0x00000000e374b1d8,0x00000000e3780000)
 Metaspace       used 80365K, committed 81920K, reserved 1179648K
  class space    used 7919K, committed 8640K, reserved 1048576K
}
Event: 4719.503 GC heap before
{Heap before GC invocations=747 (full 4):
 PSYoungGen      total 6144K, used 6114K [0x00000000eab00000, 0x00000000eba80000, 0x0000000100000000)
  eden space 4608K, 100% used [0x00000000eab00000,0x00000000eaf80000,0x00000000eaf80000)
  from space 1536K, 98% used [0x00000000eb200000,0x00000000eb378b80,0x00000000eb380000)
  to   space 5632K, 0% used [0x00000000eb500000,0x00000000eb500000,0x00000000eba80000)
 ParOldGen       total 581120K, used 580908K [0x00000000c0000000, 0x00000000e3780000, 0x00000000eab00000)
  object space 581120K, 99% used [0x00000000c0000000,0x00000000e374b1d8,0x00000000e3780000)
 Metaspace       used 80365K, committed 81920K, reserved 1179648K
  class space    used 7919K, committed 8640K, reserved 1048576K
}
Event: 4719.575 GC heap after
{Heap after GC invocations=747 (full 4):
 PSYoungGen      total 9216K, used 3196K [0x00000000eab00000, 0x00000000eb880000, 0x0000000100000000)
  eden space 5632K, 0% used [0x00000000eab00000,0x00000000eab00000,0x00000000eb080000)
  from space 3584K, 89% used [0x00000000eb500000,0x00000000eb81f018,0x00000000eb880000)
  to   space 4096K, 0% used [0x00000000eb080000,0x00000000eb080000,0x00000000eb480000)
 ParOldGen       total 582656K, used 582423K [0x00000000c0000000, 0x00000000e3900000, 0x00000000eab00000)
  object space 582656K, 99% used [0x00000000c0000000,0x00000000e38c5d68,0x00000000e3900000)
 Metaspace       used 80365K, committed 81920K, reserved 1179648K
  class space    used 7919K, committed 8640K, reserved 1048576K
}

