# JRE version: OpenJDK Runtime Environment Temurin-21.0.5+11 (21.0.5+11) (build 21.0.5+11-LTS)
# Java VM: OpenJDK 64-Bit Server VM Temurin-21.0.5+11 (21.0.5+11-LTS, mixed mode, sharing, tiered, compressed oops, compressed class ptrs, parallel gc, linux-amd64)
GC Precious Log:
 CardTable entry size: 512
 CPUs: 2 total, 2 available
 Memory: 2835M
 Large Page Support: Disabled
 NUMA Support: Disabled
 Compressed Oops: Enabled (32-bit)
 Alignments: Space 512K, Generation 512K, Heap 2M
 Heap Min Capacity: 100M
 Heap Initial Capacity: 100M
 Heap Max Capacity: 1G
 Pre-touch: Disabled
 Parallel Workers: 2
Heap:
 PSYoungGen      total 6656K, used 6432K [0x00000000eab00000, 0x00000000eb400000, 0x0000000100000000)
  eden space 5120K, 100% used [0x00000000eab00000,0x00000000eb000000,0x00000000eb000000)
  from space 1536K, 85% used [0x00000000eb180000,0x00000000eb2c8000,0x00000000eb300000)
  to   space 1536K, 0% used [0x00000000eb000000,0x00000000eb000000,0x00000000eb180000)
 ParOldGen       total 479744K, used 479458K [0x00000000c0000000, 0x00000000dd480000, 0x00000000eab00000)
  object space 479744K, 99% used [0x00000000c0000000,0x00000000dd438860,0x00000000dd480000)
 Metaspace       used 70200K, committed 71680K, reserved 1114112K
  class space    used 7332K, committed 7936K, reserved 1048576K
GC Heap History (20 events):
Event: 442.351 GC heap before
{Heap before GC invocations=398 (full 4):
 PSYoungGen      total 3072K, used 2656K [0x00000000eab00000, 0x00000000eb100000, 0x0000000100000000)
  eden space 2560K, 100% used [0x00000000eab00000,0x00000000ead80000,0x00000000ead80000)
  from space 512K, 18% used [0x00000000eb080000,0x00000000eb098000,0x00000000eb100000)
  to   space 1024K, 0% used [0x00000000eaf00000,0x00000000eaf00000,0x00000000eb000000)
 ParOldGen       total 470016K, used 469950K [0x00000000c0000000, 0x00000000dcb00000, 0x00000000eab00000)
  object space 470016K, 99% used [0x00000000c0000000,0x00000000dcaef8a0,0x00000000dcb00000)
 Metaspace       used 69793K, committed 71296K, reserved 1114112K
  class space    used 7299K, committed 7936K, reserved 1048576K
}
Event: 442.418 GC heap after
{Heap after GC invocations=398 (full 4):
 PSYoungGen      total 3584K, used 928K [0x00000000eab00000, 0x00000000eb100000, 0x0000000100000000)
  eden space 2560K, 0% used [0x00000000eab00000,0x00000000eab00000,0x00000000ead80000)
  from space 1024K, 90% used [0x00000000eaf00000,0x00000000eafe8000,0x00000000eb000000)
  to   space 1024K, 0% used [0x00000000eb000000,0x00000000eb000000,0x00000000eb100000)
 ParOldGen       total 470528K, used 470016K [0x00000000c0000000, 0x00000000dcb80000, 0x00000000eab00000)
  object space 470528K, 99% used [0x00000000c0000000,0x00000000dcb001a0,0x00000000dcb80000)
 Metaspace       used 69793K, committed 71296K, reserved 1114112K
  class space    used 7299K, committed 7936K, reserved 1048576K
}
Event: 443.005 GC heap before
{Heap before GC invocations=399 (full 4):
 PSYoungGen      total 3584K, used 3487K [0x00000000eab00000, 0x00000000eb100000, 0x0000000100000000)
  eden space 2560K, 99% used [0x00000000eab00000,0x00000000ead7fff8,0x00000000ead80000)
  from space 1024K, 90% used [0x00000000eaf00000,0x00000000eafe8000,0x00000000eb000000)
  to   space 1024K, 0% used [0x00000000eb000000,0x00000000eb000000,0x00000000eb100000)
 ParOldGen       total 470528K, used 470016K [0x00000000c0000000, 0x00000000dcb80000, 0x00000000eab00000)
  object space 470528K, 99% used [0x00000000c0000000,0x00000000dcb001a0,0x00000000dcb80000)
 Metaspace       used 69833K, committed 71360K, reserved 1114112K
  class space    used 7300K, committed 7936K, reserved 1048576K
}
Event: 443.104 GC heap after
{Heap after GC invocations=399 (full 4):
 PSYoungGen      total 3072K, used 352K [0x00000000eab00000, 0x00000000eb080000, 0x0000000100000000)
  eden space 2560K, 0% used [0x00000000eab00000,0x00000000eab00000,0x00000000ead80000)
  from space 512K, 68% used [0x00000000eb000000,0x00000000eb058020,0x00000000eb080000)
  to   space 1024K, 0% used [0x00000000eae80000,0x00000000eae80000,0x00000000eaf80000)
 ParOldGen       total 471040K, used 470904K [0x00000000c0000000, 0x00000000dcc00000, 0x00000000eab00000)
  object space 471040K, 99% used [0x00000000c0000000,0x00000000dcbde1b0,0x00000000dcc00000)
 Metaspace       used 69833K, committed 71360K, reserved 1114112K
  class space    used 7300K, committed 7936K, reserved 1048576K
}
Event: 443.344 GC heap before
{Heap before GC invocations=400 (full 4):
 PSYoungGen      total 3072K, used 2912K [0x00000000eab00000, 0x00000000eb080000, 0x0000000100000000)
  eden space 2560K, 100% used [0x00000000eab00000,0x00000000ead80000,0x00000000ead80000)
  from space 512K, 68% used [0x00000000eb000000,0x00000000eb058020,0x00000000eb080000)
  to   space 1024K, 0% used [0x00000000eae80000,0x00000000eae80000,0x00000000eaf80000)
 ParOldGen       total 471040K, used 470904K [0x00000000c0000000, 0x00000000dcc00000, 0x00000000eab00000)
  object space 471040K, 99% used [0x00000000c0000000,0x00000000dcbde1b0,0x00000000dcc00000)
 Metaspace       used 69835K, committed 71360K, reserved 1114112K
  class space    used 7301K, committed 7936K, reserved 1048576K
}
Event: 443.410 GC heap after
{Heap after GC invocations=400 (full 4):
 PSYoungGen      total 3584K, used 992K [0x00000000eab00000, 0x00000000eb180000, 0x0000000100000000)
  eden space 2560K, 0% used [0x00000000eab00000,0x00000000eab00000,0x00000000ead80000)
  from space 1024K, 96% used [0x00000000eae80000,0x00000000eaf78050,0x00000000eaf80000)
  to   space 2048K, 0% used [0x00000000eaf80000,0x00000000eaf80000,0x00000000eb180000)
 ParOldGen       total 471552K, used 471449K [0x00000000c0000000, 0x00000000dcc80000, 0x00000000eab00000)
  object space 471552K, 99% used [0x00000000c0000000,0x00000000dcc66660,0x00000000dcc80000)
 Metaspace       used 69835K, committed 71360K, reserved 1114112K
  class space    used 7301K, committed 7936K, reserved 1048576K
}
Event: 443.634 GC heap before
{Heap before GC invocations=401 (full 4):
 PSYoungGen      total 3584K, used 3552K [0x00000000eab00000, 0x00000000eb180000, 0x0000000100000000)
  eden space 2560K, 100% used [0x00000000eab00000,0x00000000ead80000,0x00000000ead80000)
  from space 1024K, 96% used [0x00000000eae80000,0x00000000eaf78050,0x00000000eaf80000)
  to   space 2048K, 0% used [0x00000000eaf80000,0x00000000eaf80000,0x00000000eb180000)
 ParOldGen       total 471552K, used 471449K [0x00000000c0000000, 0x00000000dcc80000, 0x00000000eab00000)
  object space 471552K, 99% used [0x00000000c0000000,0x00000000dcc66660,0x00000000dcc80000)
 Metaspace       used 69908K, committed 71424K, reserved 1114112K
  class space    used 7307K, committed 7936K, reserved 1048576K
}
Event: 443.675 GC heap after
{Heap after GC invocations=401 (full 4):
 PSYoungGen      total 4096K, used 1088K [0x00000000eab00000, 0x00000000eb100000, 0x0000000100000000)
  eden space 2560K, 0% used [0x00000000eab00000,0x00000000eab00000,0x00000000ead80000)
  from space 1536K, 70% used [0x00000000eaf80000,0x00000000eb090300,0x00000000eb100000)
  to   space 1536K, 0% used [0x00000000eae00000,0x00000000eae00000,0x00000000eaf80000)
 ParOldGen       total 472576K, used 472314K [0x00000000c0000000, 0x00000000dcd80000, 0x00000000eab00000)
  object space 472576K, 99% used [0x00000000c0000000,0x00000000dcd3e8b0,0x00000000dcd80000)
 Metaspace       used 69908K, committed 71424K, reserved 1114112K
  class space    used 7307K, committed 7936K, reserved 1048576K
}
Event: 443.822 GC heap before
{Heap before GC invocations=402 (full 4):
 PSYoungGen      total 4096K, used 3522K [0x00000000eab00000, 0x00000000eb100000, 0x0000000100000000)
  eden space 2560K, 95% used [0x00000000eab00000,0x00000000ead607b8,0x00000000ead80000)
  from space 1536K, 70% used [0x00000000eaf80000,0x00000000eb090300,0x00000000eb100000)
  to   space 1536K, 0% used [0x00000000eae00000,0x00000000eae00000,0x00000000eaf80000)
 ParOldGen       total 472576K, used 472314K [0x00000000c0000000, 0x00000000dcd80000, 0x00000000eab00000)
  object space 472576K, 99% used [0x00000000c0000000,0x00000000dcd3e8b0,0x00000000dcd80000)
 Metaspace       used 69992K, committed 71488K, reserved 1114112K
  class space    used 7313K, committed 7936K, reserved 1048576K
}
Event: 443.936 GC heap after
{Heap after GC invocations=402 (full 4):
 PSYoungGen      total 4608K, used 1184K [0x00000000eab00000, 0x00000000eb100000, 0x0000000100000000)
  eden space 3072K, 0% used [0x00000000eab00000,0x00000000eab00000,0x00000000eae00000)
  from space 1536K, 77% used [0x00000000eae00000,0x00000000eaf28300,0x00000000eaf80000)
  to   space 1536K, 0% used [0x00000000eaf80000,0x00000000eaf80000,0x00000000eb100000)
 ParOldGen       total 473600K, used 473383K [0x00000000c0000000, 0x00000000dce80000, 0x00000000eab00000)
  object space 473600K, 99% used [0x00000000c0000000,0x00000000dce49d08,0x00000000dce80000)
 Metaspace       used 69992K, committed 71488K, reserved 1114112K
  class space    used 7313K, committed 7936K, reserved 1048576K
}
Event: 444.318 GC heap before
{Heap before GC invocations=403 (full 4):
 PSYoungGen      total 4608K, used 4256K [0x00000000eab00000, 0x00000000eb100000, 0x0000000100000000)
  eden space 3072K, 100% used [0x00000000eab00000,0x00000000eae00000,0x00000000eae00000)
  from space 1536K, 77% used [0x00000000eae00000,0x00000000eaf28300,0x00000000eaf80000)
  to   space 1536K, 0% used [0x00000000eaf80000,0x00000000eaf80000,0x00000000eb100000)
 ParOldGen       total 473600K, used 473383K [0x00000000c0000000, 0x00000000dce80000, 0x00000000eab00000)
  object space 473600K, 99% used [0x00000000c0000000,0x00000000dce49d08,0x00000000dce80000)
 Metaspace       used 70041K, committed 71488K, reserved 1114112K
  class space    used 7320K, committed 7936K, reserved 1048576K
}
Event: 444.445 GC heap after
{Heap after GC invocations=403 (full 4):
 PSYoungGen      total 4608K, used 1232K [0x00000000eab00000, 0x00000000eb200000, 0x0000000100000000)
  eden space 3072K, 0% used [0x00000000eab00000,0x00000000eab00000,0x00000000eae00000)
  from space 1536K, 80% used [0x00000000eaf80000,0x00000000eb0b4210,0x00000000eb100000)
  to   space 1536K, 0% used [0x00000000eae00000,0x00000000eae00000,0x00000000eaf80000)
 ParOldGen       total 475136K, used 474512K [0x00000000c0000000, 0x00000000dd000000, 0x00000000eab00000)
  object space 475136K, 99% used [0x00000000c0000000,0x00000000dcf64008,0x00000000dd000000)
 Metaspace       used 70041K, committed 71488K, reserved 1114112K
  class space    used 7320K, committed 7936K, reserved 1048576K
}
Event: 444.719 GC heap before
{Heap before GC invocations=404 (full 4):
 PSYoungGen      total 4608K, used 4221K [0x00000000eab00000, 0x00000000eb200000, 0x0000000100000000)
  eden space 3072K, 97% used [0x00000000eab00000,0x00000000eadeb4f8,0x00000000eae00000)
  from space 1536K, 80% used [0x00000000eaf80000,0x00000000eb0b4210,0x00000000eb100000)
  to   space 1536K, 0% used [0x00000000eae00000,0x00000000eae00000,0x00000000eaf80000)
 ParOldGen       total 475136K, used 474512K [0x00000000c0000000, 0x00000000dd000000, 0x00000000eab00000)
  object space 475136K, 99% used [0x00000000c0000000,0x00000000dcf64008,0x00000000dd000000)
 Metaspace       used 70041K, committed 71488K, reserved 1114112K
  class space    used 7320K, committed 7936K, reserved 1048576K
}
Event: 444.888 GC heap after
{Heap after GC invocations=404 (full 4):
 PSYoungGen      total 4608K, used 1523K [0x00000000eab00000, 0x00000000eb600000, 0x0000000100000000)
  eden space 3072K, 0% used [0x00000000eab00000,0x00000000eab00000,0x00000000eae00000)
  from space 1536K, 99% used [0x00000000eae00000,0x00000000eaf7ce10,0x00000000eaf80000)
  to   space 3584K, 0% used [0x00000000eb280000,0x00000000eb280000,0x00000000eb600000)
 ParOldGen       total 476160K, used 475916K [0x00000000c0000000, 0x00000000dd100000, 0x00000000eab00000)
  object space 476160K, 99% used [0x00000000c0000000,0x00000000dd0c3280,0x00000000dd100000)
 Metaspace       used 70041K, committed 71488K, reserved 1114112K
  class space    used 7320K, committed 7936K, reserved 1048576K
}
Event: 445.295 GC heap before
{Heap before GC invocations=405 (full 4):
 PSYoungGen      total 4608K, used 4595K [0x00000000eab00000, 0x00000000eb600000, 0x0000000100000000)
  eden space 3072K, 100% used [0x00000000eab00000,0x00000000eae00000,0x00000000eae00000)
  from space 1536K, 99% used [0x00000000eae00000,0x00000000eaf7ce10,0x00000000eaf80000)
  to   space 3584K, 0% used [0x00000000eb280000,0x00000000eb280000,0x00000000eb600000)
 ParOldGen       total 476160K, used 475916K [0x00000000c0000000, 0x00000000dd100000, 0x00000000eab00000)
  object space 476160K, 99% used [0x00000000c0000000,0x00000000dd0c3280,0x00000000dd100000)
 Metaspace       used 70050K, committed 71552K, reserved 1114112K
  class space    used 7320K, committed 7936K, reserved 1048576K
}
Event: 445.442 GC heap after
{Heap after GC invocations=405 (full 4):
 PSYoungGen      total 5632K, used 1378K [0x00000000eab00000, 0x00000000eb400000, 0x0000000100000000)
  eden space 4096K, 0% used [0x00000000eab00000,0x00000000eab00000,0x00000000eaf00000)
  from space 1536K, 89% used [0x00000000eb280000,0x00000000eb3d8978,0x00000000eb400000)
  to   space 2048K, 0% used [0x00000000eb000000,0x00000000eb000000,0x00000000eb200000)
 ParOldGen       total 477184K, used 477155K [0x00000000c0000000, 0x00000000dd200000, 0x00000000eab00000)
  object space 477184K, 99% used [0x00000000c0000000,0x00000000dd1f8eb0,0x00000000dd200000)
 Metaspace       used 70050K, committed 71552K, reserved 1114112K
  class space    used 7320K, committed 7936K, reserved 1048576K
}
Event: 446.023 GC heap before
{Heap before GC invocations=406 (full 4):
 PSYoungGen      total 5632K, used 5474K [0x00000000eab00000, 0x00000000eb400000, 0x0000000100000000)
  eden space 4096K, 100% used [0x00000000eab00000,0x00000000eaf00000,0x00000000eaf00000)
  from space 1536K, 89% used [0x00000000eb280000,0x00000000eb3d8978,0x00000000eb400000)
  to   space 2048K, 0% used [0x00000000eb000000,0x00000000eb000000,0x00000000eb200000)
 ParOldGen       total 477184K, used 477155K [0x00000000c0000000, 0x00000000dd200000, 0x00000000eab00000)
  object space 477184K, 99% used [0x00000000c0000000,0x00000000dd1f8eb0,0x00000000dd200000)
 Metaspace       used 70055K, committed 71552K, reserved 1114112K
  class space    used 7320K, committed 7936K, reserved 1048576K
}
Event: 446.205 GC heap after
{Heap after GC invocations=406 (full 4):
 PSYoungGen      total 6656K, used 1199K [0x00000000eab00000, 0x00000000eb300000, 0x0000000100000000)
  eden space 5120K, 0% used [0x00000000eab00000,0x00000000eab00000,0x00000000eb000000)
  from space 1536K, 78% used [0x00000000eb000000,0x00000000eb12bd58,0x00000000eb180000)
  to   space 1536K, 0% used [0x00000000eb180000,0x00000000eb180000,0x00000000eb300000)
 ParOldGen       total 478720K, used 478370K [0x00000000c0000000, 0x00000000dd380000, 0x00000000eab00000)
  object space 478720K, 99% used [0x00000000c0000000,0x00000000dd328860,0x00000000dd380000)
 Metaspace       used 70055K, committed 71552K, reserved 1114112K
  class space    used 7320K, committed 7936K, reserved 1048576K
}
Event: 447.080 GC heap before
{Heap before GC invocations=407 (full 4):
 PSYoungGen      total 6656K, used 6319K [0x00000000eab00000, 0x00000000eb300000, 0x0000000100000000)
  eden space 5120K, 100% used [0x00000000eab00000,0x00000000eb000000,0x00000000eb000000)
  from space 1536K, 78% used [0x00000000eb000000,0x00000000eb12bd58,0x00000000eb180000)
  to   space 1536K, 0% used [0x00000000eb180000,0x00000000eb180000,0x00000000eb300000)
 ParOldGen       total 478720K, used 478370K [0x00000000c0000000, 0x00000000dd380000, 0x00000000eab00000)
  object space 478720K, 99% used [0x00000000c0000000,0x00000000dd328860,0x00000000dd380000)
 Metaspace       used 70158K, committed 71616K, reserved 1114112K
  class space    used 7328K, committed 7936K, reserved 1048576K
}
Event: 447.199 GC heap after
{Heap after GC invocations=407 (full 4):
 PSYoungGen      total 6656K, used 1312K [0x00000000eab00000, 0x00000000eb400000, 0x0000000100000000)
  eden space 5120K, 0% used [0x00000000eab00000,0x00000000eab00000,0x00000000eb000000)
  from space 1536K, 85% used [0x00000000eb180000,0x00000000eb2c8000,0x00000000eb300000)
  to   space 1536K, 0% used [0x00000000eb000000,0x00000000eb000000,0x00000000eb180000)
 ParOldGen       total 479744K, used 479458K [0x00000000c0000000, 0x00000000dd480000, 0x00000000eab00000)
  object space 479744K, 99% used [0x00000000c0000000,0x00000000dd438860,0x00000000dd480000)
 Metaspace       used 70158K, committed 71616K, reserved 1114112K
  class space    used 7328K, committed 7936K, reserved 1048576K
}

