# JRE version: OpenJDK Runtime Environment Temurin-21.0.5+11 (21.0.5+11) (build 21.0.5+11-LTS)
# Java VM: OpenJDK 64-Bit Server VM Temurin-21.0.5+11 (21.0.5+11-LTS, mixed mode, sharing, tiered, compressed oops, compressed class ptrs, parallel gc, linux-amd64)
GC Precious Log:
 CardTable entry size: 512
 CPUs: 2 total, 2 available
 Memory: 2835M
 Large Page Support: Disabled
 NUMA Support: Disabled
 Compressed Oops: Enabled (32-bit)
 Alignments: Space 512K, Generation 512K, Heap 2M
 Heap Min Capacity: 100M
 Heap Initial Capacity: 100M
 Heap Max Capacity: 1G
 Pre-touch: Disabled
 Parallel Workers: 2
Heap:
 PSYoungGen      total 6144K, used 6116K [0x00000000eab00000, 0x00000000ec400000, 0x0000000100000000)
  eden space 5120K, 100% used [0x00000000eab00000,0x00000000eb000000,0x00000000eb000000)
  from space 1024K, 97% used [0x00000000eb800000,0x00000000eb8f9120,0x00000000eb900000)
  to   space 8192K, 25% used [0x00000000eb000000,0x00000000eb20e6c8,0x00000000eb800000)
 ParOldGen       total 626176K, used 626021K [0x00000000c0000000, 0x00000000e6380000, 0x00000000eab00000)
  object space 626176K, 99% used [0x00000000c0000000,0x00000000e6359570,0x00000000e6380000)
 Metaspace       used 79938K, committed 81536K, reserved 1179648K
  class space    used 7898K, committed 8576K, reserved 1048576K
GC Heap History (20 events):
Event: 609.831 GC heap after
{Heap after GC invocations=848 (full 4):
 PSYoungGen      total 11776K, used 2542K [0x00000000eab00000, 0x00000000ec400000, 0x0000000100000000)
  eden space 9216K, 0% used [0x00000000eab00000,0x00000000eab00000,0x00000000eb400000)
  from space 2560K, 99% used [0x00000000eb600000,0x00000000eb87b8c0,0x00000000eb880000)
  to   space 8192K, 0% used [0x00000000ebc00000,0x00000000ebc00000,0x00000000ec400000)
 ParOldGen       total 608256K, used 608015K [0x00000000c0000000, 0x00000000e5200000, 0x00000000eab00000)
  object space 608256K, 99% used [0x00000000c0000000,0x00000000e51c3ea0,0x00000000e5200000)
 Metaspace       used 79774K, committed 81408K, reserved 1179648K
  class space    used 7893K, committed 8576K, reserved 1048576K
}
Event: 610.207 GC heap before
{Heap before GC invocations=849 (full 4):
 PSYoungGen      total 11776K, used 11758K [0x00000000eab00000, 0x00000000ec400000, 0x0000000100000000)
  eden space 9216K, 100% used [0x00000000eab00000,0x00000000eb400000,0x00000000eb400000)
  from space 2560K, 99% used [0x00000000eb600000,0x00000000eb87b8c0,0x00000000eb880000)
  to   space 8192K, 0% used [0x00000000ebc00000,0x00000000ebc00000,0x00000000ec400000)
 ParOldGen       total 608256K, used 608015K [0x00000000c0000000, 0x00000000e5200000, 0x00000000eab00000)
  object space 608256K, 99% used [0x00000000c0000000,0x00000000e51c3ea0,0x00000000e5200000)
 Metaspace       used 79780K, committed 81408K, reserved 1179648K
  class space    used 7893K, committed 8576K, reserved 1048576K
}
Event: 610.326 GC heap after
{Heap after GC invocations=849 (full 4):
 PSYoungGen      total 12800K, used 3488K [0x00000000eab00000, 0x00000000ebf80000, 0x0000000100000000)
  eden space 9216K, 0% used [0x00000000eab00000,0x00000000eab00000,0x00000000eb400000)
  from space 3584K, 97% used [0x00000000ebc00000,0x00000000ebf68170,0x00000000ebf80000)
  to   space 5120K, 0% used [0x00000000eb580000,0x00000000eb580000,0x00000000eba80000)
 ParOldGen       total 609280K, used 609207K [0x00000000c0000000, 0x00000000e5300000, 0x00000000eab00000)
  object space 609280K, 99% used [0x00000000c0000000,0x00000000e52edea0,0x00000000e5300000)
 Metaspace       used 79780K, committed 81408K, reserved 1179648K
  class space    used 7893K, committed 8576K, reserved 1048576K
}
Event: 611.021 GC heap before
{Heap before GC invocations=850 (full 4):
 PSYoungGen      total 12800K, used 12704K [0x00000000eab00000, 0x00000000ebf80000, 0x0000000100000000)
  eden space 9216K, 100% used [0x00000000eab00000,0x00000000eb400000,0x00000000eb400000)
  from space 3584K, 97% used [0x00000000ebc00000,0x00000000ebf68170,0x00000000ebf80000)
  to   space 5120K, 0% used [0x00000000eb580000,0x00000000eb580000,0x00000000eba80000)
 ParOldGen       total 609280K, used 609207K [0x00000000c0000000, 0x00000000e5300000, 0x00000000eab00000)
  object space 609280K, 99% used [0x00000000c0000000,0x00000000e52edea0,0x00000000e5300000)
 Metaspace       used 79790K, committed 81408K, reserved 1179648K
  class space    used 7893K, committed 8576K, reserved 1048576K
}
Event: 611.130 GC heap after
{Heap after GC invocations=850 (full 4):
 PSYoungGen      total 13312K, used 4076K [0x00000000eab00000, 0x00000000ebd00000, 0x0000000100000000)
  eden space 9216K, 0% used [0x00000000eab00000,0x00000000eab00000,0x00000000eb400000)
  from space 4096K, 99% used [0x00000000eb580000,0x00000000eb97b0c0,0x00000000eb980000)
  to   space 3584K, 0% used [0x00000000eb980000,0x00000000eb980000,0x00000000ebd00000)
 ParOldGen       total 611328K, used 611167K [0x00000000c0000000, 0x00000000e5500000, 0x00000000eab00000)
  object space 611328K, 99% used [0x00000000c0000000,0x00000000e54d7ea0,0x00000000e5500000)
 Metaspace       used 79790K, committed 81408K, reserved 1179648K
  class space    used 7893K, committed 8576K, reserved 1048576K
}
Event: 613.804 GC heap before
{Heap before GC invocations=851 (full 4):
 PSYoungGen      total 13312K, used 13292K [0x00000000eab00000, 0x00000000ebd00000, 0x0000000100000000)
  eden space 9216K, 100% used [0x00000000eab00000,0x00000000eb400000,0x00000000eb400000)
  from space 4096K, 99% used [0x00000000eb580000,0x00000000eb97b0c0,0x00000000eb980000)
  to   space 3584K, 0% used [0x00000000eb980000,0x00000000eb980000,0x00000000ebd00000)
 ParOldGen       total 611328K, used 611167K [0x00000000c0000000, 0x00000000e5500000, 0x00000000eab00000)
  object space 611328K, 99% used [0x00000000c0000000,0x00000000e54d7ea0,0x00000000e5500000)
 Metaspace       used 79795K, committed 81408K, reserved 1179648K
  class space    used 7893K, committed 8576K, reserved 1048576K
}
Event: 613.846 GC heap after
{Heap after GC invocations=851 (full 4):
 PSYoungGen      total 10752K, used 1376K [0x00000000eab00000, 0x00000000ebb00000, 0x0000000100000000)
  eden space 9216K, 0% used [0x00000000eab00000,0x00000000eab00000,0x00000000eb400000)
  from space 1536K, 89% used [0x00000000eb980000,0x00000000ebad8000,0x00000000ebb00000)
  to   space 2560K, 0% used [0x00000000eb600000,0x00000000eb600000,0x00000000eb880000)
 ParOldGen       total 615424K, used 615027K [0x00000000c0000000, 0x00000000e5900000, 0x00000000eab00000)
  object space 615424K, 99% used [0x00000000c0000000,0x00000000e589cf60,0x00000000e5900000)
 Metaspace       used 79795K, committed 81408K, reserved 1179648K
  class space    used 7893K, committed 8576K, reserved 1048576K
}
Event: 1053.671 GC heap before
{Heap before GC invocations=852 (full 4):
 PSYoungGen      total 10752K, used 10592K [0x00000000eab00000, 0x00000000ebb00000, 0x0000000100000000)
  eden space 9216K, 100% used [0x00000000eab00000,0x00000000eb400000,0x00000000eb400000)
  from space 1536K, 89% used [0x00000000eb980000,0x00000000ebad8000,0x00000000ebb00000)
  to   space 2560K, 0% used [0x00000000eb600000,0x00000000eb600000,0x00000000eb880000)
 ParOldGen       total 615424K, used 615027K [0x00000000c0000000, 0x00000000e5900000, 0x00000000eab00000)
  object space 615424K, 99% used [0x00000000c0000000,0x00000000e589cf60,0x00000000e5900000)
 Metaspace       used 79857K, committed 81472K, reserved 1179648K
  class space    used 7895K, committed 8576K, reserved 1048576K
}
Event: 1054.626 GC heap after
{Heap after GC invocations=852 (full 4):
 PSYoungGen      total 11776K, used 416K [0x00000000eab00000, 0x00000000eba00000, 0x0000000100000000)
  eden space 9216K, 0% used [0x00000000eab00000,0x00000000eab00000,0x00000000eb400000)
  from space 2560K, 16% used [0x00000000eb600000,0x00000000eb668040,0x00000000eb880000)
  to   space 1024K, 0% used [0x00000000eb900000,0x00000000eb900000,0x00000000eba00000)
 ParOldGen       total 616448K, used 616299K [0x00000000c0000000, 0x00000000e5a00000, 0x00000000eab00000)
  object space 616448K, 99% used [0x00000000c0000000,0x00000000e59daf60,0x00000000e5a00000)
 Metaspace       used 79857K, committed 81472K, reserved 1179648K
  class space    used 7895K, committed 8576K, reserved 1048576K
}
Event: 1057.803 GC heap before
{Heap before GC invocations=853 (full 4):
 PSYoungGen      total 11776K, used 9632K [0x00000000eab00000, 0x00000000eba00000, 0x0000000100000000)
  eden space 9216K, 100% used [0x00000000eab00000,0x00000000eb400000,0x00000000eb400000)
  from space 2560K, 16% used [0x00000000eb600000,0x00000000eb668040,0x00000000eb880000)
  to   space 1024K, 0% used [0x00000000eb900000,0x00000000eb900000,0x00000000eba00000)
 ParOldGen       total 616448K, used 616299K [0x00000000c0000000, 0x00000000e5a00000, 0x00000000eab00000)
  object space 616448K, 99% used [0x00000000c0000000,0x00000000e59daf60,0x00000000e5a00000)
 Metaspace       used 79866K, committed 81472K, reserved 1179648K
  class space    used 7895K, committed 8576K, reserved 1048576K
}
Event: 1057.881 GC heap after
{Heap after GC invocations=853 (full 4):
 PSYoungGen      total 10240K, used 1024K [0x00000000eab00000, 0x00000000eba00000, 0x0000000100000000)
  eden space 9216K, 0% used [0x00000000eab00000,0x00000000eab00000,0x00000000eb400000)
  from space 1024K, 100% used [0x00000000eb900000,0x00000000eba00000,0x00000000eba00000)
  to   space 1536K, 0% used [0x00000000eb700000,0x00000000eb700000,0x00000000eb880000)
 ParOldGen       total 616960K, used 616603K [0x00000000c0000000, 0x00000000e5a80000, 0x00000000eab00000)
  object space 616960K, 99% used [0x00000000c0000000,0x00000000e5a26f90,0x00000000e5a80000)
 Metaspace       used 79866K, committed 81472K, reserved 1179648K
  class space    used 7895K, committed 8576K, reserved 1048576K
}
Event: 1060.219 GC heap before
{Heap before GC invocations=854 (full 4):
 PSYoungGen      total 10240K, used 10240K [0x00000000eab00000, 0x00000000eba00000, 0x0000000100000000)
  eden space 9216K, 100% used [0x00000000eab00000,0x00000000eb400000,0x00000000eb400000)
  from space 1024K, 100% used [0x00000000eb900000,0x00000000eba00000,0x00000000eba00000)
  to   space 1536K, 0% used [0x00000000eb700000,0x00000000eb700000,0x00000000eb880000)
 ParOldGen       total 616960K, used 616603K [0x00000000c0000000, 0x00000000e5a80000, 0x00000000eab00000)
  object space 616960K, 99% used [0x00000000c0000000,0x00000000e5a26f90,0x00000000e5a80000)
 Metaspace       used 79892K, committed 81472K, reserved 1179648K
  class space    used 7898K, committed 8576K, reserved 1048576K
}
Event: 1060.461 GC heap after
{Heap after GC invocations=854 (full 4):
 PSYoungGen      total 10752K, used 1520K [0x00000000eab00000, 0x00000000eb980000, 0x0000000100000000)
  eden space 9216K, 0% used [0x00000000eab00000,0x00000000eab00000,0x00000000eb400000)
  from space 1536K, 98% used [0x00000000eb700000,0x00000000eb87c030,0x00000000eb880000)
  to   space 1024K, 0% used [0x00000000eb880000,0x00000000eb880000,0x00000000eb980000)
 ParOldGen       total 617984K, used 617584K [0x00000000c0000000, 0x00000000e5b80000, 0x00000000eab00000)
  object space 617984K, 99% used [0x00000000c0000000,0x00000000e5b1c190,0x00000000e5b80000)
 Metaspace       used 79892K, committed 81472K, reserved 1179648K
  class space    used 7898K, committed 8576K, reserved 1048576K
}
Event: 1063.193 GC heap before
{Heap before GC invocations=855 (full 4):
 PSYoungGen      total 10752K, used 10736K [0x00000000eab00000, 0x00000000eb980000, 0x0000000100000000)
  eden space 9216K, 100% used [0x00000000eab00000,0x00000000eb400000,0x00000000eb400000)
  from space 1536K, 98% used [0x00000000eb700000,0x00000000eb87c030,0x00000000eb880000)
  to   space 1024K, 0% used [0x00000000eb880000,0x00000000eb880000,0x00000000eb980000)
 ParOldGen       total 617984K, used 617584K [0x00000000c0000000, 0x00000000e5b80000, 0x00000000eab00000)
  object space 617984K, 99% used [0x00000000c0000000,0x00000000e5b1c190,0x00000000e5b80000)
 Metaspace       used 79901K, committed 81536K, reserved 1179648K
  class space    used 7898K, committed 8576K, reserved 1048576K
}
Event: 1063.259 GC heap after
{Heap after GC invocations=855 (full 4):
 PSYoungGen      total 10240K, used 992K [0x00000000eab00000, 0x00000000eb980000, 0x0000000100000000)
  eden space 9216K, 0% used [0x00000000eab00000,0x00000000eab00000,0x00000000eb400000)
  from space 1024K, 96% used [0x00000000eb880000,0x00000000eb978040,0x00000000eb980000)
  to   space 1536K, 0% used [0x00000000eb680000,0x00000000eb680000,0x00000000eb800000)
 ParOldGen       total 618496K, used 618016K [0x00000000c0000000, 0x00000000e5c00000, 0x00000000eab00000)
  object space 618496K, 99% used [0x00000000c0000000,0x00000000e5b88190,0x00000000e5c00000)
 Metaspace       used 79901K, committed 81536K, reserved 1179648K
  class space    used 7898K, committed 8576K, reserved 1048576K
}
Event: 1064.408 GC heap before
{Heap before GC invocations=856 (full 4):
 PSYoungGen      total 10240K, used 10208K [0x00000000eab00000, 0x00000000eb980000, 0x0000000100000000)
  eden space 9216K, 99% used [0x00000000eab00000,0x00000000eb3ffff8,0x00000000eb400000)
  from space 1024K, 96% used [0x00000000eb880000,0x00000000eb978040,0x00000000eb980000)
  to   space 1536K, 0% used [0x00000000eb680000,0x00000000eb680000,0x00000000eb800000)
 ParOldGen       total 618496K, used 618016K [0x00000000c0000000, 0x00000000e5c00000, 0x00000000eab00000)
  object space 618496K, 99% used [0x00000000c0000000,0x00000000e5b88190,0x00000000e5c00000)
 Metaspace       used 79925K, committed 81536K, reserved 1179648K
  class space    used 7898K, committed 8576K, reserved 1048576K
}
Event: 1064.457 GC heap after
{Heap after GC invocations=856 (full 4):
 PSYoungGen      total 10752K, used 64K [0x00000000eab00000, 0x00000000eb900000, 0x0000000100000000)
  eden space 9216K, 0% used [0x00000000eab00000,0x00000000eab00000,0x00000000eb400000)
  from space 1536K, 4% used [0x00000000eb680000,0x00000000eb690000,0x00000000eb800000)
  to   space 1024K, 0% used [0x00000000eb800000,0x00000000eb800000,0x00000000eb900000)
 ParOldGen       total 619008K, used 618998K [0x00000000c0000000, 0x00000000e5c80000, 0x00000000eab00000)
  object space 619008K, 99% used [0x00000000c0000000,0x00000000e5c7db00,0x00000000e5c80000)
 Metaspace       used 79925K, committed 81536K, reserved 1179648K
  class space    used 7898K, committed 8576K, reserved 1048576K
}
Event: 1065.026 GC heap before
{Heap before GC invocations=857 (full 4):
 PSYoungGen      total 10752K, used 9280K [0x00000000eab00000, 0x00000000eb900000, 0x0000000100000000)
  eden space 9216K, 100% used [0x00000000eab00000,0x00000000eb400000,0x00000000eb400000)
  from space 1536K, 4% used [0x00000000eb680000,0x00000000eb690000,0x00000000eb800000)
  to   space 1024K, 0% used [0x00000000eb800000,0x00000000eb800000,0x00000000eb900000)
 ParOldGen       total 619008K, used 618998K [0x00000000c0000000, 0x00000000e5c80000, 0x00000000eab00000)
  object space 619008K, 99% used [0x00000000c0000000,0x00000000e5c7db00,0x00000000e5c80000)
 Metaspace       used 79929K, committed 81536K, reserved 1179648K
  class space    used 7898K, committed 8576K, reserved 1048576K
}
Event: 1065.185 GC heap after
{Heap after GC invocations=857 (full 4):
 PSYoungGen      total 6144K, used 996K [0x00000000eab00000, 0x00000000ec400000, 0x0000000100000000)
  eden space 5120K, 0% used [0x00000000eab00000,0x00000000eab00000,0x00000000eb000000)
  from space 1024K, 97% used [0x00000000eb800000,0x00000000eb8f9120,0x00000000eb900000)
  to   space 8192K, 0% used [0x00000000eb000000,0x00000000eb000000,0x00000000eb800000)
 ParOldGen       total 625152K, used 624817K [0x00000000c0000000, 0x00000000e6280000, 0x00000000eab00000)
  object space 625152K, 99% used [0x00000000c0000000,0x00000000e622c7b0,0x00000000e6280000)
 Metaspace       used 79929K, committed 81536K, reserved 1179648K
  class space    used 7898K, committed 8576K, reserved 1048576K
}
Event: 1065.408 GC heap before
{Heap before GC invocations=858 (full 4):
 PSYoungGen      total 6144K, used 6116K [0x00000000eab00000, 0x00000000ec400000, 0x0000000100000000)
  eden space 5120K, 100% used [0x00000000eab00000,0x00000000eb000000,0x00000000eb000000)
  from space 1024K, 97% used [0x00000000eb800000,0x00000000eb8f9120,0x00000000eb900000)
  to   space 8192K, 0% used [0x00000000eb000000,0x00000000eb000000,0x00000000eb800000)
 ParOldGen       total 625152K, used 624817K [0x00000000c0000000, 0x00000000e6280000, 0x00000000eab00000)
  object space 625152K, 99% used [0x00000000c0000000,0x00000000e622c7b0,0x00000000e6280000)
 Metaspace       used 79938K, committed 81536K, reserved 1179648K
  class space    used 7898K, committed 8576K, reserved 1048576K
}

