# JRE version: OpenJDK Runtime Environment Temurin-21.0.6+7 (21.0.6+7) (build 21.0.6+7-LTS)
# Java VM: OpenJDK 64-Bit Server VM Temurin-21.0.6+7 (21.0.6+7-LTS, mixed mode, sharing, tiered, compressed oops, compressed class ptrs, parallel gc, linux-amd64)
GC Precious Log:
 CardTable entry size: 512
 CPUs: 2 total, 2 available
 Memory: 2835M
 Large Page Support: Disabled
 NUMA Support: Disabled
 Compressed Oops: Enabled (32-bit)
 Alignments: Space 512K, Generation 512K, Heap 2M
 Heap Min Capacity: 100M
 Heap Initial Capacity: 100M
 Heap Max Capacity: 1G
 Pre-touch: Disabled
 Parallel Workers: 2
Heap:
 PSYoungGen      total 12288K, used 12000K [0x00000000eab00000, 0x00000000ebf00000, 0x0000000100000000)
  eden space 9216K, 100% used [0x00000000eab00000,0x00000000eb400000,0x00000000eb400000)
  from space 3072K, 90% used [0x00000000ebc00000,0x00000000ebeb8030,0x00000000ebf00000)
  to   space 4608K, 0% used [0x00000000eb600000,0x00000000eb600000,0x00000000eba80000)
 ParOldGen       total 696320K, used 696254K [0x00000000c0000000, 0x00000000ea800000, 0x00000000eab00000)
  object space 696320K, 99% used [0x00000000c0000000,0x00000000ea7efb58,0x00000000ea800000)
 Metaspace       used 90080K, committed 91648K, reserved 1179648K
  class space    used 8654K, committed 9408K, reserved 1048576K
GC Heap History (20 events):
Event: 5608.242 GC heap after
{Heap after GC invocations=1970 (full 7):
 PSYoungGen      total 15360K, used 2548K [0x00000000eab00000, 0x00000000ec980000, 0x0000000100000000)
  eden space 12800K, 0% used [0x00000000eab00000,0x00000000eab00000,0x00000000eb780000)
  from space 2560K, 99% used [0x00000000eba80000,0x00000000ebcfd0a8,0x00000000ebd00000)
  to   space 9216K, 0% used [0x00000000ec080000,0x00000000ec080000,0x00000000ec980000)
 ParOldGen       total 671744K, used 671244K [0x00000000c0000000, 0x00000000e9000000, 0x00000000eab00000)
  object space 671744K, 99% used [0x00000000c0000000,0x00000000e8f83290,0x00000000e9000000)
 Metaspace       used 90046K, committed 91584K, reserved 1179648K
  class space    used 8653K, committed 9408K, reserved 1048576K
}
Event: 5609.199 GC heap before
{Heap before GC invocations=1971 (full 7):
 PSYoungGen      total 15360K, used 15348K [0x00000000eab00000, 0x00000000ec980000, 0x0000000100000000)
  eden space 12800K, 99% used [0x00000000eab00000,0x00000000eb77ffb0,0x00000000eb780000)
  from space 2560K, 99% used [0x00000000eba80000,0x00000000ebcfd0a8,0x00000000ebd00000)
  to   space 9216K, 0% used [0x00000000ec080000,0x00000000ec080000,0x00000000ec980000)
 ParOldGen       total 671744K, used 671244K [0x00000000c0000000, 0x00000000e9000000, 0x00000000eab00000)
  object space 671744K, 99% used [0x00000000c0000000,0x00000000e8f83290,0x00000000e9000000)
 Metaspace       used 90048K, committed 91584K, reserved 1179648K
  class space    used 8653K, committed 9408K, reserved 1048576K
}
Event: 5609.346 GC heap after
{Heap after GC invocations=1971 (full 7):
 PSYoungGen      total 15872K, used 2716K [0x00000000eab00000, 0x00000000ec380000, 0x0000000100000000)
  eden space 12800K, 0% used [0x00000000eab00000,0x00000000eab00000,0x00000000eb780000)
  from space 3072K, 88% used [0x00000000ec080000,0x00000000ec3273c0,0x00000000ec380000)
  to   space 4608K, 0% used [0x00000000eba80000,0x00000000eba80000,0x00000000ebf00000)
 ParOldGen       total 671744K, used 671260K [0x00000000c0000000, 0x00000000e9000000, 0x00000000eab00000)
  object space 671744K, 99% used [0x00000000c0000000,0x00000000e8f87290,0x00000000e9000000)
 Metaspace       used 90048K, committed 91584K, reserved 1179648K
  class space    used 8653K, committed 9408K, reserved 1048576K
}
Event: 5611.398 GC heap before
{Heap before GC invocations=1972 (full 7):
 PSYoungGen      total 15872K, used 15516K [0x00000000eab00000, 0x00000000ec380000, 0x0000000100000000)
  eden space 12800K, 100% used [0x00000000eab00000,0x00000000eb780000,0x00000000eb780000)
  from space 3072K, 88% used [0x00000000ec080000,0x00000000ec3273c0,0x00000000ec380000)
  to   space 4608K, 0% used [0x00000000eba80000,0x00000000eba80000,0x00000000ebf00000)
 ParOldGen       total 671744K, used 671260K [0x00000000c0000000, 0x00000000e9000000, 0x00000000eab00000)
  object space 671744K, 99% used [0x00000000c0000000,0x00000000e8f87290,0x00000000e9000000)
 Metaspace       used 90049K, committed 91584K, reserved 1179648K
  class space    used 8653K, committed 9408K, reserved 1048576K
}
Event: 5611.540 GC heap after
{Heap after GC invocations=1972 (full 7):
 PSYoungGen      total 16896K, used 3744K [0x00000000eab00000, 0x00000000ec100000, 0x0000000100000000)
  eden space 12800K, 0% used [0x00000000eab00000,0x00000000eab00000,0x00000000eb780000)
  from space 4096K, 91% used [0x00000000eba80000,0x00000000ebe28000,0x00000000ebe80000)
  to   space 2560K, 0% used [0x00000000ebe80000,0x00000000ebe80000,0x00000000ec100000)
 ParOldGen       total 673280K, used 673193K [0x00000000c0000000, 0x00000000e9180000, 0x00000000eab00000)
  object space 673280K, 99% used [0x00000000c0000000,0x00000000e916a610,0x00000000e9180000)
 Metaspace       used 90049K, committed 91584K, reserved 1179648K
  class space    used 8653K, committed 9408K, reserved 1048576K
}
Event: 5614.929 GC heap before
{Heap before GC invocations=1973 (full 7):
 PSYoungGen      total 16896K, used 16544K [0x00000000eab00000, 0x00000000ec100000, 0x0000000100000000)
  eden space 12800K, 100% used [0x00000000eab00000,0x00000000eb780000,0x00000000eb780000)
  from space 4096K, 91% used [0x00000000eba80000,0x00000000ebe28000,0x00000000ebe80000)
  to   space 2560K, 0% used [0x00000000ebe80000,0x00000000ebe80000,0x00000000ec100000)
 ParOldGen       total 673280K, used 673193K [0x00000000c0000000, 0x00000000e9180000, 0x00000000eab00000)
  object space 673280K, 99% used [0x00000000c0000000,0x00000000e916a610,0x00000000e9180000)
 Metaspace       used 90069K, committed 91648K, reserved 1179648K
  class space    used 8653K, committed 9408K, reserved 1048576K
}
Event: 5614.966 GC heap after
{Heap after GC invocations=1973 (full 7):
 PSYoungGen      total 13312K, used 224K [0x00000000eab00000, 0x00000000ebf00000, 0x0000000100000000)
  eden space 12800K, 0% used [0x00000000eab00000,0x00000000eab00000,0x00000000eb780000)
  from space 512K, 43% used [0x00000000ebe80000,0x00000000ebeb8020,0x00000000ebf00000)
  to   space 1536K, 0% used [0x00000000ebc00000,0x00000000ebc00000,0x00000000ebd80000)
 ParOldGen       total 676864K, used 676760K [0x00000000c0000000, 0x00000000e9500000, 0x00000000eab00000)
  object space 676864K, 99% used [0x00000000c0000000,0x00000000e94e6048,0x00000000e9500000)
 Metaspace       used 90069K, committed 91648K, reserved 1179648K
  class space    used 8653K, committed 9408K, reserved 1048576K
}
Event: 5618.902 GC heap before
{Heap before GC invocations=1974 (full 7):
 PSYoungGen      total 13312K, used 13024K [0x00000000eab00000, 0x00000000ebf00000, 0x0000000100000000)
  eden space 12800K, 100% used [0x00000000eab00000,0x00000000eb780000,0x00000000eb780000)
  from space 512K, 43% used [0x00000000ebe80000,0x00000000ebeb8020,0x00000000ebf00000)
  to   space 1536K, 0% used [0x00000000ebc00000,0x00000000ebc00000,0x00000000ebd80000)
 ParOldGen       total 676864K, used 676760K [0x00000000c0000000, 0x00000000e9500000, 0x00000000eab00000)
  object space 676864K, 99% used [0x00000000c0000000,0x00000000e94e6048,0x00000000e9500000)
 Metaspace       used 90070K, committed 91648K, reserved 1179648K
  class space    used 8653K, committed 9408K, reserved 1048576K
}
Event: 5618.933 GC heap after
{Heap after GC invocations=1974 (full 7):
 PSYoungGen      total 14336K, used 1511K [0x00000000eab00000, 0x00000000ebf00000, 0x0000000100000000)
  eden space 12800K, 0% used [0x00000000eab00000,0x00000000eab00000,0x00000000eb780000)
  from space 1536K, 98% used [0x00000000ebc00000,0x00000000ebd79f38,0x00000000ebd80000)
  to   space 1536K, 0% used [0x00000000ebd80000,0x00000000ebd80000,0x00000000ebf00000)
 ParOldGen       total 677888K, used 677770K [0x00000000c0000000, 0x00000000e9600000, 0x00000000eab00000)
  object space 677888K, 99% used [0x00000000c0000000,0x00000000e95e2a08,0x00000000e9600000)
 Metaspace       used 90070K, committed 91648K, reserved 1179648K
  class space    used 8653K, committed 9408K, reserved 1048576K
}
Event: 5619.736 GC heap before
{Heap before GC invocations=1975 (full 7):
 PSYoungGen      total 14336K, used 14311K [0x00000000eab00000, 0x00000000ebf00000, 0x0000000100000000)
  eden space 12800K, 100% used [0x00000000eab00000,0x00000000eb780000,0x00000000eb780000)
  from space 1536K, 98% used [0x00000000ebc00000,0x00000000ebd79f38,0x00000000ebd80000)
  to   space 1536K, 0% used [0x00000000ebd80000,0x00000000ebd80000,0x00000000ebf00000)
 ParOldGen       total 677888K, used 677770K [0x00000000c0000000, 0x00000000e9600000, 0x00000000eab00000)
  object space 677888K, 99% used [0x00000000c0000000,0x00000000e95e2a08,0x00000000e9600000)
 Metaspace       used 90076K, committed 91648K, reserved 1179648K
  class space    used 8654K, committed 9408K, reserved 1048576K
}
Event: 5619.935 GC heap after
{Heap after GC invocations=1975 (full 7):
 PSYoungGen      total 10752K, used 1527K [0x00000000eab00000, 0x00000000eca80000, 0x0000000100000000)
  eden space 9216K, 0% used [0x00000000eab00000,0x00000000eab00000,0x00000000eb400000)
  from space 1536K, 99% used [0x00000000ebd80000,0x00000000ebefdc60,0x00000000ebf00000)
  to   space 9728K, 0% used [0x00000000eb400000,0x00000000eb400000,0x00000000ebd80000)
 ParOldGen       total 684544K, used 684497K [0x00000000c0000000, 0x00000000e9c80000, 0x00000000eab00000)
  object space 684544K, 99% used [0x00000000c0000000,0x00000000e9c74640,0x00000000e9c80000)
 Metaspace       used 90076K, committed 91648K, reserved 1179648K
  class space    used 8654K, committed 9408K, reserved 1048576K
}
Event: 5620.113 GC heap before
{Heap before GC invocations=1976 (full 7):
 PSYoungGen      total 10752K, used 10743K [0x00000000eab00000, 0x00000000eca80000, 0x0000000100000000)
  eden space 9216K, 100% used [0x00000000eab00000,0x00000000eb400000,0x00000000eb400000)
  from space 1536K, 99% used [0x00000000ebd80000,0x00000000ebefdc60,0x00000000ebf00000)
  to   space 9728K, 0% used [0x00000000eb400000,0x00000000eb400000,0x00000000ebd80000)
 ParOldGen       total 684544K, used 684497K [0x00000000c0000000, 0x00000000e9c80000, 0x00000000eab00000)
  object space 684544K, 99% used [0x00000000c0000000,0x00000000e9c74640,0x00000000e9c80000)
 Metaspace       used 90076K, committed 91648K, reserved 1179648K
  class space    used 8654K, committed 9408K, reserved 1048576K
}
Event: 5620.176 GC heap after
{Heap after GC invocations=1976 (full 7):
 PSYoungGen      total 13824K, used 4433K [0x00000000eab00000, 0x00000000ec000000, 0x0000000100000000)
  eden space 9216K, 0% used [0x00000000eab00000,0x00000000eab00000,0x00000000eb400000)
  from space 4608K, 96% used [0x00000000eb400000,0x00000000eb854570,0x00000000eb880000)
  to   space 6144K, 0% used [0x00000000eba00000,0x00000000eba00000,0x00000000ec000000)
 ParOldGen       total 686080K, used 686032K [0x00000000c0000000, 0x00000000e9e00000, 0x00000000eab00000)
  object space 686080K, 99% used [0x00000000c0000000,0x00000000e9df42b0,0x00000000e9e00000)
 Metaspace       used 90076K, committed 91648K, reserved 1179648K
  class space    used 8654K, committed 9408K, reserved 1048576K
}
Event: 5620.821 GC heap before
{Heap before GC invocations=1977 (full 7):
 PSYoungGen      total 13824K, used 13649K [0x00000000eab00000, 0x00000000ec000000, 0x0000000100000000)
  eden space 9216K, 100% used [0x00000000eab00000,0x00000000eb400000,0x00000000eb400000)
  from space 4608K, 96% used [0x00000000eb400000,0x00000000eb854570,0x00000000eb880000)
  to   space 6144K, 0% used [0x00000000eba00000,0x00000000eba00000,0x00000000ec000000)
 ParOldGen       total 686080K, used 686032K [0x00000000c0000000, 0x00000000e9e00000, 0x00000000eab00000)
  object space 686080K, 99% used [0x00000000c0000000,0x00000000e9df42b0,0x00000000e9e00000)
 Metaspace       used 90079K, committed 91648K, reserved 1179648K
  class space    used 8654K, committed 9408K, reserved 1048576K
}
Event: 5621.109 GC heap after
{Heap after GC invocations=1977 (full 7):
 PSYoungGen      total 11264K, used 1984K [0x00000000eab00000, 0x00000000ebc00000, 0x0000000100000000)
  eden space 9216K, 0% used [0x00000000eab00000,0x00000000eab00000,0x00000000eb400000)
  from space 2048K, 96% used [0x00000000eba00000,0x00000000ebbf0020,0x00000000ebc00000)
  to   space 3584K, 0% used [0x00000000eb500000,0x00000000eb500000,0x00000000eb880000)
 ParOldGen       total 689664K, used 689380K [0x00000000c0000000, 0x00000000ea180000, 0x00000000eab00000)
  object space 689664K, 99% used [0x00000000c0000000,0x00000000ea1390f0,0x00000000ea180000)
 Metaspace       used 90079K, committed 91648K, reserved 1179648K
  class space    used 8654K, committed 9408K, reserved 1048576K
}
Event: 5622.588 GC heap before
{Heap before GC invocations=1978 (full 7):
 PSYoungGen      total 11264K, used 11199K [0x00000000eab00000, 0x00000000ebc00000, 0x0000000100000000)
  eden space 9216K, 99% used [0x00000000eab00000,0x00000000eb3ffbe8,0x00000000eb400000)
  from space 2048K, 96% used [0x00000000eba00000,0x00000000ebbf0020,0x00000000ebc00000)
  to   space 3584K, 0% used [0x00000000eb500000,0x00000000eb500000,0x00000000eb880000)
 ParOldGen       total 689664K, used 689380K [0x00000000c0000000, 0x00000000ea180000, 0x00000000eab00000)
  object space 689664K, 99% used [0x00000000c0000000,0x00000000ea1390f0,0x00000000ea180000)
 Metaspace       used 90080K, committed 91648K, reserved 1179648K
  class space    used 8654K, committed 9408K, reserved 1048576K
}
Event: 5622.699 GC heap after
{Heap after GC invocations=1978 (full 7):
 PSYoungGen      total 12800K, used 3584K [0x00000000eab00000, 0x00000000ec400000, 0x0000000100000000)
  eden space 9216K, 0% used [0x00000000eab00000,0x00000000eab00000,0x00000000eb400000)
  from space 3584K, 100% used [0x00000000eb500000,0x00000000eb880000,0x00000000eb880000)
  to   space 8192K, 0% used [0x00000000ebc00000,0x00000000ebc00000,0x00000000ec400000)
 ParOldGen       total 692736K, used 692679K [0x00000000c0000000, 0x00000000ea480000, 0x00000000eab00000)
  object space 692736K, 99% used [0x00000000c0000000,0x00000000ea471ef8,0x00000000ea480000)
 Metaspace       used 90080K, committed 91648K, reserved 1179648K
  class space    used 8654K, committed 9408K, reserved 1048576K
}
Event: 5623.192 GC heap before
{Heap before GC invocations=1979 (full 7):
 PSYoungGen      total 12800K, used 12800K [0x00000000eab00000, 0x00000000ec400000, 0x0000000100000000)
  eden space 9216K, 100% used [0x00000000eab00000,0x00000000eb400000,0x00000000eb400000)
  from space 3584K, 100% used [0x00000000eb500000,0x00000000eb880000,0x00000000eb880000)
  to   space 8192K, 0% used [0x00000000ebc00000,0x00000000ebc00000,0x00000000ec400000)
 ParOldGen       total 692736K, used 692679K [0x00000000c0000000, 0x00000000ea480000, 0x00000000eab00000)
  object space 692736K, 99% used [0x00000000c0000000,0x00000000ea471ef8,0x00000000ea480000)
 Metaspace       used 90080K, committed 91648K, reserved 1179648K
  class space    used 8654K, committed 9408K, reserved 1048576K
}
Event: 5623.333 GC heap after
{Heap after GC invocations=1979 (full 7):
 PSYoungGen      total 12288K, used 2784K [0x00000000eab00000, 0x00000000ebf00000, 0x0000000100000000)
  eden space 9216K, 0% used [0x00000000eab00000,0x00000000eab00000,0x00000000eb400000)
  from space 3072K, 90% used [0x00000000ebc00000,0x00000000ebeb8030,0x00000000ebf00000)
  to   space 4608K, 0% used [0x00000000eb600000,0x00000000eb600000,0x00000000eba80000)
 ParOldGen       total 696320K, used 696254K [0x00000000c0000000, 0x00000000ea800000, 0x00000000eab00000)
  object space 696320K, 99% used [0x00000000c0000000,0x00000000ea7efb58,0x00000000ea800000)
 Metaspace       used 90080K, committed 91648K, reserved 1179648K
  class space    used 8654K, committed 9408K, reserved 1048576K
}
Event: 5624.511 GC heap before
{Heap before GC invocations=1980 (full 8):
 PSYoungGen      total 12288K, used 12000K [0x00000000eab00000, 0x00000000ebf00000, 0x0000000100000000)
  eden space 9216K, 100% used [0x00000000eab00000,0x00000000eb400000,0x00000000eb400000)
  from space 3072K, 90% used [0x00000000ebc00000,0x00000000ebeb8030,0x00000000ebf00000)
  to   space 4608K, 0% used [0x00000000eb600000,0x00000000eb600000,0x00000000eba80000)
 ParOldGen       total 696320K, used 696254K [0x00000000c0000000, 0x00000000ea800000, 0x00000000eab00000)
  object space 696320K, 99% used [0x00000000c0000000,0x00000000ea7efb58,0x00000000ea800000)
 Metaspace       used 90080K, committed 91648K, reserved 1179648K
  class space    used 8654K, committed 9408K, reserved 1048576K
}

