# JRE version: OpenJDK Runtime Environment Temurin-21.0.5+11 (21.0.5+11) (build 21.0.5+11-LTS)
# Java VM: OpenJDK 64-Bit Server VM Temurin-21.0.5+11 (21.0.5+11-LTS, mixed mode, sharing, tiered, compressed oops, compressed class ptrs, parallel gc, linux-amd64)
GC Precious Log:
 CardTable entry size: 512
 CPUs: 2 total, 2 available
 Memory: 2835M
 Large Page Support: Disabled
 NUMA Support: Disabled
 Compressed Oops: Enabled (32-bit)
 Alignments: Space 512K, Generation 512K, Heap 2M
 Heap Min Capacity: 100M
 Heap Initial Capacity: 100M
 Heap Max Capacity: 1G
 Pre-touch: Disabled
 Parallel Workers: 2
Heap:
 PSYoungGen      total 12800K, used 12786K [0x00000000eab00000, 0x00000000ebf80000, 0x0000000100000000)
  eden space 11264K, 100% used [0x00000000eab00000,0x00000000eb600000,0x00000000eb600000)
  from space 1536K, 99% used [0x00000000eba00000,0x00000000ebb7c9b0,0x00000000ebb80000)
  to   space 4096K, 0% used [0x00000000eb600000,0x00000000eb600000,0x00000000eba00000)
 ParOldGen       total 364032K, used 363983K [0x00000000c0000000, 0x00000000d6380000, 0x00000000eab00000)
  object space 364032K, 99% used [0x00000000c0000000,0x00000000d6373c10,0x00000000d6380000)
 Metaspace       used 66435K, committed 67968K, reserved 1114112K
  class space    used 6908K, committed 7616K, reserved 1048576K
GC Heap History (20 events):
Event: 239.671 GC heap before
{Heap before GC invocations=278 (full 3):
 PSYoungGen      total 14336K, used 14336K [0x00000000eab00000, 0x00000000ebb00000, 0x0000000100000000)
  eden space 13312K, 100% used [0x00000000eab00000,0x00000000eb800000,0x00000000eb800000)
  from space 1024K, 100% used [0x00000000eba00000,0x00000000ebb00000,0x00000000ebb00000)
  to   space 1536K, 0% used [0x00000000eb800000,0x00000000eb800000,0x00000000eb980000)
 ParOldGen       total 350720K, used 350573K [0x00000000c0000000, 0x00000000d5680000, 0x00000000eab00000)
  object space 350720K, 99% used [0x00000000c0000000,0x00000000d565b7e8,0x00000000d5680000)
 Metaspace       used 65584K, committed 67072K, reserved 1114112K
  class space    used 6817K, committed 7424K, reserved 1048576K
}
Event: 239.707 GC heap after
{Heap after GC invocations=278 (full 3):
 PSYoungGen      total 14848K, used 1445K [0x00000000eab00000, 0x00000000ebb00000, 0x0000000100000000)
  eden space 13312K, 0% used [0x00000000eab00000,0x00000000eab00000,0x00000000eb800000)
  from space 1536K, 94% used [0x00000000eb800000,0x00000000eb969460,0x00000000eb980000)
  to   space 1536K, 0% used [0x00000000eb980000,0x00000000eb980000,0x00000000ebb00000)
 ParOldGen       total 351744K, used 351304K [0x00000000c0000000, 0x00000000d5780000, 0x00000000eab00000)
  object space 351744K, 99% used [0x00000000c0000000,0x00000000d57123f8,0x00000000d5780000)
 Metaspace       used 65584K, committed 67072K, reserved 1114112K
  class space    used 6817K, committed 7424K, reserved 1048576K
}
Event: 241.633 GC heap before
{Heap before GC invocations=279 (full 3):
 PSYoungGen      total 14848K, used 14757K [0x00000000eab00000, 0x00000000ebb00000, 0x0000000100000000)
  eden space 13312K, 100% used [0x00000000eab00000,0x00000000eb800000,0x00000000eb800000)
  from space 1536K, 94% used [0x00000000eb800000,0x00000000eb969460,0x00000000eb980000)
  to   space 1536K, 0% used [0x00000000eb980000,0x00000000eb980000,0x00000000ebb00000)
 ParOldGen       total 351744K, used 351304K [0x00000000c0000000, 0x00000000d5780000, 0x00000000eab00000)
  object space 351744K, 99% used [0x00000000c0000000,0x00000000d57123f8,0x00000000d5780000)
 Metaspace       used 65698K, committed 67200K, reserved 1114112K
  class space    used 6834K, committed 7424K, reserved 1048576K
}
Event: 241.783 GC heap after
{Heap after GC invocations=279 (full 3):
 PSYoungGen      total 14848K, used 1088K [0x00000000eab00000, 0x00000000ebb00000, 0x0000000100000000)
  eden space 13312K, 0% used [0x00000000eab00000,0x00000000eab00000,0x00000000eb800000)
  from space 1536K, 70% used [0x00000000eb980000,0x00000000eba90000,0x00000000ebb00000)
  to   space 1536K, 0% used [0x00000000eb800000,0x00000000eb800000,0x00000000eb980000)
 ParOldGen       total 352768K, used 352676K [0x00000000c0000000, 0x00000000d5880000, 0x00000000eab00000)
  object space 352768K, 99% used [0x00000000c0000000,0x00000000d5869248,0x00000000d5880000)
 Metaspace       used 65698K, committed 67200K, reserved 1114112K
  class space    used 6834K, committed 7424K, reserved 1048576K
}
Event: 243.704 GC heap before
{Heap before GC invocations=280 (full 3):
 PSYoungGen      total 14848K, used 14400K [0x00000000eab00000, 0x00000000ebb00000, 0x0000000100000000)
  eden space 13312K, 100% used [0x00000000eab00000,0x00000000eb800000,0x00000000eb800000)
  from space 1536K, 70% used [0x00000000eb980000,0x00000000eba90000,0x00000000ebb00000)
  to   space 1536K, 0% used [0x00000000eb800000,0x00000000eb800000,0x00000000eb980000)
 ParOldGen       total 352768K, used 352676K [0x00000000c0000000, 0x00000000d5880000, 0x00000000eab00000)
  object space 352768K, 99% used [0x00000000c0000000,0x00000000d5869248,0x00000000d5880000)
 Metaspace       used 65698K, committed 67200K, reserved 1114112K
  class space    used 6834K, committed 7424K, reserved 1048576K
}
Event: 243.831 GC heap after
{Heap after GC invocations=280 (full 3):
 PSYoungGen      total 14848K, used 1420K [0x00000000eab00000, 0x00000000ebb00000, 0x0000000100000000)
  eden space 13312K, 0% used [0x00000000eab00000,0x00000000eab00000,0x00000000eb800000)
  from space 1536K, 92% used [0x00000000eb800000,0x00000000eb963008,0x00000000eb980000)
  to   space 1536K, 0% used [0x00000000eb980000,0x00000000eb980000,0x00000000ebb00000)
 ParOldGen       total 353792K, used 353690K [0x00000000c0000000, 0x00000000d5980000, 0x00000000eab00000)
  object space 353792K, 99% used [0x00000000c0000000,0x00000000d5966858,0x00000000d5980000)
 Metaspace       used 65698K, committed 67200K, reserved 1114112K
  class space    used 6834K, committed 7424K, reserved 1048576K
}
Event: 245.489 GC heap before
{Heap before GC invocations=281 (full 3):
 PSYoungGen      total 14848K, used 14732K [0x00000000eab00000, 0x00000000ebb00000, 0x0000000100000000)
  eden space 13312K, 100% used [0x00000000eab00000,0x00000000eb800000,0x00000000eb800000)
  from space 1536K, 92% used [0x00000000eb800000,0x00000000eb963008,0x00000000eb980000)
  to   space 1536K, 0% used [0x00000000eb980000,0x00000000eb980000,0x00000000ebb00000)
 ParOldGen       total 353792K, used 353690K [0x00000000c0000000, 0x00000000d5980000, 0x00000000eab00000)
  object space 353792K, 99% used [0x00000000c0000000,0x00000000d5966858,0x00000000d5980000)
 Metaspace       used 65698K, committed 67200K, reserved 1114112K
  class space    used 6834K, committed 7424K, reserved 1048576K
}
Event: 245.557 GC heap after
{Heap after GC invocations=281 (full 3):
 PSYoungGen      total 14336K, used 1528K [0x00000000eab00000, 0x00000000ebc00000, 0x0000000100000000)
  eden space 12800K, 0% used [0x00000000eab00000,0x00000000eab00000,0x00000000eb780000)
  from space 1536K, 99% used [0x00000000eb980000,0x00000000ebafe008,0x00000000ebb00000)
  to   space 2048K, 0% used [0x00000000eb780000,0x00000000eb780000,0x00000000eb980000)
 ParOldGen       total 355328K, used 354924K [0x00000000c0000000, 0x00000000d5b00000, 0x00000000eab00000)
  object space 355328K, 99% used [0x00000000c0000000,0x00000000d5a9b078,0x00000000d5b00000)
 Metaspace       used 65698K, committed 67200K, reserved 1114112K
  class space    used 6834K, committed 7424K, reserved 1048576K
}
Event: 247.031 GC heap before
{Heap before GC invocations=282 (full 3):
 PSYoungGen      total 14336K, used 14328K [0x00000000eab00000, 0x00000000ebc00000, 0x0000000100000000)
  eden space 12800K, 100% used [0x00000000eab00000,0x00000000eb780000,0x00000000eb780000)
  from space 1536K, 99% used [0x00000000eb980000,0x00000000ebafe008,0x00000000ebb00000)
  to   space 2048K, 0% used [0x00000000eb780000,0x00000000eb780000,0x00000000eb980000)
 ParOldGen       total 355328K, used 354929K [0x00000000c0000000, 0x00000000d5b00000, 0x00000000eab00000)
  object space 355328K, 99% used [0x00000000c0000000,0x00000000d5a9c718,0x00000000d5b00000)
 Metaspace       used 65742K, committed 67264K, reserved 1114112K
  class space    used 6840K, committed 7488K, reserved 1048576K
}
Event: 247.121 GC heap after
{Heap after GC invocations=282 (full 3):
 PSYoungGen      total 14848K, used 1312K [0x00000000eab00000, 0x00000000ebb00000, 0x0000000100000000)
  eden space 12800K, 0% used [0x00000000eab00000,0x00000000eab00000,0x00000000eb780000)
  from space 2048K, 64% used [0x00000000eb780000,0x00000000eb8c8000,0x00000000eb980000)
  to   space 1536K, 0% used [0x00000000eb980000,0x00000000eb980000,0x00000000ebb00000)
 ParOldGen       total 356864K, used 356361K [0x00000000c0000000, 0x00000000d5c80000, 0x00000000eab00000)
  object space 356864K, 99% used [0x00000000c0000000,0x00000000d5c02720,0x00000000d5c80000)
 Metaspace       used 65742K, committed 67264K, reserved 1114112K
  class space    used 6840K, committed 7488K, reserved 1048576K
}
Event: 248.755 GC heap before
{Heap before GC invocations=283 (full 3):
 PSYoungGen      total 14848K, used 14112K [0x00000000eab00000, 0x00000000ebb00000, 0x0000000100000000)
  eden space 12800K, 100% used [0x00000000eab00000,0x00000000eb780000,0x00000000eb780000)
  from space 2048K, 64% used [0x00000000eb780000,0x00000000eb8c8000,0x00000000eb980000)
  to   space 1536K, 0% used [0x00000000eb980000,0x00000000eb980000,0x00000000ebb00000)
 ParOldGen       total 356864K, used 356364K [0x00000000c0000000, 0x00000000d5c80000, 0x00000000eab00000)
  object space 356864K, 99% used [0x00000000c0000000,0x00000000d5c031d0,0x00000000d5c80000)
 Metaspace       used 65788K, committed 67328K, reserved 1114112K
  class space    used 6845K, committed 7488K, reserved 1048576K
}
Event: 248.888 GC heap after
{Heap after GC invocations=283 (full 3):
 PSYoungGen      total 14336K, used 1344K [0x00000000eab00000, 0x00000000ebb00000, 0x0000000100000000)
  eden space 12800K, 0% used [0x00000000eab00000,0x00000000eab00000,0x00000000eb780000)
  from space 1536K, 87% used [0x00000000eb980000,0x00000000ebad0000,0x00000000ebb00000)
  to   space 1536K, 0% used [0x00000000eb800000,0x00000000eb800000,0x00000000eb980000)
 ParOldGen       total 357888K, used 357583K [0x00000000c0000000, 0x00000000d5d80000, 0x00000000eab00000)
  object space 357888K, 99% used [0x00000000c0000000,0x00000000d5d33de0,0x00000000d5d80000)
 Metaspace       used 65788K, committed 67328K, reserved 1114112K
  class space    used 6845K, committed 7488K, reserved 1048576K
}
Event: 250.417 GC heap before
{Heap before GC invocations=284 (full 3):
 PSYoungGen      total 14336K, used 14144K [0x00000000eab00000, 0x00000000ebb00000, 0x0000000100000000)
  eden space 12800K, 100% used [0x00000000eab00000,0x00000000eb780000,0x00000000eb780000)
  from space 1536K, 87% used [0x00000000eb980000,0x00000000ebad0000,0x00000000ebb00000)
  to   space 1536K, 0% used [0x00000000eb800000,0x00000000eb800000,0x00000000eb980000)
 ParOldGen       total 357888K, used 357583K [0x00000000c0000000, 0x00000000d5d80000, 0x00000000eab00000)
  object space 357888K, 99% used [0x00000000c0000000,0x00000000d5d33de0,0x00000000d5d80000)
 Metaspace       used 65934K, committed 67456K, reserved 1114112K
  class space    used 6863K, committed 7488K, reserved 1048576K
}
Event: 250.469 GC heap after
{Heap after GC invocations=284 (full 3):
 PSYoungGen      total 14336K, used 1520K [0x00000000eab00000, 0x00000000ebe80000, 0x0000000100000000)
  eden space 12800K, 0% used [0x00000000eab00000,0x00000000eab00000,0x00000000eb780000)
  from space 1536K, 98% used [0x00000000eb800000,0x00000000eb97c010,0x00000000eb980000)
  to   space 3584K, 0% used [0x00000000ebb00000,0x00000000ebb00000,0x00000000ebe80000)
 ParOldGen       total 359424K, used 359295K [0x00000000c0000000, 0x00000000d5f00000, 0x00000000eab00000)
  object space 359424K, 99% used [0x00000000c0000000,0x00000000d5edfe10,0x00000000d5f00000)
 Metaspace       used 65934K, committed 67456K, reserved 1114112K
  class space    used 6863K, committed 7488K, reserved 1048576K
}
Event: 251.877 GC heap before
{Heap before GC invocations=285 (full 3):
 PSYoungGen      total 14336K, used 14320K [0x00000000eab00000, 0x00000000ebe80000, 0x0000000100000000)
  eden space 12800K, 100% used [0x00000000eab00000,0x00000000eb780000,0x00000000eb780000)
  from space 1536K, 98% used [0x00000000eb800000,0x00000000eb97c010,0x00000000eb980000)
  to   space 3584K, 0% used [0x00000000ebb00000,0x00000000ebb00000,0x00000000ebe80000)
 ParOldGen       total 359424K, used 359295K [0x00000000c0000000, 0x00000000d5f00000, 0x00000000eab00000)
  object space 359424K, 99% used [0x00000000c0000000,0x00000000d5edfe10,0x00000000d5f00000)
 Metaspace       used 66062K, committed 67520K, reserved 1114112K
  class space    used 6868K, committed 7488K, reserved 1048576K
}
Event: 251.987 GC heap after
{Heap after GC invocations=285 (full 3):
 PSYoungGen      total 14848K, used 2015K [0x00000000eab00000, 0x00000000ebd00000, 0x0000000100000000)
  eden space 12800K, 0% used [0x00000000eab00000,0x00000000eab00000,0x00000000eb780000)
  from space 2048K, 98% used [0x00000000ebb00000,0x00000000ebcf7fc8,0x00000000ebd00000)
  to   space 2560K, 0% used [0x00000000eb800000,0x00000000eb800000,0x00000000eba80000)
 ParOldGen       total 360448K, used 360313K [0x00000000c0000000, 0x00000000d6000000, 0x00000000eab00000)
  object space 360448K, 99% used [0x00000000c0000000,0x00000000d5fde710,0x00000000d6000000)
 Metaspace       used 66062K, committed 67520K, reserved 1114112K
  class space    used 6868K, committed 7488K, reserved 1048576K
}
Event: 253.468 GC heap before
{Heap before GC invocations=286 (full 3):
 PSYoungGen      total 14848K, used 14815K [0x00000000eab00000, 0x00000000ebd00000, 0x0000000100000000)
  eden space 12800K, 100% used [0x00000000eab00000,0x00000000eb780000,0x00000000eb780000)
  from space 2048K, 98% used [0x00000000ebb00000,0x00000000ebcf7fc8,0x00000000ebd00000)
  to   space 2560K, 0% used [0x00000000eb800000,0x00000000eb800000,0x00000000eba80000)
 ParOldGen       total 360448K, used 360313K [0x00000000c0000000, 0x00000000d6000000, 0x00000000eab00000)
  object space 360448K, 99% used [0x00000000c0000000,0x00000000d5fde710,0x00000000d6000000)
 Metaspace       used 66120K, committed 67584K, reserved 1114112K
  class space    used 6869K, committed 7488K, reserved 1048576K
}
Event: 253.611 GC heap after
{Heap after GC invocations=286 (full 3):
 PSYoungGen      total 14848K, used 1632K [0x00000000eab00000, 0x00000000ebb80000, 0x0000000100000000)
  eden space 12800K, 0% used [0x00000000eab00000,0x00000000eab00000,0x00000000eb780000)
  from space 2048K, 79% used [0x00000000eb800000,0x00000000eb998020,0x00000000eba00000)
  to   space 1536K, 0% used [0x00000000eba00000,0x00000000eba00000,0x00000000ebb80000)
 ParOldGen       total 362496K, used 362113K [0x00000000c0000000, 0x00000000d6200000, 0x00000000eab00000)
  object space 362496K, 99% used [0x00000000c0000000,0x00000000d61a06c8,0x00000000d6200000)
 Metaspace       used 66120K, committed 67584K, reserved 1114112K
  class space    used 6869K, committed 7488K, reserved 1048576K
}
Event: 255.338 GC heap before
{Heap before GC invocations=287 (full 3):
 PSYoungGen      total 14848K, used 14431K [0x00000000eab00000, 0x00000000ebb80000, 0x0000000100000000)
  eden space 12800K, 99% used [0x00000000eab00000,0x00000000eb77ff88,0x00000000eb780000)
  from space 2048K, 79% used [0x00000000eb800000,0x00000000eb998020,0x00000000eba00000)
  to   space 1536K, 0% used [0x00000000eba00000,0x00000000eba00000,0x00000000ebb80000)
 ParOldGen       total 362496K, used 362113K [0x00000000c0000000, 0x00000000d6200000, 0x00000000eab00000)
  object space 362496K, 99% used [0x00000000c0000000,0x00000000d61a06c8,0x00000000d6200000)
 Metaspace       used 66354K, committed 67904K, reserved 1114112K
  class space    used 6895K, committed 7616K, reserved 1048576K
}
Event: 255.443 GC heap after
{Heap after GC invocations=287 (full 3):
 PSYoungGen      total 12800K, used 1522K [0x00000000eab00000, 0x00000000ebf80000, 0x0000000100000000)
  eden space 11264K, 0% used [0x00000000eab00000,0x00000000eab00000,0x00000000eb600000)
  from space 1536K, 99% used [0x00000000eba00000,0x00000000ebb7c9b0,0x00000000ebb80000)
  to   space 4096K, 0% used [0x00000000eb600000,0x00000000eb600000,0x00000000eba00000)
 ParOldGen       total 364032K, used 363983K [0x00000000c0000000, 0x00000000d6380000, 0x00000000eab00000)
  object space 364032K, 99% used [0x00000000c0000000,0x00000000d6373c10,0x00000000d6380000)
 Metaspace       used 66354K, committed 67904K, reserved 1114112K
  class space    used 6895K, committed 7616K, reserved 1048576K
}

