# JRE version: OpenJDK Runtime Environment Temurin-21.0.5+11 (21.0.5+11) (build 21.0.5+11-LTS)
# Java VM: OpenJDK 64-Bit Server VM Temurin-21.0.5+11 (21.0.5+11-LTS, mixed mode, sharing, tiered, compressed oops, compressed class ptrs, parallel gc, linux-amd64)
GC Precious Log:
 CardTable entry size: 512
 CPUs: 2 total, 2 available
 Memory: 2835M
 Large Page Support: Disabled
 NUMA Support: Disabled
 Compressed Oops: Enabled (32-bit)
 Alignments: Space 512K, Generation 512K, Heap 2M
 Heap Min Capacity: 100M
 Heap Initial Capacity: 100M
 Heap Max Capacity: 1G
 Pre-touch: Disabled
 Parallel Workers: 2
Heap:
 PSYoungGen      total 8704K, used 8576K [0x00000000eab00000, 0x00000000eb580000, 0x0000000100000000)
  eden space 7168K, 100% used [0x00000000eab00000,0x00000000eb200000,0x00000000eb200000)
  from space 1536K, 91% used [0x00000000eb400000,0x00000000eb560040,0x00000000eb580000)
  to   space 1536K, 0% used [0x00000000eb280000,0x00000000eb280000,0x00000000eb400000)
 ParOldGen       total 689152K, used 688940K [0x00000000c0000000, 0x00000000ea100000, 0x00000000eab00000)
  object space 689152K, 99% used [0x00000000c0000000,0x00000000ea0cb3f8,0x00000000ea100000)
 Metaspace       used 72722K, committed 74368K, reserved 1179648K
  class space    used 7494K, committed 8256K, reserved 1048576K
GC Heap History (20 events):
Event: 395.850 GC heap before
{Heap before GC invocations=704 (full 3):
 PSYoungGen      total 8704K, used 8608K [0x00000000eab00000, 0x00000000eb600000, 0x0000000100000000)
  eden space 7680K, 100% used [0x00000000eab00000,0x00000000eb280000,0x00000000eb280000)
  from space 1024K, 90% used [0x00000000eb500000,0x00000000eb5e8000,0x00000000eb600000)
  to   space 1024K, 0% used [0x00000000eb400000,0x00000000eb400000,0x00000000eb500000)
 ParOldGen       total 671744K, used 671373K [0x00000000c0000000, 0x00000000e9000000, 0x00000000eab00000)
  object space 671744K, 99% used [0x00000000c0000000,0x00000000e8fa3790,0x00000000e9000000)
 Metaspace       used 71774K, committed 73408K, reserved 1114112K
  class space    used 7402K, committed 8128K, reserved 1048576K
}
Event: 395.997 GC heap after
{Heap after GC invocations=704 (full 3):
 PSYoungGen      total 8704K, used 992K [0x00000000eab00000, 0x00000000eb780000, 0x0000000100000000)
  eden space 7680K, 0% used [0x00000000eab00000,0x00000000eab00000,0x00000000eb280000)
  from space 1024K, 96% used [0x00000000eb400000,0x00000000eb4f8280,0x00000000eb500000)
  to   space 2560K, 0% used [0x00000000eb500000,0x00000000eb500000,0x00000000eb780000)
 ParOldGen       total 672768K, used 672368K [0x00000000c0000000, 0x00000000e9100000, 0x00000000eab00000)
  object space 672768K, 99% used [0x00000000c0000000,0x00000000e909c368,0x00000000e9100000)
 Metaspace       used 71774K, committed 73408K, reserved 1114112K
  class space    used 7402K, committed 8128K, reserved 1048576K
}
Event: 396.749 GC heap before
{Heap before GC invocations=705 (full 3):
 PSYoungGen      total 8704K, used 8672K [0x00000000eab00000, 0x00000000eb780000, 0x0000000100000000)
  eden space 7680K, 100% used [0x00000000eab00000,0x00000000eb280000,0x00000000eb280000)
  from space 1024K, 96% used [0x00000000eb400000,0x00000000eb4f8280,0x00000000eb500000)
  to   space 2560K, 0% used [0x00000000eb500000,0x00000000eb500000,0x00000000eb780000)
 ParOldGen       total 672768K, used 672368K [0x00000000c0000000, 0x00000000e9100000, 0x00000000eab00000)
  object space 672768K, 99% used [0x00000000c0000000,0x00000000e909c368,0x00000000e9100000)
 Metaspace       used 71789K, committed 73408K, reserved 1114112K
  class space    used 7402K, committed 8128K, reserved 1048576K
}
Event: 396.937 GC heap after
{Heap after GC invocations=705 (full 3):
 PSYoungGen      total 7168K, used 2531K [0x00000000eab00000, 0x00000000ebd80000, 0x0000000100000000)
  eden space 4608K, 0% used [0x00000000eab00000,0x00000000eab00000,0x00000000eaf80000)
  from space 2560K, 98% used [0x00000000eb500000,0x00000000eb778e28,0x00000000eb780000)
  to   space 5632K, 0% used [0x00000000eaf80000,0x00000000eaf80000,0x00000000eb500000)
 ParOldGen       total 674816K, used 674714K [0x00000000c0000000, 0x00000000e9300000, 0x00000000eab00000)
  object space 674816K, 99% used [0x00000000c0000000,0x00000000e92e6a90,0x00000000e9300000)
 Metaspace       used 71789K, committed 73408K, reserved 1114112K
  class space    used 7402K, committed 8128K, reserved 1048576K
}
Event: 397.344 GC heap before
{Heap before GC invocations=706 (full 3):
 PSYoungGen      total 7168K, used 7139K [0x00000000eab00000, 0x00000000ebd80000, 0x0000000100000000)
  eden space 4608K, 100% used [0x00000000eab00000,0x00000000eaf80000,0x00000000eaf80000)
  from space 2560K, 98% used [0x00000000eb500000,0x00000000eb778e28,0x00000000eb780000)
  to   space 5632K, 0% used [0x00000000eaf80000,0x00000000eaf80000,0x00000000eb500000)
 ParOldGen       total 674816K, used 674714K [0x00000000c0000000, 0x00000000e9300000, 0x00000000eab00000)
  object space 674816K, 99% used [0x00000000c0000000,0x00000000e92e6a90,0x00000000e9300000)
 Metaspace       used 71799K, committed 73408K, reserved 1114112K
  class space    used 7402K, committed 8128K, reserved 1048576K
}
Event: 397.577 GC heap after
{Heap after GC invocations=706 (full 3):
 PSYoungGen      total 7168K, used 2304K [0x00000000eab00000, 0x00000000eb780000, 0x0000000100000000)
  eden space 4608K, 0% used [0x00000000eab00000,0x00000000eab00000,0x00000000eaf80000)
  from space 2560K, 90% used [0x00000000eaf80000,0x00000000eb1c0000,0x00000000eb200000)
  to   space 3584K, 0% used [0x00000000eb400000,0x00000000eb400000,0x00000000eb780000)
 ParOldGen       total 677376K, used 677210K [0x00000000c0000000, 0x00000000e9580000, 0x00000000eab00000)
  object space 677376K, 99% used [0x00000000c0000000,0x00000000e9556bd8,0x00000000e9580000)
 Metaspace       used 71799K, committed 73408K, reserved 1114112K
  class space    used 7402K, committed 8128K, reserved 1048576K
}
Event: 397.904 GC heap before
{Heap before GC invocations=707 (full 3):
 PSYoungGen      total 7168K, used 6912K [0x00000000eab00000, 0x00000000eb780000, 0x0000000100000000)
  eden space 4608K, 100% used [0x00000000eab00000,0x00000000eaf80000,0x00000000eaf80000)
  from space 2560K, 90% used [0x00000000eaf80000,0x00000000eb1c0000,0x00000000eb200000)
  to   space 3584K, 0% used [0x00000000eb400000,0x00000000eb400000,0x00000000eb780000)
 ParOldGen       total 677376K, used 677210K [0x00000000c0000000, 0x00000000e9580000, 0x00000000eab00000)
  object space 677376K, 99% used [0x00000000c0000000,0x00000000e9556bd8,0x00000000e9580000)
 Metaspace       used 71802K, committed 73408K, reserved 1114112K
  class space    used 7402K, committed 8128K, reserved 1048576K
}
Event: 398.040 GC heap after
{Heap after GC invocations=707 (full 3):
 PSYoungGen      total 8192K, used 2208K [0x00000000eab00000, 0x00000000eb680000, 0x0000000100000000)
  eden space 5632K, 0% used [0x00000000eab00000,0x00000000eab00000,0x00000000eb080000)
  from space 2560K, 86% used [0x00000000eb400000,0x00000000eb628000,0x00000000eb680000)
  to   space 2560K, 0% used [0x00000000eb180000,0x00000000eb180000,0x00000000eb400000)
 ParOldGen       total 679936K, used 679466K [0x00000000c0000000, 0x00000000e9800000, 0x00000000eab00000)
  object space 679936K, 99% used [0x00000000c0000000,0x00000000e978abd8,0x00000000e9800000)
 Metaspace       used 71802K, committed 73408K, reserved 1114112K
  class space    used 7402K, committed 8128K, reserved 1048576K
}
Event: 398.964 GC heap before
{Heap before GC invocations=708 (full 3):
 PSYoungGen      total 8192K, used 7840K [0x00000000eab00000, 0x00000000eb680000, 0x0000000100000000)
  eden space 5632K, 100% used [0x00000000eab00000,0x00000000eb080000,0x00000000eb080000)
  from space 2560K, 86% used [0x00000000eb400000,0x00000000eb628000,0x00000000eb680000)
  to   space 2560K, 0% used [0x00000000eb180000,0x00000000eb180000,0x00000000eb400000)
 ParOldGen       total 679936K, used 679466K [0x00000000c0000000, 0x00000000e9800000, 0x00000000eab00000)
  object space 679936K, 99% used [0x00000000c0000000,0x00000000e978abd8,0x00000000e9800000)
 Metaspace       used 71833K, committed 73472K, reserved 1114112K
  class space    used 7404K, committed 8128K, reserved 1048576K
}
Event: 399.026 GC heap after
{Heap after GC invocations=708 (full 3):
 PSYoungGen      total 8192K, used 2532K [0x00000000eab00000, 0x00000000ebb80000, 0x0000000100000000)
  eden space 5632K, 0% used [0x00000000eab00000,0x00000000eab00000,0x00000000eb080000)
  from space 2560K, 98% used [0x00000000eb180000,0x00000000eb3f90e0,0x00000000eb400000)
  to   space 5632K, 0% used [0x00000000eb600000,0x00000000eb600000,0x00000000ebb80000)
 ParOldGen       total 681984K, used 681834K [0x00000000c0000000, 0x00000000e9a00000, 0x00000000eab00000)
  object space 681984K, 99% used [0x00000000c0000000,0x00000000e99dabd8,0x00000000e9a00000)
 Metaspace       used 71833K, committed 73472K, reserved 1114112K
  class space    used 7404K, committed 8128K, reserved 1048576K
}
Event: 399.343 GC heap before
{Heap before GC invocations=709 (full 3):
 PSYoungGen      total 8192K, used 8164K [0x00000000eab00000, 0x00000000ebb80000, 0x0000000100000000)
  eden space 5632K, 100% used [0x00000000eab00000,0x00000000eb080000,0x00000000eb080000)
  from space 2560K, 98% used [0x00000000eb180000,0x00000000eb3f90e0,0x00000000eb400000)
  to   space 5632K, 0% used [0x00000000eb600000,0x00000000eb600000,0x00000000ebb80000)
 ParOldGen       total 681984K, used 681834K [0x00000000c0000000, 0x00000000e9a00000, 0x00000000eab00000)
  object space 681984K, 99% used [0x00000000c0000000,0x00000000e99dabd8,0x00000000e9a00000)
 Metaspace       used 71837K, committed 73472K, reserved 1114112K
  class space    used 7404K, committed 8128K, reserved 1048576K
}
Event: 399.480 GC heap after
{Heap after GC invocations=709 (full 3):
 PSYoungGen      total 11264K, used 3456K [0x00000000eab00000, 0x00000000eba00000, 0x0000000100000000)
  eden space 7168K, 0% used [0x00000000eab00000,0x00000000eab00000,0x00000000eb200000)
  from space 4096K, 84% used [0x00000000eb600000,0x00000000eb960000,0x00000000eba00000)
  to   space 4096K, 0% used [0x00000000eb200000,0x00000000eb200000,0x00000000eb600000)
 ParOldGen       total 684544K, used 684286K [0x00000000c0000000, 0x00000000e9c80000, 0x00000000eab00000)
  object space 684544K, 99% used [0x00000000c0000000,0x00000000e9c3f848,0x00000000e9c80000)
 Metaspace       used 71837K, committed 73472K, reserved 1114112K
  class space    used 7404K, committed 8128K, reserved 1048576K
}
Event: 403.664 GC heap before
{Heap before GC invocations=710 (full 3):
 PSYoungGen      total 11264K, used 10623K [0x00000000eab00000, 0x00000000eba00000, 0x0000000100000000)
  eden space 7168K, 99% used [0x00000000eab00000,0x00000000eb1ffff8,0x00000000eb200000)
  from space 4096K, 84% used [0x00000000eb600000,0x00000000eb960000,0x00000000eba00000)
  to   space 4096K, 0% used [0x00000000eb200000,0x00000000eb200000,0x00000000eb600000)
 ParOldGen       total 684544K, used 684286K [0x00000000c0000000, 0x00000000e9c80000, 0x00000000eab00000)
  object space 684544K, 99% used [0x00000000c0000000,0x00000000e9c3f848,0x00000000e9c80000)
 Metaspace       used 71918K, committed 73536K, reserved 1114112K
  class space    used 7404K, committed 8128K, reserved 1048576K
}
Event: 403.787 GC heap after
{Heap after GC invocations=710 (full 3):
 PSYoungGen      total 8192K, used 576K [0x00000000eab00000, 0x00000000eb680000, 0x0000000100000000)
  eden space 7168K, 0% used [0x00000000eab00000,0x00000000eab00000,0x00000000eb200000)
  from space 1024K, 56% used [0x00000000eb200000,0x00000000eb290000,0x00000000eb300000)
  to   space 2048K, 0% used [0x00000000eb480000,0x00000000eb480000,0x00000000eb680000)
 ParOldGen       total 688128K, used 687710K [0x00000000c0000000, 0x00000000ea000000, 0x00000000eab00000)
  object space 688128K, 99% used [0x00000000c0000000,0x00000000e9f97848,0x00000000ea000000)
 Metaspace       used 71918K, committed 73536K, reserved 1114112K
  class space    used 7404K, committed 8128K, reserved 1048576K
}
Event: 404.630 GC heap before
{Heap before GC invocations=711 (full 3):
 PSYoungGen      total 8192K, used 7744K [0x00000000eab00000, 0x00000000eb680000, 0x0000000100000000)
  eden space 7168K, 100% used [0x00000000eab00000,0x00000000eb200000,0x00000000eb200000)
  from space 1024K, 56% used [0x00000000eb200000,0x00000000eb290000,0x00000000eb300000)
  to   space 2048K, 0% used [0x00000000eb480000,0x00000000eb480000,0x00000000eb680000)
 ParOldGen       total 688128K, used 687710K [0x00000000c0000000, 0x00000000ea000000, 0x00000000eab00000)
  object space 688128K, 99% used [0x00000000c0000000,0x00000000e9f97848,0x00000000ea000000)
 Metaspace       used 71949K, committed 73600K, reserved 1179648K
  class space    used 7407K, committed 8128K, reserved 1048576K
}
Event: 404.672 GC heap after
{Heap after GC invocations=711 (full 3):
 PSYoungGen      total 7680K, used 352K [0x00000000eab00000, 0x00000000eb500000, 0x0000000100000000)
  eden space 7168K, 0% used [0x00000000eab00000,0x00000000eab00000,0x00000000eb200000)
  from space 512K, 68% used [0x00000000eb480000,0x00000000eb4d8020,0x00000000eb500000)
  to   space 1024K, 0% used [0x00000000eb300000,0x00000000eb300000,0x00000000eb400000)
 ParOldGen       total 688128K, used 687974K [0x00000000c0000000, 0x00000000ea000000, 0x00000000eab00000)
  object space 688128K, 99% used [0x00000000c0000000,0x00000000e9fd9ad8,0x00000000ea000000)
 Metaspace       used 71949K, committed 73600K, reserved 1179648K
  class space    used 7407K, committed 8128K, reserved 1048576K
}
Event: 405.764 GC heap before
{Heap before GC invocations=712 (full 3):
 PSYoungGen      total 7680K, used 7518K [0x00000000eab00000, 0x00000000eb500000, 0x0000000100000000)
  eden space 7168K, 99% used [0x00000000eab00000,0x00000000eb1ff9f0,0x00000000eb200000)
  from space 512K, 68% used [0x00000000eb480000,0x00000000eb4d8020,0x00000000eb500000)
  to   space 1024K, 0% used [0x00000000eb300000,0x00000000eb300000,0x00000000eb400000)
 ParOldGen       total 688128K, used 687974K [0x00000000c0000000, 0x00000000ea000000, 0x00000000eab00000)
  object space 688128K, 99% used [0x00000000c0000000,0x00000000e9fd9ad8,0x00000000ea000000)
 Metaspace       used 71982K, committed 73600K, reserved 1179648K
  class space    used 7408K, committed 8128K, reserved 1048576K
}
Event: 405.797 GC heap after
{Heap after GC invocations=712 (full 3):
 PSYoungGen      total 8192K, used 1009K [0x00000000eab00000, 0x00000000eb600000, 0x0000000100000000)
  eden space 7168K, 0% used [0x00000000eab00000,0x00000000eab00000,0x00000000eb200000)
  from space 1024K, 98% used [0x00000000eb300000,0x00000000eb3fc790,0x00000000eb400000)
  to   space 2048K, 0% used [0x00000000eb400000,0x00000000eb400000,0x00000000eb600000)
 ParOldGen       total 688640K, used 688444K [0x00000000c0000000, 0x00000000ea080000, 0x00000000eab00000)
  object space 688640K, 99% used [0x00000000c0000000,0x00000000ea04f3f8,0x00000000ea080000)
 Metaspace       used 71982K, committed 73600K, reserved 1179648K
  class space    used 7408K, committed 8128K, reserved 1048576K
}
Event: 407.251 GC heap before
{Heap before GC invocations=713 (full 3):
 PSYoungGen      total 8192K, used 8177K [0x00000000eab00000, 0x00000000eb600000, 0x0000000100000000)
  eden space 7168K, 100% used [0x00000000eab00000,0x00000000eb200000,0x00000000eb200000)
  from space 1024K, 98% used [0x00000000eb300000,0x00000000eb3fc790,0x00000000eb400000)
  to   space 2048K, 0% used [0x00000000eb400000,0x00000000eb400000,0x00000000eb600000)
 ParOldGen       total 688640K, used 688444K [0x00000000c0000000, 0x00000000ea080000, 0x00000000eab00000)
  object space 688640K, 99% used [0x00000000c0000000,0x00000000ea04f3f8,0x00000000ea080000)
 Metaspace       used 72123K, committed 73792K, reserved 1179648K
  class space    used 7430K, committed 8192K, reserved 1048576K
}
Event: 407.311 GC heap after
{Heap after GC invocations=713 (full 3):
 PSYoungGen      total 8704K, used 1408K [0x00000000eab00000, 0x00000000eb580000, 0x0000000100000000)
  eden space 7168K, 0% used [0x00000000eab00000,0x00000000eab00000,0x00000000eb200000)
  from space 1536K, 91% used [0x00000000eb400000,0x00000000eb560040,0x00000000eb580000)
  to   space 1536K, 0% used [0x00000000eb280000,0x00000000eb280000,0x00000000eb400000)
 ParOldGen       total 689152K, used 688940K [0x00000000c0000000, 0x00000000ea100000, 0x00000000eab00000)
  object space 689152K, 99% used [0x00000000c0000000,0x00000000ea0cb3f8,0x00000000ea100000)
 Metaspace       used 72123K, committed 73792K, reserved 1179648K
  class space    used 7430K, committed 8192K, reserved 1048576K
}

