# JRE version: OpenJDK Runtime Environment Temurin-21.0.5+11 (21.0.5+11) (build 21.0.5+11-LTS)
# Java VM: OpenJDK 64-Bit Server VM Temurin-21.0.5+11 (21.0.5+11-LTS, mixed mode, sharing, tiered, compressed oops, compressed class ptrs, parallel gc, linux-amd64)
GC Precious Log:
 CardTable entry size: 512
 CPUs: 2 total, 2 available
 Memory: 2835M
 Large Page Support: Disabled
 NUMA Support: Disabled
 Compressed Oops: Enabled (32-bit)
 Alignments: Space 512K, Generation 512K, Heap 2M
 Heap Min Capacity: 100M
 Heap Initial Capacity: 100M
 Heap Max Capacity: 1G
 Pre-touch: Disabled
 Parallel Workers: 2
Heap:
 PSYoungGen      total 14848K, used 14607K [0x00000000eab00000, 0x00000000ebe00000, 0x0000000100000000)
  eden space 12800K, 100% used [0x00000000eab00000,0x00000000eb780000,0x00000000eb780000)
  from space 2048K, 88% used [0x00000000eb980000,0x00000000ebb43e90,0x00000000ebb80000)
  to   space 2048K, 0% used [0x00000000ebc00000,0x00000000ebc00000,0x00000000ebe00000)
 ParOldGen       total 331264K, used 330969K [0x00000000c0000000, 0x00000000d4380000, 0x00000000eab00000)
  object space 331264K, 99% used [0x00000000c0000000,0x00000000d4336428,0x00000000d4380000)
 Metaspace       used 81151K, committed 82624K, reserved 1179648K
  class space    used 7977K, committed 8640K, reserved 1048576K
GC Heap History (20 events):
Event: 1583.210 GC heap after
{Heap after GC invocations=933 (full 5):
 PSYoungGen      total 14336K, used 64K [0x00000000eab00000, 0x00000000ebc00000, 0x0000000100000000)
  eden space 13824K, 0% used [0x00000000eab00000,0x00000000eab00000,0x00000000eb880000)
  from space 512K, 12% used [0x00000000ebb80000,0x00000000ebb90000,0x00000000ebc00000)
  to   space 512K, 0% used [0x00000000ebb00000,0x00000000ebb00000,0x00000000ebb80000)
 ParOldGen       total 311808K, used 311381K [0x00000000c0000000, 0x00000000d3080000, 0x00000000eab00000)
  object space 311808K, 99% used [0x00000000c0000000,0x00000000d3015438,0x00000000d3080000)
 Metaspace       used 80833K, committed 82304K, reserved 1179648K
  class space    used 7956K, committed 8640K, reserved 1048576K
}
Event: 1583.449 GC heap before
{Heap before GC invocations=934 (full 5):
 PSYoungGen      total 14336K, used 12546K [0x00000000eab00000, 0x00000000ebc00000, 0x0000000100000000)
  eden space 13824K, 90% used [0x00000000eab00000,0x00000000eb730b70,0x00000000eb880000)
  from space 512K, 12% used [0x00000000ebb80000,0x00000000ebb90000,0x00000000ebc00000)
  to   space 512K, 0% used [0x00000000ebb00000,0x00000000ebb00000,0x00000000ebb80000)
 ParOldGen       total 311808K, used 311381K [0x00000000c0000000, 0x00000000d3080000, 0x00000000eab00000)
  object space 311808K, 99% used [0x00000000c0000000,0x00000000d3015438,0x00000000d3080000)
 Metaspace       used 80835K, committed 82304K, reserved 1179648K
  class space    used 7956K, committed 8640K, reserved 1048576K
}
Event: 1583.458 GC heap after
{Heap after GC invocations=934 (full 5):
 PSYoungGen      total 14336K, used 288K [0x00000000eab00000, 0x00000000ebc00000, 0x0000000100000000)
  eden space 13824K, 0% used [0x00000000eab00000,0x00000000eab00000,0x00000000eb880000)
  from space 512K, 56% used [0x00000000ebb00000,0x00000000ebb48000,0x00000000ebb80000)
  to   space 512K, 0% used [0x00000000ebb80000,0x00000000ebb80000,0x00000000ebc00000)
 ParOldGen       total 311808K, used 311397K [0x00000000c0000000, 0x00000000d3080000, 0x00000000eab00000)
  object space 311808K, 99% used [0x00000000c0000000,0x00000000d3019438,0x00000000d3080000)
 Metaspace       used 80835K, committed 82304K, reserved 1179648K
  class space    used 7956K, committed 8640K, reserved 1048576K
}
Event: 1600.834 GC heap before
{Heap before GC invocations=935 (full 5):
 PSYoungGen      total 14336K, used 14112K [0x00000000eab00000, 0x00000000ebc00000, 0x0000000100000000)
  eden space 13824K, 100% used [0x00000000eab00000,0x00000000eb880000,0x00000000eb880000)
  from space 512K, 56% used [0x00000000ebb00000,0x00000000ebb48000,0x00000000ebb80000)
  to   space 512K, 0% used [0x00000000ebb80000,0x00000000ebb80000,0x00000000ebc00000)
 ParOldGen       total 311808K, used 311397K [0x00000000c0000000, 0x00000000d3080000, 0x00000000eab00000)
  object space 311808K, 99% used [0x00000000c0000000,0x00000000d3019438,0x00000000d3080000)
 Metaspace       used 80854K, committed 82304K, reserved 1179648K
  class space    used 7959K, committed 8640K, reserved 1048576K
}
Event: 1600.855 GC heap after
{Heap after GC invocations=935 (full 5):
 PSYoungGen      total 14336K, used 304K [0x00000000eab00000, 0x00000000ebc00000, 0x0000000100000000)
  eden space 13824K, 0% used [0x00000000eab00000,0x00000000eab00000,0x00000000eb880000)
  from space 512K, 59% used [0x00000000ebb80000,0x00000000ebbcc050,0x00000000ebc00000)
  to   space 512K, 0% used [0x00000000ebb00000,0x00000000ebb00000,0x00000000ebb80000)
 ParOldGen       total 311808K, used 311420K [0x00000000c0000000, 0x00000000d3080000, 0x00000000eab00000)
  object space 311808K, 99% used [0x00000000c0000000,0x00000000d301f200,0x00000000d3080000)
 Metaspace       used 80854K, committed 82304K, reserved 1179648K
  class space    used 7959K, committed 8640K, reserved 1048576K
}
Event: 1602.028 GC heap before
{Heap before GC invocations=936 (full 5):
 PSYoungGen      total 14336K, used 14111K [0x00000000eab00000, 0x00000000ebc00000, 0x0000000100000000)
  eden space 13824K, 99% used [0x00000000eab00000,0x00000000eb87bf10,0x00000000eb880000)
  from space 512K, 59% used [0x00000000ebb80000,0x00000000ebbcc050,0x00000000ebc00000)
  to   space 512K, 0% used [0x00000000ebb00000,0x00000000ebb00000,0x00000000ebb80000)
 ParOldGen       total 311808K, used 311420K [0x00000000c0000000, 0x00000000d3080000, 0x00000000eab00000)
  object space 311808K, 99% used [0x00000000c0000000,0x00000000d301f200,0x00000000d3080000)
 Metaspace       used 80857K, committed 82304K, reserved 1179648K
  class space    used 7959K, committed 8640K, reserved 1048576K
}
Event: 1602.217 GC heap after
{Heap after GC invocations=936 (full 5):
 PSYoungGen      total 14336K, used 482K [0x00000000eab00000, 0x00000000ecc80000, 0x0000000100000000)
  eden space 13824K, 0% used [0x00000000eab00000,0x00000000eab00000,0x00000000eb880000)
  from space 512K, 94% used [0x00000000ebb00000,0x00000000ebb78848,0x00000000ebb80000)
  to   space 10240K, 0% used [0x00000000ec280000,0x00000000ec280000,0x00000000ecc80000)
 ParOldGen       total 320000K, used 319711K [0x00000000c0000000, 0x00000000d3880000, 0x00000000eab00000)
  object space 320000K, 99% used [0x00000000c0000000,0x00000000d3837d40,0x00000000d3880000)
 Metaspace       used 80857K, committed 82304K, reserved 1179648K
  class space    used 7959K, committed 8640K, reserved 1048576K
}
Event: 1603.644 GC heap before
{Heap before GC invocations=937 (full 5):
 PSYoungGen      total 14336K, used 14306K [0x00000000eab00000, 0x00000000ecc80000, 0x0000000100000000)
  eden space 13824K, 100% used [0x00000000eab00000,0x00000000eb880000,0x00000000eb880000)
  from space 512K, 94% used [0x00000000ebb00000,0x00000000ebb78848,0x00000000ebb80000)
  to   space 10240K, 0% used [0x00000000ec280000,0x00000000ec280000,0x00000000ecc80000)
 ParOldGen       total 320000K, used 319711K [0x00000000c0000000, 0x00000000d3880000, 0x00000000eab00000)
  object space 320000K, 99% used [0x00000000c0000000,0x00000000d3837d40,0x00000000d3880000)
 Metaspace       used 80867K, committed 82304K, reserved 1179648K
  class space    used 7959K, committed 8640K, reserved 1048576K
}
Event: 1603.767 GC heap after
{Heap after GC invocations=937 (full 5):
 PSYoungGen      total 18432K, used 4164K [0x00000000eab00000, 0x00000000ec700000, 0x0000000100000000)
  eden space 13824K, 0% used [0x00000000eab00000,0x00000000eab00000,0x00000000eb880000)
  from space 4608K, 90% used [0x00000000ec280000,0x00000000ec691100,0x00000000ec700000)
  to   space 6144K, 0% used [0x00000000ebb00000,0x00000000ebb00000,0x00000000ec100000)
 ParOldGen       total 320000K, used 319759K [0x00000000c0000000, 0x00000000d3880000, 0x00000000eab00000)
  object space 320000K, 99% used [0x00000000c0000000,0x00000000d3843d40,0x00000000d3880000)
 Metaspace       used 80867K, committed 82304K, reserved 1179648K
  class space    used 7959K, committed 8640K, reserved 1048576K
}
Event: 1605.112 GC heap before
{Heap before GC invocations=938 (full 5):
 PSYoungGen      total 18432K, used 17988K [0x00000000eab00000, 0x00000000ec700000, 0x0000000100000000)
  eden space 13824K, 100% used [0x00000000eab00000,0x00000000eb880000,0x00000000eb880000)
  from space 4608K, 90% used [0x00000000ec280000,0x00000000ec691100,0x00000000ec700000)
  to   space 6144K, 0% used [0x00000000ebb00000,0x00000000ebb00000,0x00000000ec100000)
 ParOldGen       total 320000K, used 319759K [0x00000000c0000000, 0x00000000d3880000, 0x00000000eab00000)
  object space 320000K, 99% used [0x00000000c0000000,0x00000000d3843d40,0x00000000d3880000)
 Metaspace       used 80903K, committed 82368K, reserved 1179648K
  class space    used 7959K, committed 8640K, reserved 1048576K
}
Event: 1605.158 GC heap after
{Heap after GC invocations=938 (full 5):
 PSYoungGen      total 15360K, used 1168K [0x00000000eab00000, 0x00000000ec300000, 0x0000000100000000)
  eden space 13824K, 0% used [0x00000000eab00000,0x00000000eab00000,0x00000000eb880000)
  from space 1536K, 76% used [0x00000000ebb00000,0x00000000ebc24050,0x00000000ebc80000)
  to   space 2560K, 0% used [0x00000000ec080000,0x00000000ec080000,0x00000000ec300000)
 ParOldGen       total 324096K, used 323731K [0x00000000c0000000, 0x00000000d3c80000, 0x00000000eab00000)
  object space 324096K, 99% used [0x00000000c0000000,0x00000000d3c24e20,0x00000000d3c80000)
 Metaspace       used 80903K, committed 82368K, reserved 1179648K
  class space    used 7959K, committed 8640K, reserved 1048576K
}
Event: 1606.647 GC heap before
{Heap before GC invocations=939 (full 5):
 PSYoungGen      total 15360K, used 14992K [0x00000000eab00000, 0x00000000ec300000, 0x0000000100000000)
  eden space 13824K, 100% used [0x00000000eab00000,0x00000000eb880000,0x00000000eb880000)
  from space 1536K, 76% used [0x00000000ebb00000,0x00000000ebc24050,0x00000000ebc80000)
  to   space 2560K, 0% used [0x00000000ec080000,0x00000000ec080000,0x00000000ec300000)
 ParOldGen       total 324096K, used 323731K [0x00000000c0000000, 0x00000000d3c80000, 0x00000000eab00000)
  object space 324096K, 99% used [0x00000000c0000000,0x00000000d3c24e20,0x00000000d3c80000)
 Metaspace       used 80909K, committed 82432K, reserved 1179648K
  class space    used 7959K, committed 8640K, reserved 1048576K
}
Event: 1606.765 GC heap after
{Heap after GC invocations=939 (full 5):
 PSYoungGen      total 15360K, used 2553K [0x00000000eab00000, 0x00000000eca80000, 0x0000000100000000)
  eden space 12800K, 0% used [0x00000000eab00000,0x00000000eab00000,0x00000000eb780000)
  from space 2560K, 99% used [0x00000000ec080000,0x00000000ec2fe460,0x00000000ec300000)
  to   space 9216K, 0% used [0x00000000eb780000,0x00000000eb780000,0x00000000ec080000)
 ParOldGen       total 329216K, used 329168K [0x00000000c0000000, 0x00000000d4180000, 0x00000000eab00000)
  object space 329216K, 99% used [0x00000000c0000000,0x00000000d41743f8,0x00000000d4180000)
 Metaspace       used 80909K, committed 82432K, reserved 1179648K
  class space    used 7959K, committed 8640K, reserved 1048576K
}
Event: 1607.541 GC heap before
{Heap before GC invocations=940 (full 5):
 PSYoungGen      total 15360K, used 15219K [0x00000000eab00000, 0x00000000eca80000, 0x0000000100000000)
  eden space 12800K, 98% used [0x00000000eab00000,0x00000000eb75eab0,0x00000000eb780000)
  from space 2560K, 99% used [0x00000000ec080000,0x00000000ec2fe460,0x00000000ec300000)
  to   space 9216K, 0% used [0x00000000eb780000,0x00000000eb780000,0x00000000ec080000)
 ParOldGen       total 329216K, used 329168K [0x00000000c0000000, 0x00000000d4180000, 0x00000000eab00000)
  object space 329216K, 99% used [0x00000000c0000000,0x00000000d41743f8,0x00000000d4180000)
 Metaspace       used 80915K, committed 82432K, reserved 1179648K
  class space    used 7959K, committed 8640K, reserved 1048576K
}
Event: 1607.599 GC heap after
{Heap after GC invocations=940 (full 5):
 PSYoungGen      total 17920K, used 4784K [0x00000000eab00000, 0x00000000ec380000, 0x0000000100000000)
  eden space 12800K, 0% used [0x00000000eab00000,0x00000000eab00000,0x00000000eb780000)
  from space 5120K, 93% used [0x00000000eb780000,0x00000000ebc2c0c0,0x00000000ebc80000)
  to   space 6144K, 0% used [0x00000000ebd80000,0x00000000ebd80000,0x00000000ec380000)
 ParOldGen       total 330240K, used 330161K [0x00000000c0000000, 0x00000000d4280000, 0x00000000eab00000)
  object space 330240K, 99% used [0x00000000c0000000,0x00000000d426c428,0x00000000d4280000)
 Metaspace       used 80915K, committed 82432K, reserved 1179648K
  class space    used 7959K, committed 8640K, reserved 1048576K
}
Event: 1620.951 GC heap before
{Heap before GC invocations=941 (full 5):
 PSYoungGen      total 17920K, used 17584K [0x00000000eab00000, 0x00000000ec380000, 0x0000000100000000)
  eden space 12800K, 100% used [0x00000000eab00000,0x00000000eb780000,0x00000000eb780000)
  from space 5120K, 93% used [0x00000000eb780000,0x00000000ebc2c0c0,0x00000000ebc80000)
  to   space 6144K, 0% used [0x00000000ebd80000,0x00000000ebd80000,0x00000000ec380000)
 ParOldGen       total 330240K, used 330161K [0x00000000c0000000, 0x00000000d4280000, 0x00000000eab00000)
  object space 330240K, 99% used [0x00000000c0000000,0x00000000d426c428,0x00000000d4280000)
 Metaspace       used 81081K, committed 82624K, reserved 1179648K
  class space    used 7975K, committed 8640K, reserved 1048576K
}
Event: 1620.980 GC heap after
{Heap after GC invocations=941 (full 5):
 PSYoungGen      total 14848K, used 1751K [0x00000000eab00000, 0x00000000ebf80000, 0x0000000100000000)
  eden space 12800K, 0% used [0x00000000eab00000,0x00000000eab00000,0x00000000eb780000)
  from space 2048K, 85% used [0x00000000ebd80000,0x00000000ebf35e00,0x00000000ebf80000)
  to   space 3072K, 0% used [0x00000000eb980000,0x00000000eb980000,0x00000000ebc80000)
 ParOldGen       total 331264K, used 330889K [0x00000000c0000000, 0x00000000d4380000, 0x00000000eab00000)
  object space 331264K, 99% used [0x00000000c0000000,0x00000000d4322428,0x00000000d4380000)
 Metaspace       used 81081K, committed 82624K, reserved 1179648K
  class space    used 7975K, committed 8640K, reserved 1048576K
}
Event: 1739.496 GC heap before
{Heap before GC invocations=942 (full 5):
 PSYoungGen      total 14848K, used 14551K [0x00000000eab00000, 0x00000000ebf80000, 0x0000000100000000)
  eden space 12800K, 100% used [0x00000000eab00000,0x00000000eb780000,0x00000000eb780000)
  from space 2048K, 85% used [0x00000000ebd80000,0x00000000ebf35e00,0x00000000ebf80000)
  to   space 3072K, 0% used [0x00000000eb980000,0x00000000eb980000,0x00000000ebc80000)
 ParOldGen       total 331264K, used 330889K [0x00000000c0000000, 0x00000000d4380000, 0x00000000eab00000)
  object space 331264K, 99% used [0x00000000c0000000,0x00000000d4322428,0x00000000d4380000)
 Metaspace       used 81093K, committed 82624K, reserved 1179648K
  class space    used 7975K, committed 8640K, reserved 1048576K
}
Event: 1739.614 GC heap after
{Heap after GC invocations=942 (full 5):
 PSYoungGen      total 14848K, used 1807K [0x00000000eab00000, 0x00000000ebe00000, 0x0000000100000000)
  eden space 12800K, 0% used [0x00000000eab00000,0x00000000eab00000,0x00000000eb780000)
  from space 2048K, 88% used [0x00000000eb980000,0x00000000ebb43e90,0x00000000ebb80000)
  to   space 2048K, 0% used [0x00000000ebc00000,0x00000000ebc00000,0x00000000ebe00000)
 ParOldGen       total 331264K, used 330969K [0x00000000c0000000, 0x00000000d4380000, 0x00000000eab00000)
  object space 331264K, 99% used [0x00000000c0000000,0x00000000d4336428,0x00000000d4380000)
 Metaspace       used 81093K, committed 82624K, reserved 1179648K
  class space    used 7975K, committed 8640K, reserved 1048576K
}
Event: 6323.029 GC heap before
{Heap before GC invocations=943 (full 5):
 PSYoungGen      total 14848K, used 14607K [0x00000000eab00000, 0x00000000ebe00000, 0x0000000100000000)
  eden space 12800K, 100% used [0x00000000eab00000,0x00000000eb780000,0x00000000eb780000)
  from space 2048K, 88% used [0x00000000eb980000,0x00000000ebb43e90,0x00000000ebb80000)
  to   space 2048K, 0% used [0x00000000ebc00000,0x00000000ebc00000,0x00000000ebe00000)
 ParOldGen       total 331264K, used 330969K [0x00000000c0000000, 0x00000000d4380000, 0x00000000eab00000)
  object space 331264K, 99% used [0x00000000c0000000,0x00000000d4336428,0x00000000d4380000)
 Metaspace       used 81151K, committed 82624K, reserved 1179648K
  class space    used 7977K, committed 8640K, reserved 1048576K
}

