# JRE version: OpenJDK Runtime Environment Temurin-21.0.5+11 (21.0.5+11) (build 21.0.5+11-LTS)
# Java VM: OpenJDK 64-Bit Server VM Temurin-21.0.5+11 (21.0.5+11-LTS, mixed mode, sharing, tiered, compressed oops, compressed class ptrs, parallel gc, linux-amd64)
GC Precious Log:
 CardTable entry size: 512
 CPUs: 2 total, 2 available
 Memory: 2835M
 Large Page Support: Disabled
 NUMA Support: Disabled
 Compressed Oops: Enabled (32-bit)
 Alignments: Space 512K, Generation 512K, Heap 2M
 Heap Min Capacity: 100M
 Heap Initial Capacity: 100M
 Heap Max Capacity: 1G
 Pre-touch: Disabled
 Parallel Workers: 2
Heap:
 PSYoungGen      total 4608K, used 4191K [0x00000000eab00000, 0x00000000eb500000, 0x0000000100000000)
  eden space 4096K, 99% used [0x00000000eab00000,0x00000000eaeffea8,0x00000000eaf00000)
  from space 512K, 18% used [0x00000000eb400000,0x00000000eb418000,0x00000000eb480000)
  to   space 512K, 0% used [0x00000000eb480000,0x00000000eb480000,0x00000000eb500000)
 ParOldGen       total 211456K, used 211046K [0x00000000c0000000, 0x00000000cce80000, 0x00000000eab00000)
  object space 211456K, 99% used [0x00000000c0000000,0x00000000cce19b68,0x00000000cce80000)
 Metaspace       used 82997K, committed 84416K, reserved 1179648K
  class space    used 7967K, committed 8640K, reserved 1048576K
GC Heap History (20 events):
Event: 3867.753 GC heap after
{Heap after GC invocations=1304 (full 6):
 PSYoungGen      total 6144K, used 1006K [0x00000000eab00000, 0x00000000eb500000, 0x0000000100000000)
  eden space 5120K, 0% used [0x00000000eab00000,0x00000000eab00000,0x00000000eb000000)
  from space 1024K, 98% used [0x00000000eb400000,0x00000000eb4fb8c0,0x00000000eb500000)
  to   space 1536K, 0% used [0x00000000eb200000,0x00000000eb200000,0x00000000eb380000)
 ParOldGen       total 197632K, used 197537K [0x00000000c0000000, 0x00000000cc100000, 0x00000000eab00000)
  object space 197632K, 99% used [0x00000000c0000000,0x00000000cc0e8770,0x00000000cc100000)
 Metaspace       used 82770K, committed 84416K, reserved 1179648K
  class space    used 7931K, committed 8640K, reserved 1048576K
}
Event: 3867.889 GC heap before
{Heap before GC invocations=1305 (full 6):
 PSYoungGen      total 6144K, used 6126K [0x00000000eab00000, 0x00000000eb500000, 0x0000000100000000)
  eden space 5120K, 99% used [0x00000000eab00000,0x00000000eafffff0,0x00000000eb000000)
  from space 1024K, 98% used [0x00000000eb400000,0x00000000eb4fb8c0,0x00000000eb500000)
  to   space 1536K, 0% used [0x00000000eb200000,0x00000000eb200000,0x00000000eb380000)
 ParOldGen       total 197632K, used 197537K [0x00000000c0000000, 0x00000000cc100000, 0x00000000eab00000)
  object space 197632K, 99% used [0x00000000c0000000,0x00000000cc0e8770,0x00000000cc100000)
 Metaspace       used 82771K, committed 84416K, reserved 1179648K
  class space    used 7931K, committed 8640K, reserved 1048576K
}
Event: 3868.042 GC heap after
{Heap after GC invocations=1305 (full 6):
 PSYoungGen      total 7680K, used 1536K [0x00000000eab00000, 0x00000000ebd00000, 0x0000000100000000)
  eden space 6144K, 0% used [0x00000000eab00000,0x00000000eab00000,0x00000000eb100000)
  from space 1536K, 100% used [0x00000000eb200000,0x00000000eb380000,0x00000000eb380000)
  to   space 6144K, 0% used [0x00000000eb700000,0x00000000eb700000,0x00000000ebd00000)
 ParOldGen       total 201216K, used 201016K [0x00000000c0000000, 0x00000000cc480000, 0x00000000eab00000)
  object space 201216K, 99% used [0x00000000c0000000,0x00000000cc44e030,0x00000000cc480000)
 Metaspace       used 82771K, committed 84416K, reserved 1179648K
  class space    used 7931K, committed 8640K, reserved 1048576K
}
Event: 3868.201 GC heap before
{Heap before GC invocations=1306 (full 6):
 PSYoungGen      total 7680K, used 7680K [0x00000000eab00000, 0x00000000ebd00000, 0x0000000100000000)
  eden space 6144K, 100% used [0x00000000eab00000,0x00000000eb100000,0x00000000eb100000)
  from space 1536K, 100% used [0x00000000eb200000,0x00000000eb380000,0x00000000eb380000)
  to   space 6144K, 0% used [0x00000000eb700000,0x00000000eb700000,0x00000000ebd00000)
 ParOldGen       total 201216K, used 201016K [0x00000000c0000000, 0x00000000cc480000, 0x00000000eab00000)
  object space 201216K, 99% used [0x00000000c0000000,0x00000000cc44e030,0x00000000cc480000)
 Metaspace       used 82773K, committed 84416K, reserved 1179648K
  class space    used 7931K, committed 8640K, reserved 1048576K
}
Event: 3868.294 GC heap after
{Heap after GC invocations=1306 (full 6):
 PSYoungGen      total 10752K, used 2734K [0x00000000eab00000, 0x00000000eba00000, 0x0000000100000000)
  eden space 7680K, 0% used [0x00000000eab00000,0x00000000eab00000,0x00000000eb280000)
  from space 3072K, 89% used [0x00000000eb700000,0x00000000eb9abb88,0x00000000eba00000)
  to   space 3584K, 0% used [0x00000000eb300000,0x00000000eb300000,0x00000000eb680000)
 ParOldGen       total 202752K, used 202560K [0x00000000c0000000, 0x00000000cc600000, 0x00000000eab00000)
  object space 202752K, 99% used [0x00000000c0000000,0x00000000cc5d0030,0x00000000cc600000)
 Metaspace       used 82773K, committed 84416K, reserved 1179648K
  class space    used 7931K, committed 8640K, reserved 1048576K
}
Event: 3868.997 GC heap before
{Heap before GC invocations=1307 (full 6):
 PSYoungGen      total 10752K, used 10414K [0x00000000eab00000, 0x00000000eba00000, 0x0000000100000000)
  eden space 7680K, 100% used [0x00000000eab00000,0x00000000eb280000,0x00000000eb280000)
  from space 3072K, 89% used [0x00000000eb700000,0x00000000eb9abb88,0x00000000eba00000)
  to   space 3584K, 0% used [0x00000000eb300000,0x00000000eb300000,0x00000000eb680000)
 ParOldGen       total 202752K, used 202560K [0x00000000c0000000, 0x00000000cc600000, 0x00000000eab00000)
  object space 202752K, 99% used [0x00000000c0000000,0x00000000cc5d0030,0x00000000cc600000)
 Metaspace       used 82781K, committed 84416K, reserved 1179648K
  class space    used 7931K, committed 8640K, reserved 1048576K
}
Event: 3869.079 GC heap after
{Heap after GC invocations=1307 (full 6):
 PSYoungGen      total 11776K, used 2836K [0x00000000eab00000, 0x00000000eba00000, 0x0000000100000000)
  eden space 8192K, 0% used [0x00000000eab00000,0x00000000eab00000,0x00000000eb300000)
  from space 3584K, 79% used [0x00000000eb300000,0x00000000eb5c50c0,0x00000000eb680000)
  to   space 3072K, 0% used [0x00000000eb700000,0x00000000eb700000,0x00000000eba00000)
 ParOldGen       total 204288K, used 203928K [0x00000000c0000000, 0x00000000cc780000, 0x00000000eab00000)
  object space 204288K, 99% used [0x00000000c0000000,0x00000000cc726030,0x00000000cc780000)
 Metaspace       used 82781K, committed 84416K, reserved 1179648K
  class space    used 7931K, committed 8640K, reserved 1048576K
}
Event: 3871.041 GC heap before
{Heap before GC invocations=1308 (full 6):
 PSYoungGen      total 11776K, used 11028K [0x00000000eab00000, 0x00000000eba00000, 0x0000000100000000)
  eden space 8192K, 99% used [0x00000000eab00000,0x00000000eb2ffff0,0x00000000eb300000)
  from space 3584K, 79% used [0x00000000eb300000,0x00000000eb5c50c0,0x00000000eb680000)
  to   space 3072K, 0% used [0x00000000eb700000,0x00000000eb700000,0x00000000eba00000)
 ParOldGen       total 204288K, used 203928K [0x00000000c0000000, 0x00000000cc780000, 0x00000000eab00000)
  object space 204288K, 99% used [0x00000000c0000000,0x00000000cc726030,0x00000000cc780000)
 Metaspace       used 82781K, committed 84416K, reserved 1179648K
  class space    used 7931K, committed 8640K, reserved 1048576K
}
Event: 3871.119 GC heap after
{Heap after GC invocations=1308 (full 6):
 PSYoungGen      total 7168K, used 3072K [0x00000000eab00000, 0x00000000ec300000, 0x0000000100000000)
  eden space 4096K, 0% used [0x00000000eab00000,0x00000000eab00000,0x00000000eaf00000)
  from space 3072K, 100% used [0x00000000eb700000,0x00000000eba00000,0x00000000eba00000)
  to   space 8192K, 0% used [0x00000000eaf00000,0x00000000eaf00000,0x00000000eb700000)
 ParOldGen       total 208384K, used 207936K [0x00000000c0000000, 0x00000000ccb80000, 0x00000000eab00000)
  object space 208384K, 99% used [0x00000000c0000000,0x00000000ccb10110,0x00000000ccb80000)
 Metaspace       used 82781K, committed 84416K, reserved 1179648K
  class space    used 7931K, committed 8640K, reserved 1048576K
}
Event: 3871.547 GC heap before
{Heap before GC invocations=1309 (full 6):
 PSYoungGen      total 7168K, used 7164K [0x00000000eab00000, 0x00000000ec300000, 0x0000000100000000)
  eden space 4096K, 99% used [0x00000000eab00000,0x00000000eaeff140,0x00000000eaf00000)
  from space 3072K, 100% used [0x00000000eb700000,0x00000000eba00000,0x00000000eba00000)
  to   space 8192K, 0% used [0x00000000eaf00000,0x00000000eaf00000,0x00000000eb700000)
 ParOldGen       total 208384K, used 207936K [0x00000000c0000000, 0x00000000ccb80000, 0x00000000eab00000)
  object space 208384K, 99% used [0x00000000c0000000,0x00000000ccb10110,0x00000000ccb80000)
 Metaspace       used 82781K, committed 84416K, reserved 1179648K
  class space    used 7931K, committed 8640K, reserved 1048576K
}
Event: 3871.563 GC heap after
{Heap after GC invocations=1309 (full 6):
 PSYoungGen      total 4608K, used 64K [0x00000000eab00000, 0x00000000eb780000, 0x0000000100000000)
  eden space 4096K, 0% used [0x00000000eab00000,0x00000000eab00000,0x00000000eaf00000)
  from space 512K, 12% used [0x00000000eaf00000,0x00000000eaf10000,0x00000000eaf80000)
  to   space 3072K, 0% used [0x00000000eb480000,0x00000000eb480000,0x00000000eb780000)
 ParOldGen       total 211456K, used 210990K [0x00000000c0000000, 0x00000000cce80000, 0x00000000eab00000)
  object space 211456K, 99% used [0x00000000c0000000,0x00000000cce0bb68,0x00000000cce80000)
 Metaspace       used 82781K, committed 84416K, reserved 1179648K
  class space    used 7931K, committed 8640K, reserved 1048576K
}
Event: 3878.257 GC heap before
{Heap before GC invocations=1310 (full 6):
 PSYoungGen      total 4608K, used 4160K [0x00000000eab00000, 0x00000000eb780000, 0x0000000100000000)
  eden space 4096K, 100% used [0x00000000eab00000,0x00000000eaf00000,0x00000000eaf00000)
  from space 512K, 12% used [0x00000000eaf00000,0x00000000eaf10000,0x00000000eaf80000)
  to   space 3072K, 0% used [0x00000000eb480000,0x00000000eb480000,0x00000000eb780000)
 ParOldGen       total 211456K, used 210990K [0x00000000c0000000, 0x00000000cce80000, 0x00000000eab00000)
  object space 211456K, 99% used [0x00000000c0000000,0x00000000cce0bb68,0x00000000cce80000)
 Metaspace       used 82781K, committed 84416K, reserved 1179648K
  class space    used 7931K, committed 8640K, reserved 1048576K
}
Event: 3878.263 GC heap after
{Heap after GC invocations=1310 (full 6):
 PSYoungGen      total 5120K, used 608K [0x00000000eab00000, 0x00000000eb580000, 0x0000000100000000)
  eden space 4096K, 0% used [0x00000000eab00000,0x00000000eab00000,0x00000000eaf00000)
  from space 1024K, 59% used [0x00000000eb480000,0x00000000eb518020,0x00000000eb580000)
  to   space 1024K, 0% used [0x00000000eb380000,0x00000000eb380000,0x00000000eb480000)
 ParOldGen       total 211456K, used 211014K [0x00000000c0000000, 0x00000000cce80000, 0x00000000eab00000)
  object space 211456K, 99% used [0x00000000c0000000,0x00000000cce11b68,0x00000000cce80000)
 Metaspace       used 82781K, committed 84416K, reserved 1179648K
  class space    used 7931K, committed 8640K, reserved 1048576K
}
Event: 3888.604 GC heap before
{Heap before GC invocations=1311 (full 6):
 PSYoungGen      total 5120K, used 4704K [0x00000000eab00000, 0x00000000eb580000, 0x0000000100000000)
  eden space 4096K, 100% used [0x00000000eab00000,0x00000000eaf00000,0x00000000eaf00000)
  from space 1024K, 59% used [0x00000000eb480000,0x00000000eb518020,0x00000000eb580000)
  to   space 1024K, 0% used [0x00000000eb380000,0x00000000eb380000,0x00000000eb480000)
 ParOldGen       total 211456K, used 211014K [0x00000000c0000000, 0x00000000cce80000, 0x00000000eab00000)
  object space 211456K, 99% used [0x00000000c0000000,0x00000000cce11b68,0x00000000cce80000)
 Metaspace       used 82781K, committed 84416K, reserved 1179648K
  class space    used 7931K, committed 8640K, reserved 1048576K
}
Event: 3888.612 GC heap after
{Heap after GC invocations=1311 (full 6):
 PSYoungGen      total 5120K, used 64K [0x00000000eab00000, 0x00000000eb500000, 0x0000000100000000)
  eden space 4096K, 0% used [0x00000000eab00000,0x00000000eab00000,0x00000000eaf00000)
  from space 1024K, 6% used [0x00000000eb380000,0x00000000eb390000,0x00000000eb480000)
  to   space 512K, 0% used [0x00000000eb480000,0x00000000eb480000,0x00000000eb500000)
 ParOldGen       total 211456K, used 211030K [0x00000000c0000000, 0x00000000cce80000, 0x00000000eab00000)
  object space 211456K, 99% used [0x00000000c0000000,0x00000000cce15b68,0x00000000cce80000)
 Metaspace       used 82781K, committed 84416K, reserved 1179648K
  class space    used 7931K, committed 8640K, reserved 1048576K
}
Event: 3892.202 GC heap before
{Heap before GC invocations=1312 (full 6):
 PSYoungGen      total 5120K, used 4159K [0x00000000eab00000, 0x00000000eb500000, 0x0000000100000000)
  eden space 4096K, 99% used [0x00000000eab00000,0x00000000eaeffed8,0x00000000eaf00000)
  from space 1024K, 6% used [0x00000000eb380000,0x00000000eb390000,0x00000000eb480000)
  to   space 512K, 0% used [0x00000000eb480000,0x00000000eb480000,0x00000000eb500000)
 ParOldGen       total 211456K, used 211030K [0x00000000c0000000, 0x00000000cce80000, 0x00000000eab00000)
  object space 211456K, 99% used [0x00000000c0000000,0x00000000cce15b68,0x00000000cce80000)
 Metaspace       used 82781K, committed 84416K, reserved 1179648K
  class space    used 7931K, committed 8640K, reserved 1048576K
}
Event: 3892.236 GC heap after
{Heap after GC invocations=1312 (full 6):
 PSYoungGen      total 4608K, used 192K [0x00000000eab00000, 0x00000000eb500000, 0x0000000100000000)
  eden space 4096K, 0% used [0x00000000eab00000,0x00000000eab00000,0x00000000eaf00000)
  from space 512K, 37% used [0x00000000eb480000,0x00000000eb4b0020,0x00000000eb500000)
  to   space 512K, 0% used [0x00000000eb400000,0x00000000eb400000,0x00000000eb480000)
 ParOldGen       total 211456K, used 211046K [0x00000000c0000000, 0x00000000cce80000, 0x00000000eab00000)
  object space 211456K, 99% used [0x00000000c0000000,0x00000000cce19b68,0x00000000cce80000)
 Metaspace       used 82781K, committed 84416K, reserved 1179648K
  class space    used 7931K, committed 8640K, reserved 1048576K
}
Event: 3903.085 GC heap before
{Heap before GC invocations=1313 (full 6):
 PSYoungGen      total 4608K, used 4288K [0x00000000eab00000, 0x00000000eb500000, 0x0000000100000000)
  eden space 4096K, 100% used [0x00000000eab00000,0x00000000eaf00000,0x00000000eaf00000)
  from space 512K, 37% used [0x00000000eb480000,0x00000000eb4b0020,0x00000000eb500000)
  to   space 512K, 0% used [0x00000000eb400000,0x00000000eb400000,0x00000000eb480000)
 ParOldGen       total 211456K, used 211046K [0x00000000c0000000, 0x00000000cce80000, 0x00000000eab00000)
  object space 211456K, 99% used [0x00000000c0000000,0x00000000cce19b68,0x00000000cce80000)
 Metaspace       used 82781K, committed 84416K, reserved 1179648K
  class space    used 7931K, committed 8640K, reserved 1048576K
}
Event: 3903.093 GC heap after
{Heap after GC invocations=1313 (full 6):
 PSYoungGen      total 4608K, used 96K [0x00000000eab00000, 0x00000000eb500000, 0x0000000100000000)
  eden space 4096K, 0% used [0x00000000eab00000,0x00000000eab00000,0x00000000eaf00000)
  from space 512K, 18% used [0x00000000eb400000,0x00000000eb418000,0x00000000eb480000)
  to   space 512K, 0% used [0x00000000eb480000,0x00000000eb480000,0x00000000eb500000)
 ParOldGen       total 211456K, used 211046K [0x00000000c0000000, 0x00000000cce80000, 0x00000000eab00000)
  object space 211456K, 99% used [0x00000000c0000000,0x00000000cce19b68,0x00000000cce80000)
 Metaspace       used 82781K, committed 84416K, reserved 1179648K
  class space    used 7931K, committed 8640K, reserved 1048576K
}
Event: 4049.952 GC heap before
{Heap before GC invocations=1314 (full 6):
 PSYoungGen      total 4608K, used 4191K [0x00000000eab00000, 0x00000000eb500000, 0x0000000100000000)
  eden space 4096K, 99% used [0x00000000eab00000,0x00000000eaeffea8,0x00000000eaf00000)
  from space 512K, 18% used [0x00000000eb400000,0x00000000eb418000,0x00000000eb480000)
  to   space 512K, 0% used [0x00000000eb480000,0x00000000eb480000,0x00000000eb500000)
 ParOldGen       total 211456K, used 211046K [0x00000000c0000000, 0x00000000cce80000, 0x00000000eab00000)
  object space 211456K, 99% used [0x00000000c0000000,0x00000000cce19b68,0x00000000cce80000)
 Metaspace       used 82997K, committed 84416K, reserved 1179648K
  class space    used 7967K, committed 8640K, reserved 1048576K
}

