# JRE version: OpenJDK Runtime Environment Temurin-21.0.5+11 (21.0.5+11) (build 21.0.5+11-LTS)
# Java VM: OpenJDK 64-Bit Server VM Temurin-21.0.5+11 (21.0.5+11-LTS, mixed mode, sharing, tiered, compressed oops, compressed class ptrs, parallel gc, linux-amd64)
GC Precious Log:
 CardTable entry size: 512
 CPUs: 2 total, 2 available
 Memory: 2835M
 Large Page Support: Disabled
 NUMA Support: Disabled
 Compressed Oops: Enabled (32-bit)
 Alignments: Space 512K, Generation 512K, Heap 2M
 Heap Min Capacity: 100M
 Heap Initial Capacity: 100M
 Heap Max Capacity: 1G
 Pre-touch: Disabled
 Parallel Workers: 2
Heap:
 PSYoungGen      total 11776K, used 9047K [0x00000000eab00000, 0x00000000eb880000, 0x0000000100000000)
  eden space 8704K, 100% used [0x00000000eab00000,0x00000000eb380000,0x00000000eb380000)
  from space 3072K, 11% used [0x00000000eb400000,0x00000000eb455c58,0x00000000eb700000)
  to   space 1536K, 98% used [0x00000000eb700000,0x00000000eb87a440,0x00000000eb880000)
 ParOldGen       total 699392K, used 699384K [0x00000000c0000000, 0x00000000eab00000, 0x00000000eab00000)
  object space 699392K, 99% used [0x00000000c0000000,0x00000000eaafe100,0x00000000eab00000)
 Metaspace       used 80127K, committed 81792K, reserved 1179648K
  class space    used 8007K, committed 8768K, reserved 1048576K
GC Heap History (20 events):
Event: 1120.800 GC heap after
{Heap after GC invocations=718 (full 4):
 PSYoungGen      total 10752K, used 2640K [0x00000000eab00000, 0x00000000ebd00000, 0x0000000100000000)
  eden space 7680K, 0% used [0x00000000eab00000,0x00000000eab00000,0x00000000eb280000)
  from space 3072K, 85% used [0x00000000eb280000,0x00000000eb514048,0x00000000eb580000)
  to   space 4608K, 0% used [0x00000000eb880000,0x00000000eb880000,0x00000000ebd00000)
 ParOldGen       total 674304K, used 673919K [0x00000000c0000000, 0x00000000e9280000, 0x00000000eab00000)
  object space 674304K, 99% used [0x00000000c0000000,0x00000000e921fc28,0x00000000e9280000)
 Metaspace       used 79953K, committed 81664K, reserved 1179648K
  class space    used 8007K, committed 8768K, reserved 1048576K
}
Event: 1121.464 GC heap before
{Heap before GC invocations=719 (full 4):
 PSYoungGen      total 10752K, used 10320K [0x00000000eab00000, 0x00000000ebd00000, 0x0000000100000000)
  eden space 7680K, 100% used [0x00000000eab00000,0x00000000eb280000,0x00000000eb280000)
  from space 3072K, 85% used [0x00000000eb280000,0x00000000eb514048,0x00000000eb580000)
  to   space 4608K, 0% used [0x00000000eb880000,0x00000000eb880000,0x00000000ebd00000)
 ParOldGen       total 674304K, used 673919K [0x00000000c0000000, 0x00000000e9280000, 0x00000000eab00000)
  object space 674304K, 99% used [0x00000000c0000000,0x00000000e921fc28,0x00000000e9280000)
 Metaspace       used 79957K, committed 81664K, reserved 1179648K
  class space    used 8007K, committed 8768K, reserved 1048576K
}
Event: 1121.614 GC heap after
{Heap after GC invocations=719 (full 4):
 PSYoungGen      total 12800K, used 3268K [0x00000000eab00000, 0x00000000ebc00000, 0x0000000100000000)
  eden space 9216K, 0% used [0x00000000eab00000,0x00000000eab00000,0x00000000eb400000)
  from space 3584K, 91% used [0x00000000eb880000,0x00000000ebbb10c0,0x00000000ebc00000)
  to   space 3584K, 0% used [0x00000000eb500000,0x00000000eb500000,0x00000000eb880000)
 ParOldGen       total 676352K, used 676317K [0x00000000c0000000, 0x00000000e9480000, 0x00000000eab00000)
  object space 676352K, 99% used [0x00000000c0000000,0x00000000e9477568,0x00000000e9480000)
 Metaspace       used 79957K, committed 81664K, reserved 1179648K
  class space    used 8007K, committed 8768K, reserved 1048576K
}
Event: 1123.647 GC heap before
{Heap before GC invocations=720 (full 4):
 PSYoungGen      total 12800K, used 12484K [0x00000000eab00000, 0x00000000ebc00000, 0x0000000100000000)
  eden space 9216K, 100% used [0x00000000eab00000,0x00000000eb400000,0x00000000eb400000)
  from space 3584K, 91% used [0x00000000eb880000,0x00000000ebbb10c0,0x00000000ebc00000)
  to   space 3584K, 0% used [0x00000000eb500000,0x00000000eb500000,0x00000000eb880000)
 ParOldGen       total 676352K, used 676317K [0x00000000c0000000, 0x00000000e9480000, 0x00000000eab00000)
  object space 676352K, 99% used [0x00000000c0000000,0x00000000e9477568,0x00000000e9480000)
 Metaspace       used 79960K, committed 81664K, reserved 1179648K
  class space    used 8007K, committed 8768K, reserved 1048576K
}
Event: 1123.747 GC heap after
{Heap after GC invocations=720 (full 4):
 PSYoungGen      total 11776K, used 2528K [0x00000000eab00000, 0x00000000eba00000, 0x0000000100000000)
  eden space 9216K, 0% used [0x00000000eab00000,0x00000000eab00000,0x00000000eb400000)
  from space 2560K, 98% used [0x00000000eb500000,0x00000000eb778040,0x00000000eb780000)
  to   space 2560K, 0% used [0x00000000eb780000,0x00000000eb780000,0x00000000eba00000)
 ParOldGen       total 679936K, used 679477K [0x00000000c0000000, 0x00000000e9800000, 0x00000000eab00000)
  object space 679936K, 99% used [0x00000000c0000000,0x00000000e978d638,0x00000000e9800000)
 Metaspace       used 79960K, committed 81664K, reserved 1179648K
  class space    used 8007K, committed 8768K, reserved 1048576K
}
Event: 1124.227 GC heap before
{Heap before GC invocations=721 (full 4):
 PSYoungGen      total 11776K, used 11744K [0x00000000eab00000, 0x00000000eba00000, 0x0000000100000000)
  eden space 9216K, 100% used [0x00000000eab00000,0x00000000eb400000,0x00000000eb400000)
  from space 2560K, 98% used [0x00000000eb500000,0x00000000eb778040,0x00000000eb780000)
  to   space 2560K, 0% used [0x00000000eb780000,0x00000000eb780000,0x00000000eba00000)
 ParOldGen       total 679936K, used 679477K [0x00000000c0000000, 0x00000000e9800000, 0x00000000eab00000)
  object space 679936K, 99% used [0x00000000c0000000,0x00000000e978d638,0x00000000e9800000)
 Metaspace       used 79970K, committed 81664K, reserved 1179648K
  class space    used 8007K, committed 8768K, reserved 1048576K
}
Event: 1124.329 GC heap after
{Heap after GC invocations=721 (full 4):
 PSYoungGen      total 7168K, used 2553K [0x00000000eab00000, 0x00000000ec400000, 0x0000000100000000)
  eden space 4608K, 0% used [0x00000000eab00000,0x00000000eab00000,0x00000000eaf80000)
  from space 2560K, 99% used [0x00000000eb780000,0x00000000eb9fe460,0x00000000eba00000)
  to   space 8192K, 0% used [0x00000000eaf80000,0x00000000eaf80000,0x00000000eb780000)
 ParOldGen       total 684544K, used 684166K [0x00000000c0000000, 0x00000000e9c80000, 0x00000000eab00000)
  object space 684544K, 99% used [0x00000000c0000000,0x00000000e9c21bc0,0x00000000e9c80000)
 Metaspace       used 79970K, committed 81664K, reserved 1179648K
  class space    used 8007K, committed 8768K, reserved 1048576K
}
Event: 1124.503 GC heap before
{Heap before GC invocations=722 (full 4):
 PSYoungGen      total 7168K, used 7161K [0x00000000eab00000, 0x00000000ec400000, 0x0000000100000000)
  eden space 4608K, 100% used [0x00000000eab00000,0x00000000eaf80000,0x00000000eaf80000)
  from space 2560K, 99% used [0x00000000eb780000,0x00000000eb9fe460,0x00000000eba00000)
  to   space 8192K, 0% used [0x00000000eaf80000,0x00000000eaf80000,0x00000000eb780000)
 ParOldGen       total 684544K, used 684166K [0x00000000c0000000, 0x00000000e9c80000, 0x00000000eab00000)
  object space 684544K, 99% used [0x00000000c0000000,0x00000000e9c21bc0,0x00000000e9c80000)
 Metaspace       used 79970K, committed 81664K, reserved 1179648K
  class space    used 8007K, committed 8768K, reserved 1048576K
}
Event: 1124.626 GC heap after
{Heap after GC invocations=722 (full 4):
 PSYoungGen      total 7168K, used 2556K [0x00000000eab00000, 0x00000000eb980000, 0x0000000100000000)
  eden space 4608K, 0% used [0x00000000eab00000,0x00000000eab00000,0x00000000eaf80000)
  from space 2560K, 99% used [0x00000000eaf80000,0x00000000eb1ff000,0x00000000eb200000)
  to   space 4608K, 0% used [0x00000000eb500000,0x00000000eb500000,0x00000000eb980000)
 ParOldGen       total 687104K, used 686733K [0x00000000c0000000, 0x00000000e9f00000, 0x00000000eab00000)
  object space 687104K, 99% used [0x00000000c0000000,0x00000000e9ea3590,0x00000000e9f00000)
 Metaspace       used 79970K, committed 81664K, reserved 1179648K
  class space    used 8007K, committed 8768K, reserved 1048576K
}
Event: 1124.865 GC heap before
{Heap before GC invocations=723 (full 4):
 PSYoungGen      total 7168K, used 7164K [0x00000000eab00000, 0x00000000eb980000, 0x0000000100000000)
  eden space 4608K, 100% used [0x00000000eab00000,0x00000000eaf80000,0x00000000eaf80000)
  from space 2560K, 99% used [0x00000000eaf80000,0x00000000eb1ff000,0x00000000eb200000)
  to   space 4608K, 0% used [0x00000000eb500000,0x00000000eb500000,0x00000000eb980000)
 ParOldGen       total 687104K, used 686733K [0x00000000c0000000, 0x00000000e9f00000, 0x00000000eab00000)
  object space 687104K, 99% used [0x00000000c0000000,0x00000000e9ea3590,0x00000000e9f00000)
 Metaspace       used 80114K, committed 81792K, reserved 1179648K
  class space    used 8007K, committed 8768K, reserved 1048576K
}
Event: 1124.982 GC heap after
{Heap after GC invocations=723 (full 4):
 PSYoungGen      total 7680K, used 1696K [0x00000000eab00000, 0x00000000eb700000, 0x0000000100000000)
  eden space 5632K, 0% used [0x00000000eab00000,0x00000000eab00000,0x00000000eb080000)
  from space 2048K, 82% used [0x00000000eb500000,0x00000000eb6a8000,0x00000000eb700000)
  to   space 2560K, 0% used [0x00000000eb200000,0x00000000eb200000,0x00000000eb480000)
 ParOldGen       total 689152K, used 689009K [0x00000000c0000000, 0x00000000ea100000, 0x00000000eab00000)
  object space 689152K, 99% used [0x00000000c0000000,0x00000000ea0dc5a0,0x00000000ea100000)
 Metaspace       used 80114K, committed 81792K, reserved 1179648K
  class space    used 8007K, committed 8768K, reserved 1048576K
}
Event: 1125.611 GC heap before
{Heap before GC invocations=724 (full 4):
 PSYoungGen      total 7680K, used 7328K [0x00000000eab00000, 0x00000000eb700000, 0x0000000100000000)
  eden space 5632K, 100% used [0x00000000eab00000,0x00000000eb080000,0x00000000eb080000)
  from space 2048K, 82% used [0x00000000eb500000,0x00000000eb6a8000,0x00000000eb700000)
  to   space 2560K, 0% used [0x00000000eb200000,0x00000000eb200000,0x00000000eb480000)
 ParOldGen       total 689152K, used 689009K [0x00000000c0000000, 0x00000000ea100000, 0x00000000eab00000)
  object space 689152K, 99% used [0x00000000c0000000,0x00000000ea0dc5a0,0x00000000ea100000)
 Metaspace       used 80120K, committed 81792K, reserved 1179648K
  class space    used 8007K, committed 8768K, reserved 1048576K
}
Event: 1125.772 GC heap after
{Heap after GC invocations=724 (full 4):
 PSYoungGen      total 9728K, used 2546K [0x00000000eab00000, 0x00000000ebe00000, 0x0000000100000000)
  eden space 7168K, 0% used [0x00000000eab00000,0x00000000eab00000,0x00000000eb200000)
  from space 2560K, 99% used [0x00000000eb200000,0x00000000eb47c860,0x00000000eb480000)
  to   space 6144K, 0% used [0x00000000eb800000,0x00000000eb800000,0x00000000ebe00000)
 ParOldGen       total 691712K, used 691648K [0x00000000c0000000, 0x00000000ea380000, 0x00000000eab00000)
  object space 691712K, 99% used [0x00000000c0000000,0x00000000ea370080,0x00000000ea380000)
 Metaspace       used 80120K, committed 81792K, reserved 1179648K
  class space    used 8007K, committed 8768K, reserved 1048576K
}
Event: 1126.517 GC heap before
{Heap before GC invocations=725 (full 4):
 PSYoungGen      total 9728K, used 9714K [0x00000000eab00000, 0x00000000ebe00000, 0x0000000100000000)
  eden space 7168K, 100% used [0x00000000eab00000,0x00000000eb200000,0x00000000eb200000)
  from space 2560K, 99% used [0x00000000eb200000,0x00000000eb47c860,0x00000000eb480000)
  to   space 6144K, 0% used [0x00000000eb800000,0x00000000eb800000,0x00000000ebe00000)
 ParOldGen       total 691712K, used 691648K [0x00000000c0000000, 0x00000000ea380000, 0x00000000eab00000)
  object space 691712K, 99% used [0x00000000c0000000,0x00000000ea370080,0x00000000ea380000)
 Metaspace       used 80125K, committed 81792K, reserved 1179648K
  class space    used 8007K, committed 8768K, reserved 1048576K
}
Event: 1126.629 GC heap after
{Heap after GC invocations=725 (full 4):
 PSYoungGen      total 10752K, used 1680K [0x00000000eab00000, 0x00000000eba00000, 0x0000000100000000)
  eden space 8704K, 0% used [0x00000000eab00000,0x00000000eab00000,0x00000000eb380000)
  from space 2048K, 82% used [0x00000000eb800000,0x00000000eb9a4050,0x00000000eba00000)
  to   space 3072K, 0% used [0x00000000eb400000,0x00000000eb400000,0x00000000eb700000)
 ParOldGen       total 694272K, used 694202K [0x00000000c0000000, 0x00000000ea600000, 0x00000000eab00000)
  object space 694272K, 99% used [0x00000000c0000000,0x00000000ea5ee8e0,0x00000000ea600000)
 Metaspace       used 80125K, committed 81792K, reserved 1179648K
  class space    used 8007K, committed 8768K, reserved 1048576K
}
Event: 1129.142 GC heap before
{Heap before GC invocations=726 (full 4):
 PSYoungGen      total 10752K, used 10212K [0x00000000eab00000, 0x00000000eba00000, 0x0000000100000000)
  eden space 8704K, 98% used [0x00000000eab00000,0x00000000eb355368,0x00000000eb380000)
  from space 2048K, 82% used [0x00000000eb800000,0x00000000eb9a4050,0x00000000eba00000)
  to   space 3072K, 0% used [0x00000000eb400000,0x00000000eb400000,0x00000000eb700000)
 ParOldGen       total 694272K, used 694202K [0x00000000c0000000, 0x00000000ea600000, 0x00000000eab00000)
  object space 694272K, 99% used [0x00000000c0000000,0x00000000ea5ee8e0,0x00000000ea600000)
 Metaspace       used 80125K, committed 81792K, reserved 1179648K
  class space    used 8007K, committed 8768K, reserved 1048576K
}
Event: 1129.205 GC heap after
{Heap after GC invocations=726 (full 4):
 PSYoungGen      total 11776K, used 343K [0x00000000eab00000, 0x00000000eb880000, 0x0000000100000000)
  eden space 8704K, 0% used [0x00000000eab00000,0x00000000eab00000,0x00000000eb380000)
  from space 3072K, 11% used [0x00000000eb400000,0x00000000eb455c58,0x00000000eb700000)
  to   space 1536K, 0% used [0x00000000eb700000,0x00000000eb700000,0x00000000eb880000)
 ParOldGen       total 695808K, used 695748K [0x00000000c0000000, 0x00000000ea780000, 0x00000000eab00000)
  object space 695808K, 99% used [0x00000000c0000000,0x00000000ea771210,0x00000000ea780000)
 Metaspace       used 80125K, committed 81792K, reserved 1179648K
  class space    used 8007K, committed 8768K, reserved 1048576K
}
Event: 1129.567 GC heap before
{Heap before GC invocations=727 (full 4):
 PSYoungGen      total 11776K, used 9047K [0x00000000eab00000, 0x00000000eb880000, 0x0000000100000000)
  eden space 8704K, 100% used [0x00000000eab00000,0x00000000eb380000,0x00000000eb380000)
  from space 3072K, 11% used [0x00000000eb400000,0x00000000eb455c58,0x00000000eb700000)
  to   space 1536K, 0% used [0x00000000eb700000,0x00000000eb700000,0x00000000eb880000)
 ParOldGen       total 695808K, used 695748K [0x00000000c0000000, 0x00000000ea780000, 0x00000000eab00000)
  object space 695808K, 99% used [0x00000000c0000000,0x00000000ea771210,0x00000000ea780000)
 Metaspace       used 80127K, committed 81792K, reserved 1179648K
  class space    used 8007K, committed 8768K, reserved 1048576K
}
Event: 1129.724 GC heap after
{Heap after GC invocations=727 (full 4):
 PSYoungGen      total 11776K, used 9047K [0x00000000eab00000, 0x00000000eb880000, 0x0000000100000000)
  eden space 8704K, 100% used [0x00000000eab00000,0x00000000eb380000,0x00000000eb380000)
  from space 3072K, 11% used [0x00000000eb400000,0x00000000eb455c58,0x00000000eb700000)
  to   space 1536K, 98% used [0x00000000eb700000,0x00000000eb87a440,0x00000000eb880000)
 ParOldGen       total 699392K, used 699384K [0x00000000c0000000, 0x00000000eab00000, 0x00000000eab00000)
  object space 699392K, 99% used [0x00000000c0000000,0x00000000eaafe100,0x00000000eab00000)
 Metaspace       used 80127K, committed 81792K, reserved 1179648K
  class space    used 8007K, committed 8768K, reserved 1048576K
}
Event: 1129.724 GC heap before
{Heap before GC invocations=728 (full 5):
 PSYoungGen      total 11776K, used 9047K [0x00000000eab00000, 0x00000000eb880000, 0x0000000100000000)
  eden space 8704K, 100% used [0x00000000eab00000,0x00000000eb380000,0x00000000eb380000)
  from space 3072K, 11% used [0x00000000eb400000,0x00000000eb455c58,0x00000000eb700000)
  to   space 1536K, 98% used [0x00000000eb700000,0x00000000eb87a440,0x00000000eb880000)
 ParOldGen       total 699392K, used 699384K [0x00000000c0000000, 0x00000000eab00000, 0x00000000eab00000)
  object space 699392K, 99% used [0x00000000c0000000,0x00000000eaafe100,0x00000000eab00000)
 Metaspace       used 80127K, committed 81792K, reserved 1179648K
  class space    used 8007K, committed 8768K, reserved 1048576K
}

