# JRE version: OpenJDK Runtime Environment Temurin-21.0.5+11 (21.0.5+11) (build 21.0.5+11-LTS)
# Java VM: OpenJDK 64-Bit Server VM Temurin-21.0.5+11 (21.0.5+11-LTS, mixed mode, sharing, tiered, compressed oops, compressed class ptrs, parallel gc, linux-amd64)
GC Precious Log:
 CardTable entry size: 512
 CPUs: 2 total, 2 available
 Memory: 2835M
 Large Page Support: Disabled
 NUMA Support: Disabled
 Compressed Oops: Enabled (32-bit)
 Alignments: Space 512K, Generation 512K, Heap 2M
 Heap Min Capacity: 100M
 Heap Initial Capacity: 100M
 Heap Max Capacity: 1G
 Pre-touch: Disabled
 Parallel Workers: 2
Heap:
 PSYoungGen      total 3072K, used 1266K [0x00000000eab00000, 0x00000000eaf80000, 0x0000000100000000)
  eden space 2560K, 30% used [0x00000000eab00000,0x00000000eabc4ac0,0x00000000ead80000)
  from space 512K, 93% used [0x00000000eaf00000,0x00000000eaf78020,0x00000000eaf80000)
  to   space 1024K, 0% used [0x00000000ead80000,0x00000000ead80000,0x00000000eae80000)
 ParOldGen       total 470528K, used 470119K [0x00000000c0000000, 0x00000000dcb80000, 0x00000000eab00000)
  object space 470528K, 99% used [0x00000000c0000000,0x00000000dcb19eb0,0x00000000dcb80000)
 Metaspace       used 69771K, committed 71360K, reserved 1114112K
  class space    used 7197K, committed 7936K, reserved 1048576K
GC Heap History (20 events):
Event: 369.794 GC heap before
{Heap before GC invocations=400 (full 4):
 PSYoungGen      total 3584K, used 3167K [0x00000000eab00000, 0x00000000eaf80000, 0x0000000100000000)
  eden space 3072K, 99% used [0x00000000eab00000,0x00000000eadfffc8,0x00000000eae00000)
  from space 512K, 18% used [0x00000000eaf00000,0x00000000eaf18000,0x00000000eaf80000)
  to   space 512K, 0% used [0x00000000eae80000,0x00000000eae80000,0x00000000eaf00000)
 ParOldGen       total 466944K, used 466454K [0x00000000c0000000, 0x00000000dc800000, 0x00000000eab00000)
  object space 466944K, 99% used [0x00000000c0000000,0x00000000dc7859e8,0x00000000dc800000)
 Metaspace       used 68218K, committed 69760K, reserved 1114112K
  class space    used 6998K, committed 7744K, reserved 1048576K
}
Event: 369.811 GC heap after
{Heap after GC invocations=400 (full 4):
 PSYoungGen      total 3584K, used 473K [0x00000000eab00000, 0x00000000eb000000, 0x0000000100000000)
  eden space 3072K, 0% used [0x00000000eab00000,0x00000000eab00000,0x00000000eae00000)
  from space 512K, 92% used [0x00000000eae80000,0x00000000eaef66e0,0x00000000eaf00000)
  to   space 1024K, 0% used [0x00000000eaf00000,0x00000000eaf00000,0x00000000eb000000)
 ParOldGen       total 466944K, used 466494K [0x00000000c0000000, 0x00000000dc800000, 0x00000000eab00000)
  object space 466944K, 99% used [0x00000000c0000000,0x00000000dc78f9e8,0x00000000dc800000)
 Metaspace       used 68218K, committed 69760K, reserved 1114112K
  class space    used 6998K, committed 7744K, reserved 1048576K
}
Event: 370.164 GC heap before
{Heap before GC invocations=401 (full 4):
 PSYoungGen      total 3584K, used 3545K [0x00000000eab00000, 0x00000000eb000000, 0x0000000100000000)
  eden space 3072K, 99% used [0x00000000eab00000,0x00000000eadffff0,0x00000000eae00000)
  from space 512K, 92% used [0x00000000eae80000,0x00000000eaef66e0,0x00000000eaf00000)
  to   space 1024K, 0% used [0x00000000eaf00000,0x00000000eaf00000,0x00000000eb000000)
 ParOldGen       total 466944K, used 466494K [0x00000000c0000000, 0x00000000dc800000, 0x00000000eab00000)
  object space 466944K, 99% used [0x00000000c0000000,0x00000000dc78f9e8,0x00000000dc800000)
 Metaspace       used 68332K, committed 69888K, reserved 1114112K
  class space    used 7016K, committed 7744K, reserved 1048576K
}
Event: 370.215 GC heap after
{Heap after GC invocations=401 (full 4):
 PSYoungGen      total 4096K, used 752K [0x00000000eab00000, 0x00000000eb000000, 0x0000000100000000)
  eden space 3072K, 0% used [0x00000000eab00000,0x00000000eab00000,0x00000000eae00000)
  from space 1024K, 73% used [0x00000000eaf00000,0x00000000eafbc010,0x00000000eb000000)
  to   space 1024K, 0% used [0x00000000eae00000,0x00000000eae00000,0x00000000eaf00000)
 ParOldGen       total 466944K, used 466905K [0x00000000c0000000, 0x00000000dc800000, 0x00000000eab00000)
  object space 466944K, 99% used [0x00000000c0000000,0x00000000dc7f6598,0x00000000dc800000)
 Metaspace       used 68332K, committed 69888K, reserved 1114112K
  class space    used 7016K, committed 7744K, reserved 1048576K
}
Event: 370.870 GC heap before
{Heap before GC invocations=402 (full 4):
 PSYoungGen      total 4096K, used 3824K [0x00000000eab00000, 0x00000000eb000000, 0x0000000100000000)
  eden space 3072K, 100% used [0x00000000eab00000,0x00000000eae00000,0x00000000eae00000)
  from space 1024K, 73% used [0x00000000eaf00000,0x00000000eafbc010,0x00000000eb000000)
  to   space 1024K, 0% used [0x00000000eae00000,0x00000000eae00000,0x00000000eaf00000)
 ParOldGen       total 466944K, used 466905K [0x00000000c0000000, 0x00000000dc800000, 0x00000000eab00000)
  object space 466944K, 99% used [0x00000000c0000000,0x00000000dc7f6598,0x00000000dc800000)
 Metaspace       used 68426K, committed 69888K, reserved 1114112K
  class space    used 7032K, committed 7744K, reserved 1048576K
}
Event: 370.906 GC heap after
{Heap after GC invocations=402 (full 4):
 PSYoungGen      total 4096K, used 338K [0x00000000eab00000, 0x00000000eaf80000, 0x0000000100000000)
  eden space 3072K, 0% used [0x00000000eab00000,0x00000000eab00000,0x00000000eae00000)
  from space 1024K, 33% used [0x00000000eae00000,0x00000000eae548e0,0x00000000eaf00000)
  to   space 512K, 0% used [0x00000000eaf00000,0x00000000eaf00000,0x00000000eaf80000)
 ParOldGen       total 467456K, used 467121K [0x00000000c0000000, 0x00000000dc880000, 0x00000000eab00000)
  object space 467456K, 99% used [0x00000000c0000000,0x00000000dc82c598,0x00000000dc880000)
 Metaspace       used 68426K, committed 69888K, reserved 1114112K
  class space    used 7032K, committed 7744K, reserved 1048576K
}
Event: 371.213 GC heap before
{Heap before GC invocations=403 (full 4):
 PSYoungGen      total 4096K, used 3410K [0x00000000eab00000, 0x00000000eaf80000, 0x0000000100000000)
  eden space 3072K, 100% used [0x00000000eab00000,0x00000000eae00000,0x00000000eae00000)
  from space 1024K, 33% used [0x00000000eae00000,0x00000000eae548e0,0x00000000eaf00000)
  to   space 512K, 0% used [0x00000000eaf00000,0x00000000eaf00000,0x00000000eaf80000)
 ParOldGen       total 467456K, used 467121K [0x00000000c0000000, 0x00000000dc880000, 0x00000000eab00000)
  object space 467456K, 99% used [0x00000000c0000000,0x00000000dc82c598,0x00000000dc880000)
 Metaspace       used 68448K, committed 69952K, reserved 1114112K
  class space    used 7033K, committed 7744K, reserved 1048576K
}
Event: 371.243 GC heap after
{Heap after GC invocations=403 (full 4):
 PSYoungGen      total 3072K, used 490K [0x00000000eab00000, 0x00000000eb100000, 0x0000000100000000)
  eden space 2560K, 0% used [0x00000000eab00000,0x00000000eab00000,0x00000000ead80000)
  from space 512K, 95% used [0x00000000eaf00000,0x00000000eaf7a8e0,0x00000000eaf80000)
  to   space 1536K, 0% used [0x00000000ead80000,0x00000000ead80000,0x00000000eaf00000)
 ParOldGen       total 467968K, used 467950K [0x00000000c0000000, 0x00000000dc900000, 0x00000000eab00000)
  object space 467968K, 99% used [0x00000000c0000000,0x00000000dc8fb8f8,0x00000000dc900000)
 Metaspace       used 68448K, committed 69952K, reserved 1114112K
  class space    used 7033K, committed 7744K, reserved 1048576K
}
Event: 371.624 GC heap before
{Heap before GC invocations=404 (full 4):
 PSYoungGen      total 3072K, used 3050K [0x00000000eab00000, 0x00000000eb100000, 0x0000000100000000)
  eden space 2560K, 100% used [0x00000000eab00000,0x00000000ead80000,0x00000000ead80000)
  from space 512K, 95% used [0x00000000eaf00000,0x00000000eaf7a8e0,0x00000000eaf80000)
  to   space 1536K, 0% used [0x00000000ead80000,0x00000000ead80000,0x00000000eaf00000)
 ParOldGen       total 467968K, used 467950K [0x00000000c0000000, 0x00000000dc900000, 0x00000000eab00000)
  object space 467968K, 99% used [0x00000000c0000000,0x00000000dc8fb8f8,0x00000000dc900000)
 Metaspace       used 68604K, committed 70080K, reserved 1114112K
  class space    used 7043K, committed 7744K, reserved 1048576K
}
Event: 371.676 GC heap after
{Heap after GC invocations=404 (full 4):
 PSYoungGen      total 3072K, used 448K [0x00000000eab00000, 0x00000000eaf80000, 0x0000000100000000)
  eden space 2560K, 0% used [0x00000000eab00000,0x00000000eab00000,0x00000000ead80000)
  from space 512K, 87% used [0x00000000ead80000,0x00000000eadf0000,0x00000000eae00000)
  to   space 1024K, 0% used [0x00000000eae80000,0x00000000eae80000,0x00000000eaf80000)
 ParOldGen       total 468480K, used 468445K [0x00000000c0000000, 0x00000000dc980000, 0x00000000eab00000)
  object space 468480K, 99% used [0x00000000c0000000,0x00000000dc977528,0x00000000dc980000)
 Metaspace       used 68604K, committed 70080K, reserved 1114112K
  class space    used 7043K, committed 7744K, reserved 1048576K
}
Event: 372.621 GC heap before
{Heap before GC invocations=405 (full 4):
 PSYoungGen      total 3072K, used 3008K [0x00000000eab00000, 0x00000000eaf80000, 0x0000000100000000)
  eden space 2560K, 100% used [0x00000000eab00000,0x00000000ead80000,0x00000000ead80000)
  from space 512K, 87% used [0x00000000ead80000,0x00000000eadf0000,0x00000000eae00000)
  to   space 1024K, 0% used [0x00000000eae80000,0x00000000eae80000,0x00000000eaf80000)
 ParOldGen       total 468480K, used 468445K [0x00000000c0000000, 0x00000000dc980000, 0x00000000eab00000)
  object space 468480K, 99% used [0x00000000c0000000,0x00000000dc977528,0x00000000dc980000)
 Metaspace       used 68938K, committed 70464K, reserved 1114112K
  class space    used 7092K, committed 7808K, reserved 1048576K
}
Event: 372.645 GC heap after
{Heap after GC invocations=405 (full 4):
 PSYoungGen      total 3072K, used 416K [0x00000000eab00000, 0x00000000eaf00000, 0x0000000100000000)
  eden space 2560K, 0% used [0x00000000eab00000,0x00000000eab00000,0x00000000ead80000)
  from space 512K, 81% used [0x00000000eae80000,0x00000000eaee8020,0x00000000eaf00000)
  to   space 512K, 0% used [0x00000000ead80000,0x00000000ead80000,0x00000000eae00000)
 ParOldGen       total 468992K, used 468854K [0x00000000c0000000, 0x00000000dca00000, 0x00000000eab00000)
  object space 468992K, 99% used [0x00000000c0000000,0x00000000dc9ddb00,0x00000000dca00000)
 Metaspace       used 68938K, committed 70464K, reserved 1114112K
  class space    used 7092K, committed 7808K, reserved 1048576K
}
Event: 374.196 GC heap before
{Heap before GC invocations=406 (full 4):
 PSYoungGen      total 3072K, used 2976K [0x00000000eab00000, 0x00000000eaf00000, 0x0000000100000000)
  eden space 2560K, 100% used [0x00000000eab00000,0x00000000ead80000,0x00000000ead80000)
  from space 512K, 81% used [0x00000000eae80000,0x00000000eaee8020,0x00000000eaf00000)
  to   space 512K, 0% used [0x00000000ead80000,0x00000000ead80000,0x00000000eae00000)
 ParOldGen       total 468992K, used 468854K [0x00000000c0000000, 0x00000000dca00000, 0x00000000eab00000)
  object space 468992K, 99% used [0x00000000c0000000,0x00000000dc9ddb00,0x00000000dca00000)
 Metaspace       used 69343K, committed 70848K, reserved 1114112K
  class space    used 7163K, committed 7872K, reserved 1048576K
}
Event: 374.268 GC heap after
{Heap after GC invocations=406 (full 4):
 PSYoungGen      total 3072K, used 160K [0x00000000eab00000, 0x00000000eaf00000, 0x0000000100000000)
  eden space 2560K, 0% used [0x00000000eab00000,0x00000000eab00000,0x00000000ead80000)
  from space 512K, 31% used [0x00000000ead80000,0x00000000eada8000,0x00000000eae00000)
  to   space 512K, 0% used [0x00000000eae80000,0x00000000eae80000,0x00000000eaf00000)
 ParOldGen       total 469504K, used 469170K [0x00000000c0000000, 0x00000000dca80000, 0x00000000eab00000)
  object space 469504K, 99% used [0x00000000c0000000,0x00000000dca2cb30,0x00000000dca80000)
 Metaspace       used 69343K, committed 70848K, reserved 1114112K
  class space    used 7163K, committed 7872K, reserved 1048576K
}
Event: 374.613 GC heap before
{Heap before GC invocations=407 (full 4):
 PSYoungGen      total 3072K, used 2717K [0x00000000eab00000, 0x00000000eaf00000, 0x0000000100000000)
  eden space 2560K, 99% used [0x00000000eab00000,0x00000000ead7f4b8,0x00000000ead80000)
  from space 512K, 31% used [0x00000000ead80000,0x00000000eada8000,0x00000000eae00000)
  to   space 512K, 0% used [0x00000000eae80000,0x00000000eae80000,0x00000000eaf00000)
 ParOldGen       total 469504K, used 469170K [0x00000000c0000000, 0x00000000dca80000, 0x00000000eab00000)
  object space 469504K, 99% used [0x00000000c0000000,0x00000000dca2cb30,0x00000000dca80000)
 Metaspace       used 69453K, committed 70976K, reserved 1114112K
  class space    used 7168K, committed 7872K, reserved 1048576K
}
Event: 374.633 GC heap after
{Heap after GC invocations=407 (full 4):
 PSYoungGen      total 3072K, used 64K [0x00000000eab00000, 0x00000000eaf00000, 0x0000000100000000)
  eden space 2560K, 0% used [0x00000000eab00000,0x00000000eab00000,0x00000000ead80000)
  from space 512K, 12% used [0x00000000eae80000,0x00000000eae90000,0x00000000eaf00000)
  to   space 512K, 0% used [0x00000000ead80000,0x00000000ead80000,0x00000000eae00000)
 ParOldGen       total 469504K, used 469314K [0x00000000c0000000, 0x00000000dca80000, 0x00000000eab00000)
  object space 469504K, 99% used [0x00000000c0000000,0x00000000dca50b30,0x00000000dca80000)
 Metaspace       used 69453K, committed 70976K, reserved 1114112K
  class space    used 7168K, committed 7872K, reserved 1048576K
}
Event: 375.714 GC heap before
{Heap before GC invocations=408 (full 4):
 PSYoungGen      total 3072K, used 2623K [0x00000000eab00000, 0x00000000eaf00000, 0x0000000100000000)
  eden space 2560K, 99% used [0x00000000eab00000,0x00000000ead7ff98,0x00000000ead80000)
  from space 512K, 12% used [0x00000000eae80000,0x00000000eae90000,0x00000000eaf00000)
  to   space 512K, 0% used [0x00000000ead80000,0x00000000ead80000,0x00000000eae00000)
 ParOldGen       total 469504K, used 469314K [0x00000000c0000000, 0x00000000dca80000, 0x00000000eab00000)
  object space 469504K, 99% used [0x00000000c0000000,0x00000000dca50b30,0x00000000dca80000)
 Metaspace       used 69647K, committed 71168K, reserved 1114112K
  class space    used 7184K, committed 7936K, reserved 1048576K
}
Event: 375.835 GC heap after
{Heap after GC invocations=408 (full 4):
 PSYoungGen      total 3072K, used 512K [0x00000000eab00000, 0x00000000eb080000, 0x0000000100000000)
  eden space 2560K, 0% used [0x00000000eab00000,0x00000000eab00000,0x00000000ead80000)
  from space 512K, 100% used [0x00000000ead80000,0x00000000eae00000,0x00000000eae00000)
  to   space 1536K, 0% used [0x00000000eaf00000,0x00000000eaf00000,0x00000000eb080000)
 ParOldGen       total 470016K, used 469698K [0x00000000c0000000, 0x00000000dcb00000, 0x00000000eab00000)
  object space 470016K, 99% used [0x00000000c0000000,0x00000000dcab0b40,0x00000000dcb00000)
 Metaspace       used 69647K, committed 71168K, reserved 1114112K
  class space    used 7184K, committed 7936K, reserved 1048576K
}
Event: 376.318 GC heap before
{Heap before GC invocations=409 (full 4):
 PSYoungGen      total 3072K, used 3072K [0x00000000eab00000, 0x00000000eb080000, 0x0000000100000000)
  eden space 2560K, 100% used [0x00000000eab00000,0x00000000ead80000,0x00000000ead80000)
  from space 512K, 100% used [0x00000000ead80000,0x00000000eae00000,0x00000000eae00000)
  to   space 1536K, 0% used [0x00000000eaf00000,0x00000000eaf00000,0x00000000eb080000)
 ParOldGen       total 470016K, used 469698K [0x00000000c0000000, 0x00000000dcb00000, 0x00000000eab00000)
  object space 470016K, 99% used [0x00000000c0000000,0x00000000dcab0b40,0x00000000dcb00000)
 Metaspace       used 69710K, committed 71232K, reserved 1114112K
  class space    used 7189K, committed 7936K, reserved 1048576K
}
Event: 376.343 GC heap after
{Heap after GC invocations=409 (full 4):
 PSYoungGen      total 3072K, used 480K [0x00000000eab00000, 0x00000000eaf80000, 0x0000000100000000)
  eden space 2560K, 0% used [0x00000000eab00000,0x00000000eab00000,0x00000000ead80000)
  from space 512K, 93% used [0x00000000eaf00000,0x00000000eaf78020,0x00000000eaf80000)
  to   space 1024K, 0% used [0x00000000ead80000,0x00000000ead80000,0x00000000eae80000)
 ParOldGen       total 470528K, used 470119K [0x00000000c0000000, 0x00000000dcb80000, 0x00000000eab00000)
  object space 470528K, 99% used [0x00000000c0000000,0x00000000dcb19eb0,0x00000000dcb80000)
 Metaspace       used 69710K, committed 71232K, reserved 1114112K
  class space    used 7189K, committed 7936K, reserved 1048576K
}

