# JRE version: OpenJDK Runtime Environment Temurin-21.0.5+11 (21.0.5+11) (build 21.0.5+11-LTS)
# Java VM: OpenJDK 64-Bit Server VM Temurin-21.0.5+11 (21.0.5+11-LTS, mixed mode, sharing, tiered, compressed oops, compressed class ptrs, parallel gc, linux-amd64)
GC Precious Log:
 CardTable entry size: 512
 CPUs: 2 total, 2 available
 Memory: 2835M
 Large Page Support: Disabled
 NUMA Support: Disabled
 Compressed Oops: Enabled (32-bit)
 Alignments: Space 512K, Generation 512K, Heap 2M
 Heap Min Capacity: 100M
 Heap Initial Capacity: 100M
 Heap Max Capacity: 1G
 Pre-touch: Disabled
 Parallel Workers: 2
Heap:
 PSYoungGen      total 5632K, used 3944K [0x00000000eab00000, 0x00000000eb300000, 0x0000000100000000)
  eden space 4096K, 63% used [0x00000000eab00000,0x00000000ead8a4e8,0x00000000eaf00000)
  from space 1536K, 87% used [0x00000000eb180000,0x00000000eb2cfe58,0x00000000eb300000)
  to   space 1536K, 0% used [0x00000000eb000000,0x00000000eb000000,0x00000000eb180000)
 ParOldGen       total 635392K, used 635169K [0x00000000c0000000, 0x00000000e6c80000, 0x00000000eab00000)
  object space 635392K, 99% used [0x00000000c0000000,0x00000000e6c48720,0x00000000e6c80000)
 Metaspace       used 63875K, committed 65344K, reserved 1114112K
  class space    used 6620K, committed 7232K, reserved 1048576K
GC Heap History (20 events):
Event: 319.313 GC heap before
{Heap before GC invocations=680 (full 3):
 PSYoungGen      total 9216K, used 9184K [0x00000000eab00000, 0x00000000eb700000, 0x0000000100000000)
  eden space 8704K, 100% used [0x00000000eab00000,0x00000000eb380000,0x00000000eb380000)
  from space 512K, 93% used [0x00000000eb680000,0x00000000eb6f8000,0x00000000eb700000)
  to   space 1024K, 0% used [0x00000000eb500000,0x00000000eb500000,0x00000000eb600000)
 ParOldGen       total 616960K, used 616810K [0x00000000c0000000, 0x00000000e5a80000, 0x00000000eab00000)
  object space 616960K, 99% used [0x00000000c0000000,0x00000000e5a5aac8,0x00000000e5a80000)
 Metaspace       used 63787K, committed 65216K, reserved 1114112K
  class space    used 6614K, committed 7168K, reserved 1048576K
}
Event: 319.344 GC heap after
{Heap after GC invocations=680 (full 3):
 PSYoungGen      total 9728K, used 1024K [0x00000000eab00000, 0x00000000eb700000, 0x0000000100000000)
  eden space 8704K, 0% used [0x00000000eab00000,0x00000000eab00000,0x00000000eb380000)
  from space 1024K, 100% used [0x00000000eb500000,0x00000000eb600000,0x00000000eb600000)
  to   space 1024K, 0% used [0x00000000eb600000,0x00000000eb600000,0x00000000eb700000)
 ParOldGen       total 617472K, used 616995K [0x00000000c0000000, 0x00000000e5b00000, 0x00000000eab00000)
  object space 617472K, 99% used [0x00000000c0000000,0x00000000e5a88c20,0x00000000e5b00000)
 Metaspace       used 63787K, committed 65216K, reserved 1114112K
  class space    used 6614K, committed 7168K, reserved 1048576K
}
Event: 319.588 GC heap before
{Heap before GC invocations=681 (full 3):
 PSYoungGen      total 9728K, used 9728K [0x00000000eab00000, 0x00000000eb700000, 0x0000000100000000)
  eden space 8704K, 100% used [0x00000000eab00000,0x00000000eb380000,0x00000000eb380000)
  from space 1024K, 100% used [0x00000000eb500000,0x00000000eb600000,0x00000000eb600000)
  to   space 1024K, 0% used [0x00000000eb600000,0x00000000eb600000,0x00000000eb700000)
 ParOldGen       total 617472K, used 616995K [0x00000000c0000000, 0x00000000e5b00000, 0x00000000eab00000)
  object space 617472K, 99% used [0x00000000c0000000,0x00000000e5a88c20,0x00000000e5b00000)
 Metaspace       used 63788K, committed 65216K, reserved 1114112K
  class space    used 6614K, committed 7168K, reserved 1048576K
}
Event: 319.616 GC heap after
{Heap after GC invocations=681 (full 3):
 PSYoungGen      total 9728K, used 1008K [0x00000000eab00000, 0x00000000eb700000, 0x0000000100000000)
  eden space 8704K, 0% used [0x00000000eab00000,0x00000000eab00000,0x00000000eb380000)
  from space 1024K, 98% used [0x00000000eb600000,0x00000000eb6fc270,0x00000000eb700000)
  to   space 1536K, 0% used [0x00000000eb400000,0x00000000eb400000,0x00000000eb580000)
 ParOldGen       total 617472K, used 617219K [0x00000000c0000000, 0x00000000e5b00000, 0x00000000eab00000)
  object space 617472K, 99% used [0x00000000c0000000,0x00000000e5ac0c20,0x00000000e5b00000)
 Metaspace       used 63788K, committed 65216K, reserved 1114112K
  class space    used 6614K, committed 7168K, reserved 1048576K
}
Event: 319.976 GC heap before
{Heap before GC invocations=682 (full 3):
 PSYoungGen      total 9728K, used 9712K [0x00000000eab00000, 0x00000000eb700000, 0x0000000100000000)
  eden space 8704K, 100% used [0x00000000eab00000,0x00000000eb380000,0x00000000eb380000)
  from space 1024K, 98% used [0x00000000eb600000,0x00000000eb6fc270,0x00000000eb700000)
  to   space 1536K, 0% used [0x00000000eb400000,0x00000000eb400000,0x00000000eb580000)
 ParOldGen       total 617472K, used 617219K [0x00000000c0000000, 0x00000000e5b00000, 0x00000000eab00000)
  object space 617472K, 99% used [0x00000000c0000000,0x00000000e5ac0c20,0x00000000e5b00000)
 Metaspace       used 63796K, committed 65216K, reserved 1114112K
  class space    used 6614K, committed 7168K, reserved 1048576K
}
Event: 320.074 GC heap after
{Heap after GC invocations=682 (full 3):
 PSYoungGen      total 10240K, used 1511K [0x00000000eab00000, 0x00000000eba80000, 0x0000000100000000)
  eden space 8704K, 0% used [0x00000000eab00000,0x00000000eab00000,0x00000000eb380000)
  from space 1536K, 98% used [0x00000000eb400000,0x00000000eb579e58,0x00000000eb580000)
  to   space 3584K, 0% used [0x00000000eb700000,0x00000000eb700000,0x00000000eba80000)
 ParOldGen       total 619008K, used 618867K [0x00000000c0000000, 0x00000000e5c80000, 0x00000000eab00000)
  object space 619008K, 99% used [0x00000000c0000000,0x00000000e5c5cc20,0x00000000e5c80000)
 Metaspace       used 63796K, committed 65216K, reserved 1114112K
  class space    used 6614K, committed 7168K, reserved 1048576K
}
Event: 320.518 GC heap before
{Heap before GC invocations=683 (full 3):
 PSYoungGen      total 10240K, used 10215K [0x00000000eab00000, 0x00000000eba80000, 0x0000000100000000)
  eden space 8704K, 100% used [0x00000000eab00000,0x00000000eb380000,0x00000000eb380000)
  from space 1536K, 98% used [0x00000000eb400000,0x00000000eb579e58,0x00000000eb580000)
  to   space 3584K, 0% used [0x00000000eb700000,0x00000000eb700000,0x00000000eba80000)
 ParOldGen       total 619008K, used 618867K [0x00000000c0000000, 0x00000000e5c80000, 0x00000000eab00000)
  object space 619008K, 99% used [0x00000000c0000000,0x00000000e5c5cc20,0x00000000e5c80000)
 Metaspace       used 63799K, committed 65216K, reserved 1114112K
  class space    used 6614K, committed 7168K, reserved 1048576K
}
Event: 320.704 GC heap after
{Heap after GC invocations=683 (full 3):
 PSYoungGen      total 5120K, used 3562K [0x00000000eab00000, 0x00000000ec880000, 0x0000000100000000)
  eden space 1536K, 0% used [0x00000000eab00000,0x00000000eab00000,0x00000000eac80000)
  from space 3584K, 99% used [0x00000000eb700000,0x00000000eba7ab80,0x00000000eba80000)
  to   space 10752K, 0% used [0x00000000eac80000,0x00000000eac80000,0x00000000eb700000)
 ParOldGen       total 625152K, used 624834K [0x00000000c0000000, 0x00000000e6280000, 0x00000000eab00000)
  object space 625152K, 99% used [0x00000000c0000000,0x00000000e6230800,0x00000000e6280000)
 Metaspace       used 63799K, committed 65216K, reserved 1114112K
  class space    used 6614K, committed 7168K, reserved 1048576K
}
Event: 320.769 GC heap before
{Heap before GC invocations=684 (full 3):
 PSYoungGen      total 5120K, used 5098K [0x00000000eab00000, 0x00000000ec880000, 0x0000000100000000)
  eden space 1536K, 100% used [0x00000000eab00000,0x00000000eac80000,0x00000000eac80000)
  from space 3584K, 99% used [0x00000000eb700000,0x00000000eba7ab80,0x00000000eba80000)
  to   space 10752K, 0% used [0x00000000eac80000,0x00000000eac80000,0x00000000eb700000)
 ParOldGen       total 625152K, used 624834K [0x00000000c0000000, 0x00000000e6280000, 0x00000000eab00000)
  object space 625152K, 99% used [0x00000000c0000000,0x00000000e6230800,0x00000000e6280000)
 Metaspace       used 63813K, committed 65216K, reserved 1114112K
  class space    used 6614K, committed 7168K, reserved 1048576K
}
Event: 320.863 GC heap after
{Heap after GC invocations=684 (full 3):
 PSYoungGen      total 3072K, used 1526K [0x00000000eab00000, 0x00000000eb780000, 0x0000000100000000)
  eden space 1536K, 0% used [0x00000000eab00000,0x00000000eab00000,0x00000000eac80000)
  from space 1536K, 99% used [0x00000000eac80000,0x00000000eadfd920,0x00000000eae00000)
  to   space 4608K, 0% used [0x00000000eb300000,0x00000000eb300000,0x00000000eb780000)
 ParOldGen       total 628224K, used 628195K [0x00000000c0000000, 0x00000000e6580000, 0x00000000eab00000)
  object space 628224K, 99% used [0x00000000c0000000,0x00000000e6578f00,0x00000000e6580000)
 Metaspace       used 63813K, committed 65216K, reserved 1114112K
  class space    used 6614K, committed 7168K, reserved 1048576K
}
Event: 320.887 GC heap before
{Heap before GC invocations=685 (full 3):
 PSYoungGen      total 3072K, used 3062K [0x00000000eab00000, 0x00000000eb780000, 0x0000000100000000)
  eden space 1536K, 100% used [0x00000000eab00000,0x00000000eac80000,0x00000000eac80000)
  from space 1536K, 99% used [0x00000000eac80000,0x00000000eadfd920,0x00000000eae00000)
  to   space 4608K, 0% used [0x00000000eb300000,0x00000000eb300000,0x00000000eb780000)
 ParOldGen       total 628224K, used 628195K [0x00000000c0000000, 0x00000000e6580000, 0x00000000eab00000)
  object space 628224K, 99% used [0x00000000c0000000,0x00000000e6578f00,0x00000000e6580000)
 Metaspace       used 63813K, committed 65216K, reserved 1114112K
  class space    used 6614K, committed 7168K, reserved 1048576K
}
Event: 320.931 GC heap after
{Heap after GC invocations=685 (full 3):
 PSYoungGen      total 3584K, used 1517K [0x00000000eab00000, 0x00000000eb480000, 0x0000000100000000)
  eden space 2048K, 0% used [0x00000000eab00000,0x00000000eab00000,0x00000000ead00000)
  from space 1536K, 98% used [0x00000000eb300000,0x00000000eb47b7a8,0x00000000eb480000)
  to   space 2048K, 0% used [0x00000000eb080000,0x00000000eb080000,0x00000000eb280000)
 ParOldGen       total 628736K, used 628651K [0x00000000c0000000, 0x00000000e6600000, 0x00000000eab00000)
  object space 628736K, 99% used [0x00000000c0000000,0x00000000e65eaf00,0x00000000e6600000)
 Metaspace       used 63813K, committed 65216K, reserved 1114112K
  class space    used 6614K, committed 7168K, reserved 1048576K
}
Event: 320.994 GC heap before
{Heap before GC invocations=686 (full 3):
 PSYoungGen      total 3584K, used 3565K [0x00000000eab00000, 0x00000000eb480000, 0x0000000100000000)
  eden space 2048K, 100% used [0x00000000eab00000,0x00000000ead00000,0x00000000ead00000)
  from space 1536K, 98% used [0x00000000eb300000,0x00000000eb47b7a8,0x00000000eb480000)
  to   space 2048K, 0% used [0x00000000eb080000,0x00000000eb080000,0x00000000eb280000)
 ParOldGen       total 628736K, used 628651K [0x00000000c0000000, 0x00000000e6600000, 0x00000000eab00000)
  object space 628736K, 99% used [0x00000000c0000000,0x00000000e65eaf00,0x00000000e6600000)
 Metaspace       used 63814K, committed 65216K, reserved 1114112K
  class space    used 6614K, committed 7168K, reserved 1048576K
}
Event: 321.031 GC heap after
{Heap after GC invocations=686 (full 3):
 PSYoungGen      total 4608K, used 2048K [0x00000000eab00000, 0x00000000eb380000, 0x0000000100000000)
  eden space 2560K, 0% used [0x00000000eab00000,0x00000000eab00000,0x00000000ead80000)
  from space 2048K, 100% used [0x00000000eb080000,0x00000000eb280000,0x00000000eb280000)
  to   space 1024K, 0% used [0x00000000eb280000,0x00000000eb280000,0x00000000eb380000)
 ParOldGen       total 630272K, used 630177K [0x00000000c0000000, 0x00000000e6780000, 0x00000000eab00000)
  object space 630272K, 99% used [0x00000000c0000000,0x00000000e67686a8,0x00000000e6780000)
 Metaspace       used 63814K, committed 65216K, reserved 1114112K
  class space    used 6614K, committed 7168K, reserved 1048576K
}
Event: 321.117 GC heap before
{Heap before GC invocations=687 (full 3):
 PSYoungGen      total 4608K, used 4351K [0x00000000eab00000, 0x00000000eb380000, 0x0000000100000000)
  eden space 2560K, 89% used [0x00000000eab00000,0x00000000ead3ff18,0x00000000ead80000)
  from space 2048K, 100% used [0x00000000eb080000,0x00000000eb280000,0x00000000eb280000)
  to   space 1024K, 0% used [0x00000000eb280000,0x00000000eb280000,0x00000000eb380000)
 ParOldGen       total 630272K, used 630177K [0x00000000c0000000, 0x00000000e6780000, 0x00000000eab00000)
  object space 630272K, 99% used [0x00000000c0000000,0x00000000e67686a8,0x00000000e6780000)
 Metaspace       used 63818K, committed 65216K, reserved 1114112K
  class space    used 6614K, committed 7168K, reserved 1048576K
}
Event: 321.338 GC heap after
{Heap after GC invocations=687 (full 3):
 PSYoungGen      total 4096K, used 1020K [0x00000000eab00000, 0x00000000eb700000, 0x0000000100000000)
  eden space 3072K, 0% used [0x00000000eab00000,0x00000000eab00000,0x00000000eae00000)
  from space 1024K, 99% used [0x00000000eb280000,0x00000000eb37f328,0x00000000eb380000)
  to   space 4608K, 0% used [0x00000000eae00000,0x00000000eae00000,0x00000000eb280000)
 ParOldGen       total 633344K, used 633157K [0x00000000c0000000, 0x00000000e6a80000, 0x00000000eab00000)
  object space 633344K, 99% used [0x00000000c0000000,0x00000000e6a51778,0x00000000e6a80000)
 Metaspace       used 63818K, committed 65216K, reserved 1114112K
  class space    used 6614K, committed 7168K, reserved 1048576K
}
Event: 321.974 GC heap before
{Heap before GC invocations=688 (full 3):
 PSYoungGen      total 4096K, used 4092K [0x00000000eab00000, 0x00000000eb700000, 0x0000000100000000)
  eden space 3072K, 100% used [0x00000000eab00000,0x00000000eae00000,0x00000000eae00000)
  from space 1024K, 99% used [0x00000000eb280000,0x00000000eb37f328,0x00000000eb380000)
  to   space 4608K, 0% used [0x00000000eae00000,0x00000000eae00000,0x00000000eb280000)
 ParOldGen       total 633344K, used 633157K [0x00000000c0000000, 0x00000000e6a80000, 0x00000000eab00000)
  object space 633344K, 99% used [0x00000000c0000000,0x00000000e6a51778,0x00000000e6a80000)
 Metaspace       used 63826K, committed 65216K, reserved 1114112K
  class space    used 6614K, committed 7168K, reserved 1048576K
}
Event: 322.024 GC heap after
{Heap after GC invocations=688 (full 3):
 PSYoungGen      total 4608K, used 1305K [0x00000000eab00000, 0x00000000eb400000, 0x0000000100000000)
  eden space 3072K, 0% used [0x00000000eab00000,0x00000000eab00000,0x00000000eae00000)
  from space 1536K, 84% used [0x00000000eae00000,0x00000000eaf46440,0x00000000eaf80000)
  to   space 2560K, 0% used [0x00000000eb180000,0x00000000eb180000,0x00000000eb400000)
 ParOldGen       total 634368K, used 633888K [0x00000000c0000000, 0x00000000e6b80000, 0x00000000eab00000)
  object space 634368K, 99% used [0x00000000c0000000,0x00000000e6b082e0,0x00000000e6b80000)
 Metaspace       used 63826K, committed 65216K, reserved 1114112K
  class space    used 6614K, committed 7168K, reserved 1048576K
}
Event: 322.106 GC heap before
{Heap before GC invocations=689 (full 3):
 PSYoungGen      total 4608K, used 4377K [0x00000000eab00000, 0x00000000eb400000, 0x0000000100000000)
  eden space 3072K, 100% used [0x00000000eab00000,0x00000000eae00000,0x00000000eae00000)
  from space 1536K, 84% used [0x00000000eae00000,0x00000000eaf46440,0x00000000eaf80000)
  to   space 2560K, 0% used [0x00000000eb180000,0x00000000eb180000,0x00000000eb400000)
 ParOldGen       total 634368K, used 633888K [0x00000000c0000000, 0x00000000e6b80000, 0x00000000eab00000)
  object space 634368K, 99% used [0x00000000c0000000,0x00000000e6b082e0,0x00000000e6b80000)
 Metaspace       used 63826K, committed 65216K, reserved 1114112K
  class space    used 6614K, committed 7168K, reserved 1048576K
}
Event: 322.149 GC heap after
{Heap after GC invocations=689 (full 3):
 PSYoungGen      total 5632K, used 1343K [0x00000000eab00000, 0x00000000eb300000, 0x0000000100000000)
  eden space 4096K, 0% used [0x00000000eab00000,0x00000000eab00000,0x00000000eaf00000)
  from space 1536K, 87% used [0x00000000eb180000,0x00000000eb2cfe58,0x00000000eb300000)
  to   space 1536K, 0% used [0x00000000eb000000,0x00000000eb000000,0x00000000eb180000)
 ParOldGen       total 635392K, used 635169K [0x00000000c0000000, 0x00000000e6c80000, 0x00000000eab00000)
  object space 635392K, 99% used [0x00000000c0000000,0x00000000e6c48720,0x00000000e6c80000)
 Metaspace       used 63826K, committed 65216K, reserved 1114112K
  class space    used 6614K, committed 7168K, reserved 1048576K
}

